% mean class accuracy (train set)	
 4.9428e+01	
 5.1838e+01	
 5.3021e+01	
 5.6634e+01	
 6.0716e+01	
 6.2011e+01	
 6.2203e+01	
 6.2525e+01	
 6.1600e+01	
 6.2554e+01	
 6.2312e+01	
 6.2525e+01	
 6.2274e+01	
 6.2270e+01	
 6.2834e+01	
 6.2620e+01	
 6.2810e+01	
 6.2650e+01	
 6.2362e+01	
 6.2579e+01	
 6.2529e+01	
 6.3022e+01	
 6.2391e+01	
 6.2891e+01	
 6.3281e+01	
 6.2571e+01	
 6.2107e+01	
 6.2634e+01	
 6.2675e+01	
 6.2713e+01	
 6.2174e+01	
 6.2600e+01	
 6.1796e+01	
 6.2376e+01	
 6.2467e+01	
 6.1936e+01	
 6.2350e+01	
 6.2575e+01	
 6.2333e+01	
 6.2270e+01	
 6.1935e+01	
 6.2305e+01	
 6.2416e+01	
 6.2462e+01	
 6.2579e+01	
 6.2575e+01	
 6.2738e+01	
 6.3168e+01	
 6.2390e+01	
 6.4062e+01	
 6.2600e+01	
 6.2483e+01	
 6.2947e+01	
 6.2822e+01	
 6.3143e+01	
 6.2525e+01	
 6.2475e+01	
 6.2786e+01	
 6.2709e+01	
 6.3102e+01	
 6.2776e+01	
 6.3666e+01	
 6.2504e+01	
 6.2822e+01	
 6.3122e+01	
 6.2827e+01	
 6.2079e+01	
 6.3031e+01	
 6.3411e+01	
 6.3093e+01	
 6.3131e+01	
 6.3649e+01	
 6.3148e+01	
 6.3409e+01	
 6.4583e+01	
 6.3699e+01	
 6.3106e+01	
 6.3189e+01	
 6.3177e+01	
 6.3331e+01	
 6.4062e+01	
 6.3118e+01	
 6.3069e+01	
 6.3654e+01	
 6.3895e+01	
 6.3691e+01	
 6.3674e+01	
 6.3277e+01	
 6.3528e+01	
 6.3849e+01	
 6.4385e+01	
 6.3187e+01	
 6.4376e+01	
 6.4251e+01	
 6.4150e+01	
 6.4004e+01	
 6.3950e+01	
 6.4393e+01	
 6.4062e+01	
 6.0547e+01	
 6.3874e+01	
 6.3954e+01	
 6.4405e+01	
 6.4058e+01	
 6.4380e+01	
 6.4334e+01	
 6.4296e+01	
 6.4992e+01	
 6.3960e+01	
 6.4276e+01	
 6.4363e+01	
 6.4551e+01	
 6.5019e+01	
 6.4610e+01	
 6.5199e+01	
 6.4609e+01	
 6.4459e+01	
 6.4739e+01	
 6.4451e+01	
 6.4940e+01	
 6.4576e+01	
 6.4718e+01	
 6.4710e+01	
 6.4410e+01	
 5.9531e+01	
 6.4723e+01	
 6.4806e+01	
 6.4380e+01	
 6.4777e+01	
 6.4994e+01	
 6.4894e+01	
 6.4146e+01	
 6.4597e+01	
 6.4874e+01	
 6.4748e+01	
 6.5282e+01	
 6.4764e+01	
 6.4881e+01	
 6.4957e+01	
 6.5324e+01	
 6.5421e+01	
 6.5108e+01	
 6.5103e+01	
 6.4994e+01	
 6.5036e+01	
 6.4639e+01	
 6.5441e+01	
 6.5362e+01	
 6.5142e+01	
 6.6406e+01	
 6.5399e+01	
 6.5525e+01	
 6.5253e+01	
 6.4693e+01	
 6.5675e+01	
 6.5153e+01	
 6.5454e+01	
 6.4760e+01	
 6.4826e+01	
 6.5115e+01	
 6.5650e+01	
 6.6105e+01	
 6.5587e+01	
 6.5274e+01	
 6.5157e+01	
 6.5605e+01	
 6.5693e+01	
 6.5688e+01	
 6.5500e+01	
 6.5763e+01	
 6.5813e+01	
 6.5370e+01	
 6.5454e+01	
 6.5625e+01	
 6.7969e+01	
 6.5383e+01	
 6.5934e+01	
 6.6185e+01	
 6.6014e+01	
 6.6014e+01	
 6.5692e+01	
 6.5466e+01	
 6.5781e+01	
 6.5708e+01	
 6.6039e+01	
 6.5738e+01	
 6.5993e+01	
 6.5926e+01	
 6.5504e+01	
 6.5508e+01	
 6.6653e+01	
 6.6462e+01	
 6.6243e+01	
 6.5600e+01	
 6.6841e+01	
 6.5934e+01	
 6.5450e+01	
 6.5813e+01	
 6.6576e+01	
 6.7773e+01	
 6.6227e+01	
 6.6197e+01	
 6.6331e+01	
 6.6536e+01	
 6.6143e+01	
 6.6235e+01	
 6.6097e+01	
 6.5958e+01	
 6.6465e+01	
 6.6465e+01	
 6.5683e+01	
 6.6532e+01	
 6.6264e+01	
 6.6544e+01	
 6.6619e+01	
 6.6016e+01	
 6.6142e+01	
 6.6481e+01	
 6.6285e+01	
 6.6757e+01	
 6.5550e+01	
 6.6511e+01	
 6.6649e+01	
 6.6959e+01	
 6.5625e+01	
 6.6139e+01	
 6.6674e+01	
 6.7221e+01	
 6.6206e+01	
 6.6314e+01	
 6.6185e+01	
 6.6348e+01	
 6.6966e+01	
 6.6645e+01	
 6.6903e+01	
 6.5943e+01	
 6.6369e+01	
 6.6649e+01	
 6.6557e+01	
 6.6678e+01	
 6.7038e+01	
 6.6385e+01	
 6.6828e+01	
 6.7054e+01	
 6.7008e+01	
 6.6782e+01	
 6.6415e+01	
 6.6991e+01	
 6.6600e+01	
 6.5078e+01	
 6.6928e+01	
 6.7016e+01	
 6.7572e+01	
 6.6644e+01	
 6.7037e+01	
 6.7062e+01	
 6.7484e+01	
 6.6767e+01	
 6.7575e+01	
 6.6887e+01	
 6.6874e+01	
 6.7179e+01	
 6.7973e+01	
 6.6979e+01	
 6.7238e+01	
 6.7393e+01	
 6.6931e+01	
 6.6832e+01	
 6.7075e+01	
 6.7530e+01	
 6.7384e+01	
 6.7718e+01	
 6.6920e+01	
 6.7600e+01	
 6.8395e+01	
 6.7129e+01	
 6.7254e+01	
 6.7146e+01	
 6.7242e+01	
 6.6912e+01	
 6.7710e+01	
 6.7188e+01	
 6.8290e+01	
 6.7538e+01	
 6.7605e+01	
 6.7384e+01	
 6.7664e+01	
 6.6966e+01	
 6.7459e+01	
 6.7409e+01	
 6.6842e+01	
 6.7525e+01	
 6.8019e+01	
 6.7242e+01	
 6.7651e+01	
 6.7559e+01	
 6.7484e+01	
 6.7196e+01	
 6.7464e+01	
 6.8620e+01	
 6.7417e+01	
 6.7797e+01	
 6.8278e+01	
 6.7647e+01	
 6.7726e+01	
 6.7718e+01	
 6.7543e+01	
 6.7484e+01	
 6.7655e+01	
 6.7530e+01	
 6.7639e+01	
 6.7810e+01	
 6.7442e+01	
 6.7764e+01	
 6.7371e+01	
 6.7432e+01	
 6.8073e+01	
 6.7609e+01	
 6.7459e+01	
 6.7564e+01	
 6.8011e+01	
 6.7722e+01	
 6.7359e+01	
 6.7470e+01	
 6.8930e+01	
 6.8282e+01	
 6.7889e+01	
 6.8290e+01	
 6.7985e+01	
 6.7735e+01	
 6.8023e+01	
 6.8186e+01	
 6.7427e+01	
 6.8184e+01	
 6.8290e+01	
 6.7814e+01	
 6.8412e+01	
 6.7823e+01	
 6.8219e+01	
 6.7889e+01	
 6.7610e+01	
 6.8657e+01	
 6.8474e+01	
 6.8115e+01	
 6.8458e+01	
 6.8370e+01	
 6.8232e+01	
 6.7898e+01	
 6.8267e+01	
 6.8973e+01	
 6.7977e+01	
 6.8307e+01	
 6.8925e+01	
 6.7764e+01	
 6.8044e+01	
 6.8495e+01	
 6.7969e+01	
 6.8652e+01	
 6.8182e+01	
 6.8173e+01	
 6.8311e+01	
 6.8178e+01	
 6.8654e+01	
 6.8407e+01	
 6.8545e+01	
 6.8906e+01	
 6.7796e+01	
 6.8316e+01	
 6.8073e+01	
 6.8637e+01	
 6.8061e+01	
 6.8700e+01	
 6.8570e+01	
 6.7633e+01	
 6.9323e+01	
 6.8332e+01	
 6.8282e+01	
 6.8483e+01	
 6.7885e+01	
 6.8111e+01	
 6.8721e+01	
 6.7931e+01	
 6.8567e+01	
 6.8767e+01	
 6.8504e+01	
 6.7981e+01	
 6.8804e+01	
 6.8696e+01	
 6.8696e+01	
 6.8980e+01	
 6.8399e+01	
 6.9281e+01	
 6.8370e+01	
 6.8240e+01	
 6.9159e+01	
 6.8767e+01	
 6.8211e+01	
 6.8311e+01	
 6.9550e+01	
 6.7578e+01	
 6.9084e+01	
 6.8988e+01	
 6.8027e+01	
 6.8650e+01	
 6.8604e+01	
 6.8265e+01	
 6.8612e+01	
 6.8920e+01	
 6.8689e+01	
 6.8854e+01	
 6.8955e+01	
 6.9118e+01	
 6.8825e+01	
 6.8662e+01	
 6.8474e+01	
 6.8728e+01	
 6.8879e+01	
 6.8148e+01	
 6.8905e+01	
 6.8763e+01	
 6.8721e+01	
 6.8357e+01	
 6.9034e+01	
 6.8608e+01	
 6.8888e+01	
 6.9151e+01	
 6.8875e+01	
 6.9519e+01	
 6.9034e+01	
 6.8591e+01	
 6.8666e+01	
 6.8445e+01	
 6.8785e+01	
 6.8954e+01	
 6.9109e+01	
 6.8946e+01	
 6.8800e+01	
 6.9084e+01	
 6.8750e+01	
 6.9126e+01	
 6.8692e+01	
 6.8691e+01	
 6.9598e+01	
 6.8867e+01	
 6.9214e+01	
 6.8654e+01	
 6.8909e+01	
 6.9193e+01	
 6.9554e+01	
 7.0182e+01	
 6.9051e+01	
 6.8846e+01	
 6.8967e+01	
 6.9197e+01	
 6.9105e+01	
 6.8892e+01	
 6.9510e+01	
 6.8288e+01	
 6.9564e+01	
 6.8788e+01	
 6.9540e+01	
 6.8980e+01	
 6.9335e+01	
 6.8671e+01	
 6.9648e+01	
 6.8956e+01	
 6.9435e+01	
 6.9368e+01	
 6.8199e+01	
 6.9556e+01	
 6.8955e+01	
 6.8967e+01	
 6.9531e+01	
 6.8913e+01	
 6.9243e+01	
 6.9485e+01	
 6.9038e+01	
 6.9352e+01	
 6.9126e+01	
 6.8721e+01	
 6.8804e+01	
 6.9017e+01	
 6.7751e+01	
 6.8783e+01	
 6.9352e+01	
 6.9034e+01	
 6.9431e+01	
 6.8913e+01	
 6.8892e+01	
 6.9184e+01	
 6.9301e+01	
 6.9293e+01	
 6.9247e+01	
 6.8696e+01	
 6.9356e+01	
 6.8566e+01	
 6.9084e+01	
 6.9222e+01	
 6.9587e+01	
 7.0273e+01	
 6.9540e+01	
 6.9051e+01	
 6.9786e+01	
 6.9072e+01	
 6.9205e+01	
 6.9059e+01	
 6.9494e+01	
 6.9401e+01	
 6.8922e+01	
 6.9431e+01	
 6.9577e+01	
 6.9936e+01	
 6.9414e+01	
 6.8900e+01	
 6.9494e+01	
 6.9689e+01	
 6.8863e+01	
 6.9297e+01	
 6.8838e+01	
 6.9427e+01	
 6.9222e+01	
 6.9932e+01	
 6.9820e+01	
 6.9094e+01	
 6.9680e+01	
 6.9301e+01	
 6.9469e+01	
 6.9632e+01	
 6.9469e+01	
 6.8892e+01	
 6.9991e+01	
 6.9498e+01	
 6.8883e+01	
 6.9761e+01	
 6.9343e+01	
 6.9235e+01	
 6.9740e+01	
 6.9581e+01	
 6.9477e+01	
 6.9398e+01	
 6.9964e+01	
 6.8880e+01	
 6.9895e+01	
 6.8725e+01	
 6.9581e+01	
 6.9694e+01	
 6.9928e+01	
 6.9414e+01	
 6.9702e+01	
 7.1165e+01	
 6.9247e+01	
 6.8733e+01	
 6.9707e+01	
 6.9239e+01	
 6.9184e+01	
 6.9531e+01	
 6.9193e+01	
 6.9824e+01	
 6.9754e+01	
 6.9703e+01	
 6.9113e+01	
 6.9878e+01	
 6.9385e+01	
 6.9431e+01	
 6.9615e+01	
 6.9891e+01	
 6.9972e+01	
 6.9978e+01	
 6.9360e+01	
 7.0613e+01	
 6.9677e+01	
 6.9460e+01	
 6.9794e+01	
 7.0189e+01	
 6.9158e+01	
 6.9352e+01	
 6.9594e+01	
 6.9991e+01	
 6.9627e+01	
 6.9205e+01	
 7.0108e+01	
 6.9406e+01	
 6.9712e+01	
 7.0202e+01	
 6.9778e+01	
 6.9586e+01	
 6.9769e+01	
 7.0196e+01	
 6.9218e+01	
 6.9527e+01	
 7.0220e+01	
 6.9649e+01	
 6.9966e+01	
 6.9728e+01	
 6.9439e+01	
 6.9184e+01	
 6.9544e+01	
 6.9924e+01	
 6.9584e+01	
 7.0150e+01	
 7.0312e+01	
 6.9527e+01	
 7.0396e+01	
 6.9928e+01	
 6.9113e+01	
 6.9957e+01	
 6.9548e+01	
 6.9716e+01	
 7.0066e+01	
 6.9682e+01	
 6.9928e+01	
 7.0312e+01	
 7.0124e+01	
 6.9464e+01	
 6.9899e+01	
 6.9578e+01	
 6.9747e+01	
 6.9978e+01	
 6.9594e+01	
 7.0321e+01	
 7.0079e+01	
 6.9703e+01	
 6.9903e+01	
 6.9845e+01	
 7.0500e+01	
 6.9874e+01	
 6.9652e+01	
 7.0116e+01	
 6.9602e+01	
 7.0279e+01	
 6.9857e+01	
 6.9510e+01	
 6.8919e+01	
 7.0224e+01	
 6.9995e+01	
 7.0200e+01	
 7.0166e+01	
 6.9857e+01	
 7.0329e+01	
 7.0108e+01	
 6.9807e+01	
 6.8981e+01	
 6.9907e+01	
 7.0058e+01	
 7.0396e+01	
 7.0312e+01	
 6.9677e+01	
 6.9556e+01	
 6.9832e+01	
 7.0252e+01	
 7.0283e+01	
 6.9782e+01	
 7.0016e+01	
 7.0262e+01	
 6.9995e+01	
 6.9794e+01	
 7.0070e+01	
 7.0161e+01	
 7.0245e+01	
 6.9632e+01	
 6.9748e+01	
 6.9828e+01	
 7.0225e+01	
 6.9719e+01	
 7.0187e+01	
 7.0201e+01	
 6.9935e+01	
 7.0016e+01	
 6.9711e+01	
 7.0438e+01	
 6.9527e+01	
 7.0024e+01	
 7.0417e+01	
 6.9937e+01	
 7.1354e+01	
 7.0254e+01	
 7.0455e+01	
 7.0831e+01	
 7.0053e+01	
 6.9849e+01	
 7.0480e+01	
 7.0175e+01	
 7.0000e+01	
 7.0498e+01	
 6.9769e+01	
 7.0576e+01	
 7.0271e+01	
 6.9978e+01	
 6.9723e+01	
 6.9870e+01	
 7.0127e+01	
 6.9957e+01	
 7.0588e+01	
 7.0446e+01	
 7.0283e+01	
 7.0225e+01	
 6.9911e+01	
 7.0237e+01	
 7.0381e+01	
 7.1652e+01	
 7.0338e+01	
 7.0342e+01	
 7.0780e+01	
 7.0801e+01	
 6.9974e+01	
 7.0622e+01	
 7.0475e+01	
 7.0772e+01	
 7.0083e+01	
 7.0183e+01	
 6.9941e+01	
 7.0312e+01	
 7.0663e+01	
 7.0413e+01	
 7.0229e+01	
 7.0361e+01	
 7.0355e+01	
 7.0375e+01	
 7.0212e+01	
 7.0935e+01	
 7.0321e+01	
 7.0120e+01	
 7.0312e+01	
 7.0456e+01	
 6.9989e+01	
 7.0442e+01	
 6.9778e+01	
 7.0070e+01	
 7.0283e+01	
 7.0275e+01	
 7.0530e+01	
 7.0555e+01	
 7.0810e+01	
 6.9577e+01	
 7.0141e+01	
 7.0709e+01	
 7.0542e+01	
 6.9987e+01	
 7.0734e+01	
 7.0283e+01	
 7.0806e+01	
 7.0270e+01	
 7.1052e+01	
 6.9698e+01	
 7.0839e+01	
 7.0572e+01	
 7.0484e+01	
 7.0760e+01	
 7.0263e+01	
 7.1328e+01	
 6.9999e+01	
 7.0104e+01	
 7.1269e+01	
 7.1181e+01	
 7.0145e+01	
 7.0296e+01	
 7.0680e+01	
 7.0679e+01	
 7.0207e+01	
 7.0480e+01	
 7.0684e+01	
 7.0814e+01	
 7.0396e+01	
 7.0145e+01	
 7.0943e+01	
 7.0753e+01	
 7.0464e+01	
 7.0580e+01	
 7.0551e+01	
 7.0839e+01	
 6.9991e+01	
 7.0668e+01	
 7.0471e+01	
 7.0403e+01	
 7.0842e+01	
 7.0872e+01	
 7.0354e+01	
 7.0734e+01	
 7.0534e+01	
 6.9874e+01	
 7.0530e+01	
 7.0196e+01	
 7.0464e+01	
 7.0923e+01	
 7.0509e+01	
 7.0241e+01	
 7.0948e+01	
 7.0663e+01	
 7.0768e+01	
 7.0676e+01	
 7.0514e+01	
 7.0628e+01	
 7.0463e+01	
 7.0421e+01	
 7.0743e+01	
 7.0776e+01	
 7.0496e+01	
 7.0668e+01	
 7.0746e+01	
 7.0850e+01	
 7.0116e+01	
 7.0559e+01	
 7.0551e+01	
 7.0363e+01	
 7.1165e+01	
 7.0872e+01	
 7.0475e+01	
 6.9948e+01	
 7.0701e+01	
 7.0501e+01	
 7.0212e+01	
 7.0684e+01	
 7.0438e+01	
 7.0705e+01	
 7.0655e+01	
 7.1034e+01	
 7.0049e+01	
 7.0906e+01	
 7.0442e+01	
 7.1060e+01	
 7.0998e+01	
 7.0776e+01	
 7.1131e+01	
 7.0612e+01	
 7.0620e+01	
 7.0442e+01	
 7.0772e+01	
 7.0985e+01	
 7.0379e+01	
 7.0697e+01	
 7.1094e+01	
 7.1190e+01	
 7.0609e+01	
 7.0016e+01	
 7.0358e+01	
 7.1190e+01	
 7.0442e+01	
 7.0287e+01	
 7.0012e+01	
 7.1052e+01	
 7.0785e+01	
 7.0410e+01	
 7.0354e+01	
 7.0413e+01	
 7.0718e+01	
 7.0705e+01	
 7.0413e+01	
 7.0760e+01	
 7.0762e+01	
 7.1392e+01	
 7.0668e+01	
 7.0008e+01	
 7.1633e+01	
 7.0785e+01	
 7.0718e+01	
 7.0797e+01	
 7.0450e+01	
 6.9978e+01	
 7.0578e+01	
 7.0956e+01	
 7.0672e+01	
 7.1186e+01	
 7.0630e+01	
 7.1227e+01	
 7.0580e+01	
 7.0486e+01	
 7.0570e+01	
 7.0714e+01	
 7.0459e+01	
 7.0643e+01	
 7.0797e+01	
 7.0379e+01	
 7.0851e+01	
 7.0672e+01	
 7.0312e+01	
 7.0714e+01	
 7.0785e+01	
 7.0927e+01	
 7.0622e+01	
 7.0826e+01	
 7.0279e+01	
 7.0785e+01	
 7.0891e+01	
 7.0396e+01	
 7.0546e+01	
 7.0981e+01	
 7.0709e+01	
 7.1090e+01	
 7.0287e+01	
 7.0429e+01	
 7.0918e+01	
 7.0472e+01	
 7.0989e+01	
 7.0087e+01	
 7.0851e+01	
 7.0467e+01	
 7.0584e+01	
 7.1090e+01	
 7.0866e+01	
 6.9900e+01	
 7.1357e+01	
 7.0008e+01	
 7.1512e+01	
 7.1090e+01	
 7.0906e+01	
 7.1248e+01	
 7.1336e+01	
 7.0883e+01	
 7.1409e+01	
 7.0580e+01	
 7.0663e+01	
 7.1236e+01	
 7.0705e+01	
 7.1298e+01	
 7.0450e+01	
 7.0836e+01	
 7.1315e+01	
 7.1085e+01	
 7.0626e+01	
 7.1106e+01	
 7.0910e+01	
 7.0751e+01	
 7.0847e+01	
 7.0745e+01	
 7.0334e+01	
 7.0701e+01	
 7.0780e+01	
 7.1031e+01	
 7.1161e+01	
 7.1198e+01	
 7.0810e+01	
 7.0893e+01	
 7.0406e+01	
 7.1687e+01	
 7.0459e+01	
 7.1202e+01	
 7.0542e+01	
 7.1115e+01	
 7.0676e+01	
 7.0501e+01	
 7.1193e+01	
 6.9797e+01	
 7.0877e+01	
 7.0576e+01	
 7.0801e+01	
 7.1315e+01	
 7.0459e+01	
 7.1056e+01	
 7.1230e+01	
 6.9326e+01	
 7.0943e+01	
 7.1319e+01	
 7.0818e+01	
 7.1019e+01	
 7.1395e+01	
 7.1424e+01	
 7.1077e+01	
 7.0345e+01	
 7.1218e+01	
 7.1290e+01	
 7.0818e+01	
 7.0634e+01	
 7.1461e+01	
 7.1441e+01	
 7.0764e+01	
 7.1312e+01	
 7.0289e+01	
 7.1441e+01	
 7.0659e+01	
 7.1315e+01	
 7.1207e+01	
 7.0785e+01	
 7.1115e+01	
 7.0450e+01	
 7.0653e+01	
 7.1290e+01	
 7.1152e+01	
 7.1123e+01	
 7.1115e+01	
 7.1992e+01	
 7.0922e+01	
 7.1177e+01	
 6.9701e+01	
 7.0927e+01	
 7.1052e+01	
 7.0885e+01	
 7.1842e+01	
 7.1031e+01	
 7.1085e+01	
 7.1065e+01	
 7.1149e+01	
 7.1821e+01	
 7.1808e+01	
 7.1119e+01	
 7.0718e+01	
 7.0956e+01	
 7.0551e+01	
 7.1190e+01	
 7.0413e+01	
 7.1523e+01	
 7.1286e+01	
 7.1002e+01	
 7.1624e+01	
 7.0939e+01	
 7.1002e+01	
 7.0400e+01	
 7.1019e+01	
 7.1094e+01	
 7.1454e+01	
 7.1532e+01	
 7.1052e+01	
 7.1369e+01	
 7.1282e+01	
 7.1023e+01	
 7.0388e+01	
 7.0768e+01	
 7.1170e+01	
 7.1136e+01	
 7.1035e+01	
 7.1240e+01	
 7.1378e+01	
 7.0989e+01	
 7.0776e+01	
 7.0864e+01	
 7.1113e+01	
 7.1090e+01	
 7.1119e+01	
 7.1219e+01	
 7.1273e+01	
 7.1052e+01	
 7.1311e+01	
 7.1202e+01	
 6.9792e+01	
 7.0651e+01	
 7.1378e+01	
 7.1056e+01	
 7.1023e+01	
 7.1173e+01	
 7.1161e+01	
 7.1131e+01	
 7.1659e+01	
 7.1484e+01	
 7.1374e+01	
 7.0668e+01	
 7.1687e+01	
 7.0943e+01	
 7.0722e+01	
 7.1257e+01	
 7.0749e+01	
 7.0387e+01	
 7.1048e+01	
 7.0605e+01	
 7.1875e+01	
 7.1332e+01	
 7.1344e+01	
 7.1340e+01	
 7.1344e+01	
 7.0820e+01	
 7.0939e+01	
 7.1027e+01	
 7.0659e+01	
 7.1495e+01	
 7.1319e+01	
 7.1578e+01	
 7.1202e+01	
 7.1494e+01	
 7.1629e+01	
 7.1014e+01	
 7.1056e+01	
 7.1303e+01	
 7.0906e+01	
 7.1207e+01	
 7.1077e+01	
 7.1701e+01	
 7.0785e+01	
 7.1629e+01	
 7.0613e+01	
 7.1161e+01	
 7.1106e+01	
 7.1186e+01	
 7.1207e+01	
 7.1102e+01	
 7.0477e+01	
 7.1447e+01	
 7.0860e+01	
 7.1361e+01	
 7.1503e+01	
 7.1269e+01	
 7.1273e+01	
 7.1219e+01	
 7.0949e+01	
 7.1779e+01	
 7.1775e+01	
 7.1223e+01	
 7.1390e+01	
 7.0939e+01	
 7.1996e+01	
 7.1324e+01	
 7.0640e+01	
 7.1112e+01	
 7.1583e+01	
 7.0931e+01	
 7.1386e+01	
 7.1152e+01	
 7.1344e+01	
 7.1679e+01	
 7.1077e+01	
 7.1050e+01	
 7.1200e+01	
 7.1282e+01	
 7.1344e+01	
 7.1557e+01	
 7.1303e+01	
 7.1186e+01	
 7.1491e+01	
 7.0703e+01	
 7.0933e+01	
 7.0739e+01	
 7.0993e+01	
 7.1662e+01	
 7.1478e+01	
 7.1340e+01	
 7.1466e+01	
 7.1633e+01	
 7.0642e+01	
 7.1098e+01	
 7.1591e+01	
 7.1516e+01	
 7.1946e+01	
 7.1282e+01	
 7.1261e+01	
 7.1449e+01	
 7.1507e+01	
 7.1153e+01	
 7.1253e+01	
 7.1328e+01	
 7.1812e+01	
 7.1181e+01	
 7.1461e+01	
 7.1298e+01	
 7.1885e+01	
 7.2150e+01	
 7.1261e+01	
 7.1023e+01	
 7.0864e+01	
 7.0968e+01	
 7.1344e+01	
 7.1441e+01	
 7.0612e+01	
 7.1773e+01	
 7.1486e+01	
 7.0985e+01	
 7.1750e+01	
 7.1311e+01	
 7.0868e+01	
 7.1177e+01	
 7.1186e+01	
 7.1387e+01	
 7.0801e+01	
 7.1491e+01	
 7.1307e+01	
 7.1298e+01	
 7.1219e+01	
 7.1524e+01	
 7.1641e+01	
 7.1635e+01	
 7.1158e+01	
 7.1796e+01	
 7.1349e+01	
 7.1202e+01	
 7.0793e+01	
 7.1340e+01	
 7.1298e+01	
 7.1071e+01	
 7.1027e+01	
 7.0981e+01	
 7.1232e+01	
 7.1716e+01	
 7.1670e+01	
 7.1098e+01	
 7.1570e+01	
 7.1052e+01	
 7.2344e+01	
 7.1934e+01	
 7.1658e+01	
 7.1587e+01	
 7.0818e+01	
 7.1390e+01	
 7.1603e+01	
 7.0956e+01	
 7.1226e+01	
 7.1428e+01	
 7.1503e+01	
 7.1892e+01	
 7.1537e+01	
 7.1537e+01	
 7.1273e+01	
 7.1424e+01	
 7.1313e+01	
 7.1549e+01	
 7.1215e+01	
 7.1353e+01	
 7.1044e+01	
 7.1353e+01	
 7.1821e+01	
 7.1562e+01	
 7.1236e+01	
 7.1540e+01	
 7.1852e+01	
 7.1165e+01	
 7.1528e+01	
 7.1616e+01	
 7.1349e+01	
 7.1123e+01	
 7.1474e+01	
 7.1854e+01	
 7.0460e+01	
 7.1674e+01	
 7.0851e+01	
 7.1775e+01	
 7.1094e+01	
 7.1436e+01	
 7.1775e+01	
 7.1264e+01	
 7.1030e+01	
 7.1478e+01	
 7.1278e+01	
 7.1474e+01	
 7.1478e+01	
 7.1357e+01	
 7.1520e+01	
 7.1766e+01	
 7.1875e+01	
 7.1417e+01	
 7.1528e+01	
 7.1060e+01	
 7.1349e+01	
 7.1674e+01	
 7.1282e+01	
 7.1658e+01	
 7.2188e+01	
 7.1631e+01	
 7.1407e+01	
 7.0939e+01	
 7.1278e+01	
 7.1140e+01	
 7.1779e+01	
 7.1804e+01	
 7.1282e+01	
 7.1688e+01	
 7.1695e+01	
 7.1031e+01	
 7.1737e+01	
 7.1495e+01	
 7.1127e+01	
 7.2159e+01	
 7.1324e+01	
 6.9857e+01	
 7.1737e+01	
 7.1637e+01	
 7.1445e+01	
 7.1641e+01	
 7.1215e+01	
 7.1491e+01	
 7.1674e+01	
 7.1875e+01	
 7.1536e+01	
 7.1879e+01	
 7.2389e+01	
 7.1766e+01	
 7.0977e+01	
 7.1695e+01	
 7.1633e+01	
 7.1163e+01	
 7.1124e+01	
 7.1942e+01	
 7.1474e+01	
 7.1620e+01	
 7.1800e+01	
 7.1470e+01	
 7.1591e+01	
 7.1971e+01	
 7.2869e+01	
 7.1356e+01	
 7.1507e+01	
 7.1758e+01	
 7.1441e+01	
 7.0906e+01	
 7.1750e+01	
 7.1528e+01	
 7.1522e+01	
 7.1944e+01	
 7.1574e+01	
 7.1524e+01	
 7.1503e+01	
 7.1165e+01	
 7.1779e+01	
 7.1324e+01	
 7.1065e+01	
 7.1259e+01	
 7.1846e+01	
 7.0680e+01	
 7.1766e+01	
 7.1098e+01	
 7.1837e+01	
 7.1369e+01	
 7.1875e+01	
 7.0078e+01	
 7.1535e+01	
 7.0973e+01	
 7.1779e+01	
 7.1921e+01	
 7.0734e+01	
 7.1106e+01	
 7.1340e+01	
 7.1332e+01	
 7.1698e+01	
 7.0768e+01	
 7.2084e+01	
 7.1754e+01	
 7.1967e+01	
 7.1445e+01	
 7.1236e+01	
 7.1292e+01	
 7.1226e+01	
 7.1115e+01	
 7.1173e+01	
 7.2134e+01	
 7.1390e+01	
 7.1537e+01	
 7.1612e+01	
 7.1541e+01	
 7.1962e+01	
 7.1555e+01	
 7.1900e+01	
 7.1524e+01	
 7.1670e+01	
 7.1562e+01	
 7.1537e+01	
 7.1867e+01	
 7.2161e+01	
 7.1693e+01	
 7.2013e+01	
 7.1115e+01	
 7.2318e+01	
 7.1574e+01	
 7.1624e+01	
 7.1470e+01	
 7.1047e+01	
 7.1195e+01	
 7.1361e+01	
 7.1612e+01	
 7.1583e+01	
 7.1215e+01	
 7.1725e+01	
 7.1817e+01	
 7.1603e+01	
 7.2070e+01	
 7.1788e+01	
 7.1361e+01	
 7.1587e+01	
 7.1528e+01	
 7.1871e+01	
 7.2460e+01	
 7.1591e+01	
 7.1975e+01	
 7.1514e+01	
 7.1303e+01	
 7.1896e+01	
 7.1244e+01	
 7.1403e+01	
 7.0927e+01	
 7.1750e+01	
 7.1609e+01	
 7.1875e+01	
 7.1524e+01	
 7.1470e+01	
 7.1933e+01	
 7.1704e+01	
 7.1745e+01	
 7.1278e+01	
 7.2071e+01	
 7.2656e+01	
 7.1984e+01	
 7.1783e+01	
 7.2113e+01	
 7.1457e+01	
 7.1695e+01	
 7.1729e+01	
 7.1357e+01	
 7.1433e+01	
 7.1597e+01	
 7.1837e+01	
 7.1578e+01	
 7.2067e+01	
 7.1303e+01	
 7.1186e+01	
 7.1862e+01	
 7.1774e+01	
 7.1666e+01	
 7.1424e+01	
 7.1725e+01	
 7.2443e+01	
 7.1541e+01	
 7.1637e+01	
 7.1687e+01	
 7.1846e+01	
 7.1094e+01	
 7.1983e+01	
 7.1186e+01	
 7.2117e+01	
 7.1399e+01	
 7.1407e+01	
 7.1324e+01	
 7.1336e+01	
 7.0887e+01	
 7.1790e+01	
 7.1750e+01	
 7.1562e+01	
 7.1812e+01	
 7.1399e+01	
 7.1725e+01	
 7.1787e+01	
 7.1046e+01	
 7.1505e+01	
 7.1349e+01	
 7.1181e+01	
 7.2109e+01	
 7.1775e+01	
 7.1733e+01	
 7.1311e+01	
 7.1908e+01	
 7.0469e+01	
 7.1600e+01	
 7.1507e+01	
 7.1336e+01	
 7.1729e+01	
 7.1679e+01	
 7.1403e+01	
 7.1942e+01	
 7.1409e+01	
 7.1582e+01	
 7.1499e+01	
 7.1557e+01	
 7.2259e+01	
 7.1395e+01	
 7.1616e+01	
 7.2138e+01	
 7.1469e+01	
 7.0986e+01	
 7.1967e+01	
 7.1441e+01	
 7.1720e+01	
 7.1336e+01	
 7.1750e+01	
 7.1654e+01	
 7.1808e+01	
 6.9336e+01	
 7.2118e+01	
 7.1219e+01	
 7.1842e+01	
 7.2009e+01	
 7.1056e+01	
 7.1729e+01	
 7.1261e+01	
 7.2301e+01	
 7.2211e+01	
 7.1403e+01	
 7.1478e+01	
 7.1733e+01	
 7.1670e+01	
 7.1913e+01	
 7.1908e+01	
 7.1802e+01	
 7.1954e+01	
 7.1796e+01	
 7.1257e+01	
 7.1745e+01	
 7.2130e+01	
 7.1846e+01	
 7.1432e+01	
 7.1954e+01	
 7.3177e+01	
 7.1709e+01	
 7.1136e+01	
 7.1833e+01	
 7.1286e+01	
 7.1378e+01	
 7.2360e+01	
 7.1236e+01	
 7.1514e+01	
 7.1721e+01	
 7.1349e+01	
 7.1954e+01	
 7.1921e+01	
 7.1449e+01	
 7.1566e+01	
 7.2397e+01	
 7.2016e+01	
 7.2161e+01	
 7.1900e+01	
 7.1378e+01	
 7.1821e+01	
 7.1415e+01	
 7.1495e+01	
 7.2414e+01	
 7.1069e+01	
 7.6562e+01	
 7.1820e+01	
 7.1077e+01	
 7.2076e+01	
 7.1649e+01	
 7.1286e+01	
 7.1461e+01	
 7.1975e+01	
 7.2375e+01	
 7.2021e+01	
 7.1608e+01	
 7.1833e+01	
 7.1570e+01	
 7.1240e+01	
 7.1470e+01	
 7.1938e+01	
 7.1670e+01	
 7.1555e+01	
 7.1328e+01	
 7.1056e+01	
 7.1620e+01	
 7.1432e+01	
 7.1495e+01	
 7.2046e+01	
 7.1808e+01	
 6.4062e+01	
 7.1711e+01	
 7.2193e+01	
 7.2151e+01	
 7.1674e+01	
 7.1591e+01	
 7.1294e+01	
 7.1800e+01	
 7.2346e+01	
 7.2442e+01	
 7.1791e+01	
 7.1729e+01	
 7.1415e+01	
 7.1616e+01	
 7.1658e+01	
 7.2218e+01	
 7.1344e+01	
 7.2366e+01	
 7.1908e+01	
 7.1244e+01	
 7.2055e+01	
 7.1094e+01	
 7.1862e+01	
 7.1407e+01	
 7.1516e+01	
        nan	
 7.1758e+01	
 7.1106e+01	
 7.2485e+01	
 7.1975e+01	
 7.1428e+01	
 7.1984e+01	
 7.1917e+01	
 7.1862e+01	
 7.1750e+01	
 7.1340e+01	
 7.1294e+01	
 7.1591e+01	
 7.1804e+01	
 7.1608e+01	
 7.2218e+01	
 7.1743e+01	
 7.1391e+01	
 7.1896e+01	
 7.1867e+01	
 7.1520e+01	
 7.1817e+01	
 7.1800e+01	
 7.1745e+01	
 7.2354e+01	
 6.5625e+01	
 7.1532e+01	
 7.1700e+01	
 7.1595e+01	
 7.1771e+01	
 7.1629e+01	
 7.2213e+01	
 7.1495e+01	
 7.2298e+01	
 7.1974e+01	
 7.1386e+01	
 7.1716e+01	
 7.1975e+01	
 7.2063e+01	
 7.1725e+01	
 7.1683e+01	
 7.1792e+01	
 7.1252e+01	
 7.1716e+01	
 7.1938e+01	
 7.1771e+01	
 7.2151e+01	
 7.1791e+01	
 7.1979e+01	
 7.1558e+01	
 7.4219e+01	
 7.1716e+01	
 7.1557e+01	
 7.1779e+01	
 7.2092e+01	
 7.2000e+01	
 7.1269e+01	
 7.1482e+01	
 7.1992e+01	
 7.2238e+01	
 7.1963e+01	
 7.1658e+01	
 7.1762e+01	
 7.1432e+01	
 7.1892e+01	
 7.1858e+01	
 7.0857e+01	
 7.1394e+01	
 7.1691e+01	
 7.1641e+01	
 7.2213e+01	
 7.1979e+01	
 7.1674e+01	
 7.1984e+01	
 7.1264e+01	
 7.6562e+01	
 7.1883e+01	
 7.1725e+01	
 7.1658e+01	
 7.2259e+01	
 7.2063e+01	
 7.1507e+01	
 7.1862e+01	
 7.2166e+01	
 7.1497e+01	
 7.1390e+01	
 7.1645e+01	
 7.1925e+01	
 7.1775e+01	
 7.2180e+01	
 7.1979e+01	
 7.1449e+01	
 7.1248e+01	
 7.1691e+01	
 7.1608e+01	
 7.2013e+01	
 7.1411e+01	
 7.2468e+01	
 7.1712e+01	
 7.2041e+01	
 7.1484e+01	
 7.1837e+01	
 7.1578e+01	
 7.1796e+01	
 7.1415e+01	
 7.2025e+01	
 7.2309e+01	
 7.1959e+01	
 7.2306e+01	
 7.1754e+01	
 7.1858e+01	
 7.1683e+01	
 7.2506e+01	
 7.1896e+01	
 7.1227e+01	
 7.2255e+01	
 7.1230e+01	
 7.2108e+01	
 7.1624e+01	
 7.1557e+01	
 7.2631e+01	
 7.1624e+01	
 7.1925e+01	
 7.1716e+01	
 7.2386e+01	
 7.2031e+01	
 7.2138e+01	
 7.1303e+01	
 7.1871e+01	
 7.1754e+01	
 7.1963e+01	
 7.2038e+01	
 7.2055e+01	
 7.2314e+01	
 7.1388e+01	
 7.1967e+01	
 7.1553e+01	
 7.1938e+01	
 7.1975e+01	
 7.1420e+01	
 7.2272e+01	
 7.1711e+01	
 7.1461e+01	
 7.1670e+01	
 7.1654e+01	
 7.2184e+01	
 7.1967e+01	
 7.1929e+01	
 7.1967e+01	
 7.1573e+01	
 6.9922e+01	
 7.2000e+01	
 7.1495e+01	
 7.1950e+01	
 7.2042e+01	
 7.1904e+01	
 7.1745e+01	
 7.2050e+01	
 7.1749e+01	
 7.2304e+01	
 7.1645e+01	
 7.1637e+01	
 7.2272e+01	
 7.1407e+01	
 7.1578e+01	
 7.2105e+01	
 7.1259e+01	
 7.2158e+01	
 7.2314e+01	
 7.1629e+01	
 7.1804e+01	
 7.1541e+01	
 7.1942e+01	
 7.2264e+01	
 7.1489e+01	
 7.4888e+01	
 7.1603e+01	
 7.1574e+01	
 7.1992e+01	
 7.1984e+01	
 7.2017e+01	
 7.2092e+01	
 7.2193e+01	
 7.1634e+01	
 7.1798e+01	
 7.1177e+01	
 7.1737e+01	
 7.1654e+01	
 7.1913e+01	
 7.1808e+01	
 7.1946e+01	
 7.1888e+01	
 7.1239e+01	
 7.2034e+01	
 7.2506e+01	
 7.1842e+01	
 7.1862e+01	
 7.1925e+01	
 7.1946e+01	
 7.1766e+01	
 7.1484e+01	
 7.1570e+01	
 7.2025e+01	
 7.1879e+01	
 7.2209e+01	
 7.1725e+01	
 7.2372e+01	
 7.2005e+01	
 7.1672e+01	
 7.2010e+01	
 7.2213e+01	
 7.2159e+01	
 7.1670e+01	
 7.1741e+01	
 7.2201e+01	
 7.1336e+01	
 7.1713e+01	
 7.1523e+01	
 7.1837e+01	
 7.1959e+01	
 7.1979e+01	
 7.1917e+01	
 7.1453e+01	
 7.1566e+01	
 7.2051e+01	
 7.2483e+01	
 7.2318e+01	
 7.1633e+01	
 7.1913e+01	
 7.2000e+01	
 7.1821e+01	
 7.1495e+01	
 7.2510e+01	
 7.1757e+01	
 7.1636e+01	
 7.2017e+01	
 7.1641e+01	
 7.1441e+01	
 7.1470e+01	
 7.2222e+01	
 7.2147e+01	
 7.2255e+01	
 7.2754e+01	
 7.1900e+01	
 7.1549e+01	
 7.1599e+01	
 7.1303e+01	
 7.1369e+01	
 7.1933e+01	
 7.1919e+01	
 7.0703e+01	
 7.1537e+01	
 7.1232e+01	
 7.1583e+01	
 7.1938e+01	
 7.1796e+01	
 7.2092e+01	
 7.1946e+01	
 7.2791e+01	
 7.2517e+01	
 7.2109e+01	
 7.1641e+01	
 7.1566e+01	
 7.1771e+01	
 7.2067e+01	
 7.1712e+01	
 7.1793e+01	
 7.1393e+01	
 7.1771e+01	
 7.1871e+01	
 7.2092e+01	
 7.1842e+01	
 7.2025e+01	
 7.1745e+01	
 7.2310e+01	
 7.1946e+01	
 7.2293e+01	
 7.1482e+01	
 7.2255e+01	
 7.2130e+01	
 7.2021e+01	
 7.2197e+01	
 7.1954e+01	
 7.1829e+01	
 7.1548e+01	
 7.1975e+01	
 7.1725e+01	
 7.2121e+01	
 7.1725e+01	
 7.1357e+01	
 7.2201e+01	
 7.1681e+01	
 7.1833e+01	
 7.2180e+01	
 7.1833e+01	
 7.2439e+01	
 7.1846e+01	
 7.1817e+01	
 7.1821e+01	
 7.1554e+01	
 7.1745e+01	
 7.1562e+01	
 7.1570e+01	
 7.2193e+01	
 7.2101e+01	
 7.1679e+01	
 7.1921e+01	
 7.1804e+01	
 7.1688e+01	
 7.1561e+01	
 7.2460e+01	
 7.2084e+01	
 7.1645e+01	
 7.2172e+01	
 7.1666e+01	
 7.2360e+01	
 7.1729e+01	
 7.1625e+01	
 7.2497e+01	
 7.1720e+01	
 7.2485e+01	
 7.1683e+01	
 7.1787e+01	
 7.1938e+01	
 7.2270e+01	
 7.1514e+01	
 7.1524e+01	
 7.1800e+01	
 7.1975e+01	
 7.2188e+01	
 7.1854e+01	
 7.2130e+01	
 7.1754e+01	
 7.2226e+01	
 7.2034e+01	
 7.1708e+01	
 7.2410e+01	
 7.1541e+01	
 7.2472e+01	
 7.1633e+01	
 7.2376e+01	
 7.1861e+01	
 7.1947e+01	
 7.1800e+01	
 7.1060e+01	
 7.2025e+01	
 7.2218e+01	
 7.1110e+01	
 7.1687e+01	
 7.2254e+01	
 7.0257e+01	
 7.2201e+01	
 7.1804e+01	
 7.2468e+01	
 7.1821e+01	
 7.1862e+01	
 7.2050e+01	
 7.2092e+01	
 7.2233e+01	
 7.2201e+01	
 7.1812e+01	
 7.2238e+01	
 7.2109e+01	
 7.1896e+01	
 7.2268e+01	
 7.2314e+01	
 7.1726e+01	
 7.1449e+01	
 7.1783e+01	
 7.1470e+01	
 7.2163e+01	
 7.2105e+01	
 7.2619e+01	
 7.1984e+01	
 7.2166e+01	
 7.2604e+01	
 7.1913e+01	
 7.1791e+01	
 7.2121e+01	
 7.2163e+01	
 7.1846e+01	
 7.2723e+01	
 7.1720e+01	
 7.2041e+01	
 7.1942e+01	
 7.1808e+01	
 7.2167e+01	
 7.1854e+01	
 7.1612e+01	
 7.2268e+01	
 7.1679e+01	
 7.2534e+01	
 7.2175e+01	
 7.2163e+01	
 7.1754e+01	
 7.2155e+01	
 7.2142e+01	
 7.1921e+01	
 7.2322e+01	
 7.1450e+01	
 7.1289e+01	
 7.1695e+01	
 7.1428e+01	
 7.2197e+01	
 7.1791e+01	
 7.1879e+01	
 7.2531e+01	
 7.1478e+01	
 7.2860e+01	
 7.1681e+01	
 7.1829e+01	
 7.1169e+01	
 7.1766e+01	
 7.1324e+01	
 7.1244e+01	
 7.2121e+01	
 7.1217e+01	
 7.1648e+01	
 7.1566e+01	
 7.2272e+01	
 7.1862e+01	
 7.1654e+01	
 7.1833e+01	
 7.2000e+01	
 7.1742e+01	
 7.2151e+01	
 7.2155e+01	
 7.2343e+01	
 7.1963e+01	
 7.1704e+01	
 7.1361e+01	
 7.2009e+01	
 7.1683e+01	
 7.1771e+01	
 7.1440e+01	
 7.1979e+01	
 7.1862e+01	
 7.2176e+01	
 7.2431e+01	
 7.1942e+01	
 7.1821e+01	
 7.2430e+01	
 7.2314e+01	
 7.1854e+01	
 7.2142e+01	
 7.1791e+01	
 7.1315e+01	
 7.2172e+01	
 7.1988e+01	
 7.1750e+01	
 7.3177e+01	
 7.1846e+01	
 7.2134e+01	
 7.2234e+01	
 7.2030e+01	
 7.1700e+01	
 7.1704e+01	
 7.1654e+01	
 7.1982e+01	
 7.2175e+01	
 7.1963e+01	
 7.1817e+01	
 7.2422e+01	
 7.1892e+01	
 7.1624e+01	
 7.2188e+01	
 7.2280e+01	
 7.2106e+01	
 7.1762e+01	
 7.1695e+01	
 7.2640e+01	
 7.1783e+01	
 7.1683e+01	
 7.1695e+01	
 7.2252e+01	
 7.1875e+01	
 7.2197e+01	
 7.1507e+01	
 7.2222e+01	
 7.1988e+01	
 7.1771e+01	
 7.2105e+01	
 7.1758e+01	
 7.1820e+01	
 7.2049e+01	
 7.1842e+01	
 7.2092e+01	
 7.2076e+01	
 7.1913e+01	
 7.2096e+01	
 7.1904e+01	
 7.2188e+01	
 7.2228e+01	
 7.1946e+01	
 7.1729e+01	
 7.1512e+01	
 7.1879e+01	
 7.2264e+01	
 7.1967e+01	
 7.1707e+01	
 7.1680e+01	
 7.2401e+01	
 7.1900e+01	
 7.1720e+01	
 7.1720e+01	
 7.1938e+01	
 7.1787e+01	
 7.1950e+01	
 7.1689e+01	
 7.1897e+01	
 7.1984e+01	
 7.1892e+01	
 7.2510e+01	
 7.2138e+01	
 7.1900e+01	
 7.2218e+01	
 7.2100e+01	
 7.2214e+01	
 7.2698e+01	
 7.2080e+01	
 7.2330e+01	
 7.2351e+01	
 7.1491e+01	
 7.2602e+01	
 7.1823e+01	
 7.2284e+01	
 7.2042e+01	
 7.1996e+01	
 7.2255e+01	
 7.1679e+01	
 7.1708e+01	
 7.1854e+01	
 7.1950e+01	
 7.1132e+01	
 7.1912e+01	
 7.1420e+01	
 7.1837e+01	
 7.1846e+01	
 7.1921e+01	
 7.1771e+01	
 7.1950e+01	
 7.1989e+01	
 7.1670e+01	
 7.1629e+01	
 7.1946e+01	
 7.2564e+01	
 7.2176e+01	
 7.2030e+01	
 7.1850e+01	
 7.2135e+01	
 7.2230e+01	
 7.2255e+01	
 7.1428e+01	
 7.2272e+01	
 7.1762e+01	
 7.1858e+01	
 7.2126e+01	
 7.1984e+01	
 7.1406e+01	
 7.1535e+01	
 7.1971e+01	
 7.2113e+01	
 7.1741e+01	
 7.2439e+01	
 7.1654e+01	
 7.1925e+01	
 7.2825e+01	
 7.1296e+01	
 7.1762e+01	
 7.1633e+01	
 7.2523e+01	
 7.1729e+01	
 7.2493e+01	
 7.2105e+01	
 7.1804e+01	
 7.2045e+01	
 7.1817e+01	
 7.2243e+01	
 7.1858e+01	
 7.1261e+01	
 7.1386e+01	
 7.2042e+01	
 7.2297e+01	
 7.1314e+01	
 7.2334e+01	
 7.1946e+01	
 7.2038e+01	
 7.1566e+01	
 7.2092e+01	
 7.1871e+01	
 7.2322e+01	
 7.2324e+01	
 7.2084e+01	
 7.1963e+01	
 7.2330e+01	
 7.1674e+01	
 7.1942e+01	
 7.2213e+01	
 7.1959e+01	
 7.1894e+01	
 7.0247e+01	
 7.2096e+01	
 7.1925e+01	
 7.2293e+01	
 7.1959e+01	
 7.2230e+01	
 7.1975e+01	
 7.2067e+01	
 7.0765e+01	
 7.2190e+01	
 7.1904e+01	
 7.2084e+01	
 7.2076e+01	
 7.1307e+01	
 7.1679e+01	
 7.2218e+01	
 7.2008e+01	
 7.2180e+01	
 7.2309e+01	
 7.1766e+01	
 7.2631e+01	
 7.2355e+01	
 7.1541e+01	
 7.1265e+01	
 7.2049e+01	
 7.2469e+01	
 7.2167e+01	
 7.1612e+01	
 7.1971e+01	
 7.1791e+01	
 7.1687e+01	
 7.2869e+01	
 7.1608e+01	
 7.1938e+01	
 7.2354e+01	
 7.2180e+01	
 7.1929e+01	
 7.2481e+01	
 7.2000e+01	
 7.2339e+01	
 7.1741e+01	
 7.1757e+01	
 7.2035e+01	
 7.2410e+01	
 7.2251e+01	
 7.2038e+01	
 7.2264e+01	
 7.1532e+01	
 7.1996e+01	
 7.1899e+01	
 7.3287e+01	
 7.2042e+01	
 7.2188e+01	
 7.2025e+01	
 7.2234e+01	
 7.1629e+01	
 7.2088e+01	
 7.1532e+01	
 7.2027e+01	
 7.2491e+01	
 7.2368e+01	
 7.2105e+01	
 7.1420e+01	
 7.1695e+01	
 7.1658e+01	
 7.1700e+01	
 7.2138e+01	
 7.2147e+01	
 7.2443e+01	
 7.2339e+01	
 7.2426e+01	
 7.1708e+01	
 7.2284e+01	
 7.2209e+01	
 7.2310e+01	
 7.2280e+01	
 7.1524e+01	
 7.1624e+01	
 7.2209e+01	
 7.2105e+01	
 7.1967e+01	
 7.2297e+01	
 7.2297e+01	
 7.2031e+01	
 7.2610e+01	
 7.2151e+01	
 7.1938e+01	
 7.2606e+01	
 7.2418e+01	
 7.1486e+01	
 7.2117e+01	
 7.1384e+01	
 7.2144e+01	
 7.1349e+01	
 7.1762e+01	
 7.2088e+01	
 7.1649e+01	
 7.2188e+01	
 7.1704e+01	
 7.2003e+01	
 7.1512e+01	
 7.1821e+01	
 7.1587e+01	
 7.2034e+01	
 7.2293e+01	
 7.2259e+01	
 7.2406e+01	
 7.2096e+01	
 7.1140e+01	
 7.1921e+01	
 7.1896e+01	
 7.1938e+01	
 7.2974e+01	
 7.2226e+01	
 7.2076e+01	
 7.2205e+01	
 7.2054e+01	
 7.1617e+01	
 7.2777e+01	
 7.2063e+01	
 7.2259e+01	
 7.2339e+01	
 7.1900e+01	
 7.2506e+01	
 7.1811e+01	
 7.2117e+01	
 7.1842e+01	
 7.2222e+01	
 7.1461e+01	
 7.1825e+01	
 7.2184e+01	
 7.2569e+01	
 7.2289e+01	
 7.1259e+01	
 7.2215e+01	
 7.1825e+01	
 7.1929e+01	
 7.1954e+01	
 7.2096e+01	
 7.2343e+01	
 7.2088e+01	
 7.2590e+01	
 7.2155e+01	
 7.2109e+01	
 7.1904e+01	
 7.2364e+01	
 7.2046e+01	
 7.2289e+01	
 7.2464e+01	
 7.2238e+01	
 7.1927e+01	
 7.2552e+01	
 7.2414e+01	
 7.2268e+01	
 7.2209e+01	
 7.2218e+01	
 7.2744e+01	
 7.2368e+01	
 7.2095e+01	
 7.2707e+01	
 7.1662e+01	
 7.2381e+01	
 7.2614e+01	
 7.1929e+01	
 7.1842e+01	
 7.1867e+01	
 7.1991e+01	
 7.2253e+01	
 7.1963e+01	
 7.1541e+01	
 7.2381e+01	
 7.1959e+01	
 7.1503e+01	
 7.2055e+01	
 7.1915e+01	
 7.2959e+01	
 7.2159e+01	
 7.2059e+01	
 7.2293e+01	
 7.1461e+01	
 7.2151e+01	
 7.1879e+01	
 7.2067e+01	
 7.1472e+01	
 7.1960e+01	
 7.1929e+01	
 7.1850e+01	
 7.2176e+01	
 7.2067e+01	
 7.2134e+01	
 7.1942e+01	
 7.2446e+01	
 7.2050e+01	
 7.2109e+01	
 7.2284e+01	
 7.2447e+01	
 7.2372e+01	
 7.1436e+01	
 7.2506e+01	
 7.2001e+01	
 7.1777e+01	
 7.2397e+01	
 7.2050e+01	
 7.2360e+01	
 7.2055e+01	
 7.1938e+01	
 7.2088e+01	
 7.1871e+01	
 7.1562e+01	
 7.2014e+01	
 7.2088e+01	
 7.2080e+01	
 7.2105e+01	
 7.1896e+01	
 7.1875e+01	
 7.2589e+01	
 7.2665e+01	
 7.2664e+01	
 7.1666e+01	
 7.2305e+01	
 7.2681e+01	
 7.2113e+01	
 7.2339e+01	
 7.2268e+01	
 7.2687e+01	
 7.1023e+01	
 7.1925e+01	
 7.1858e+01	
 7.1745e+01	
 7.1812e+01	
 7.2414e+01	
 7.1528e+01	
 7.2130e+01	
 7.1686e+01	
 7.2577e+01	
 7.2142e+01	
 7.2009e+01	
 7.2268e+01	
 7.2255e+01	
 7.2055e+01	
 7.2017e+01	
 7.1720e+01	
 7.1525e+01	
 7.2193e+01	
 7.1875e+01	
 7.1583e+01	
 7.2351e+01	
 7.2435e+01	
 7.2435e+01	
 7.1635e+01	
 7.1921e+01	
 7.1950e+01	
 7.1875e+01	
 7.2698e+01	
 7.1858e+01	
 7.1938e+01	
 7.2640e+01	
 7.2343e+01	
 7.1317e+01	
 7.1909e+01	
 7.1766e+01	
 7.2084e+01	
 7.2201e+01	
 7.2201e+01	
 7.2209e+01	
 7.2460e+01	
 7.2170e+01	
 7.1907e+01	
 7.2268e+01	
 7.1574e+01	
 7.2343e+01	
 7.2343e+01	
 7.1842e+01	
 7.2439e+01	
 7.2075e+01	
 7.3281e+01	
 7.1583e+01	
 7.2005e+01	
 7.2259e+01	
 7.1758e+01	
 7.2201e+01	
 7.2193e+01	
 7.1541e+01	
 7.1701e+01	
 7.2388e+01	
 7.1754e+01	
 7.2627e+01	
 7.2731e+01	
 7.1984e+01	
 7.1996e+01	
 7.2389e+01	
 7.2235e+01	
 7.1644e+01	
 7.2159e+01	
 7.2105e+01	
 7.2393e+01	
 7.2485e+01	
 7.2046e+01	
 7.2335e+01	
 7.2139e+01	
 7.2157e+01	
 7.2435e+01	
 7.1842e+01	
 7.2343e+01	
 7.2117e+01	
 7.1800e+01	
 7.2055e+01	
 7.1921e+01	
 7.2446e+01	
 7.2273e+01	
 7.1950e+01	
 7.2071e+01	
 7.2464e+01	
 7.2222e+01	
 7.2301e+01	
 7.1674e+01	
 7.2319e+01	
 7.1749e+01	
 7.2126e+01	
 7.1645e+01	
 7.1817e+01	
 7.2284e+01	
 7.2289e+01	
 7.2172e+01	
 7.1417e+01	
 7.2023e+01	
 7.2447e+01	
 7.1817e+01	
 7.2063e+01	
 7.2243e+01	
 7.1900e+01	
 7.2422e+01	
 7.1796e+01	
 7.2406e+01	
 7.2015e+01	
 7.1766e+01	
 7.1674e+01	
 7.2581e+01	
 7.2009e+01	
 7.2297e+01	
 7.2205e+01	
 7.1588e+01	
 7.1883e+01	
 7.2548e+01	
 7.1520e+01	
 7.2155e+01	
 7.1979e+01	
 7.2406e+01	
 7.2326e+01	
 7.2273e+01	
 7.1978e+01	
 7.2247e+01	
 7.1745e+01	
 7.2055e+01	
 7.2381e+01	
 7.1946e+01	
 7.1812e+01	
 7.1583e+01	
 7.2233e+01	
 7.1913e+01	
 7.2343e+01	
 7.2431e+01	
 7.2606e+01	
 7.2209e+01	
 7.2414e+01	
 7.2092e+01	
 7.2874e+01	
 7.2068e+01	
 7.2305e+01	
 7.1946e+01	
 7.2443e+01	
 7.2339e+01	
 7.1800e+01	
 7.1766e+01	
 7.2429e+01	
 7.1975e+01	
 7.2121e+01	
 7.1917e+01	
 7.2134e+01	
 7.1758e+01	
 7.1988e+01	
 7.2184e+01	
 7.2573e+01	
 7.0992e+01	
 7.1980e+01	
 7.1482e+01	
 7.2376e+01	
 7.2368e+01	
 7.2209e+01	
 7.1892e+01	
 7.2163e+01	
 7.2482e+01	
 7.1921e+01	
 7.2109e+01	
 7.1695e+01	
 7.2343e+01	
 7.2355e+01	
 7.2167e+01	
 7.2142e+01	
 7.2183e+01	
 7.2637e+01	
 7.1800e+01	
 7.2218e+01	
 7.2259e+01	
 7.2226e+01	
 7.2176e+01	
 7.2180e+01	
 7.1988e+01	
 7.2124e+01	
 7.2192e+01	
 7.1988e+01	
 7.2255e+01	
 7.2456e+01	
 7.2159e+01	
 7.2723e+01	
 7.2138e+01	
 7.2303e+01	
 7.2398e+01	
 7.1858e+01	
 7.2071e+01	
 7.2439e+01	
 7.2109e+01	
 7.2076e+01	
 7.2447e+01	
 7.1308e+01	
 7.0846e+01	
 7.2067e+01	
 7.1733e+01	
 7.2677e+01	
 7.2656e+01	
 7.1804e+01	
 7.2172e+01	
 7.1695e+01	
 7.3140e+01	
 7.2604e+01	
 7.2289e+01	
 7.2289e+01	
 7.2418e+01	
 7.2635e+01	
 7.2326e+01	
 7.1963e+01	
 7.2035e+01	
 7.1950e+01	
 7.2230e+01	
 7.1629e+01	
 7.2594e+01	
 7.1942e+01	
 7.2184e+01	
 7.2138e+01	
 7.2473e+01	
 7.2080e+01	
 7.2882e+01	
 7.1825e+01	
 7.2343e+01	
 7.2681e+01	
 7.2456e+01	
 7.1787e+01	
 7.2280e+01	
 7.3555e+01	
 7.1992e+01	
 7.2088e+01	
 7.2096e+01	
 7.2564e+01	
 7.2213e+01	
 7.2117e+01	
 7.2276e+01	
 7.2056e+01	
 7.2091e+01	
 7.2447e+01	
 7.1984e+01	
 7.2502e+01	
 7.2067e+01	
 7.1662e+01	
 7.1950e+01	
 7.1913e+01	
 7.1621e+01	
 7.2477e+01	
 7.1846e+01	
 7.2928e+01	
 7.1984e+01	
 7.2042e+01	
 7.2594e+01	
 7.2439e+01	
 7.1834e+01	
 7.2256e+01	
 7.2406e+01	
 7.1599e+01	
 7.1775e+01	
 7.1837e+01	
 7.2301e+01	
 7.1883e+01	
 7.2106e+01	
 7.2133e+01	
 7.2126e+01	
 7.2585e+01	
 7.2309e+01	
 7.2159e+01	
 7.2389e+01	
 7.1917e+01	
 7.2694e+01	
 7.1999e+01	
 7.1829e+01	
 7.2238e+01	
 7.1942e+01	
 7.2101e+01	
 7.2046e+01	
 7.2464e+01	
 7.2280e+01	
 7.1267e+01	
 7.1981e+01	
 7.2251e+01	
 7.1762e+01	
 7.2193e+01	
 7.2142e+01	
 7.1959e+01	
 7.2669e+01	
 7.2549e+01	
 7.2204e+01	
 7.2155e+01	
 7.2422e+01	
 7.1942e+01	
 7.2005e+01	
 7.1942e+01	
 7.2531e+01	
 7.2689e+01	
 7.1788e+01	
 7.2005e+01	
 7.1545e+01	
 7.1954e+01	
 7.2130e+01	
 7.1929e+01	
 7.2280e+01	
 7.2644e+01	
 7.3116e+01	
 7.2054e+01	
 7.2017e+01	
 7.2301e+01	
 7.2326e+01	
 7.1745e+01	
 7.2848e+01	
 7.2335e+01	
 7.2221e+01	
 7.2338e+01	
 7.2121e+01	
 7.1850e+01	
 7.1896e+01	
 7.1959e+01	
 7.2368e+01	
 7.2084e+01	
 7.2401e+01	
 7.2130e+01	
 7.2176e+01	
 7.1867e+01	
 7.2569e+01	
 7.1984e+01	
 7.1871e+01	
 7.2134e+01	
 7.1896e+01	
 7.2363e+01	
 7.1797e+01	
 7.2330e+01	
 7.2209e+01	
 7.1762e+01	
 7.1967e+01	
 7.1959e+01	
 7.2339e+01	
 7.2005e+01	
 7.2735e+01	
 7.2314e+01	
 7.1975e+01	
 7.2815e+01	
 7.1766e+01	
 7.2025e+01	
 7.2426e+01	
 7.1752e+01	
 7.3188e+01	
 7.2368e+01	
 7.2322e+01	
 7.2360e+01	
 7.2255e+01	
 7.1783e+01	
 7.1758e+01	
 7.2238e+01	
 7.2344e+01	
 7.2220e+01	
 7.1679e+01	
 7.2109e+01	
 7.2364e+01	
 7.1578e+01	
 7.2648e+01	
 7.2376e+01	
 7.2484e+01	
 7.1918e+01	
