% mean class accuracy (train set)	
 4.6292e+01	
 6.0041e+01	
 6.3192e+01	
 6.4932e+01	
 6.5957e+01	
 6.6475e+01	
 6.7071e+01	
 6.7763e+01	
 6.8261e+01	
 6.8599e+01	
 6.8727e+01	
 6.9156e+01	
 6.9461e+01	
 6.9465e+01	
 6.9984e+01	
 6.9941e+01	
 7.0091e+01	
 7.0347e+01	
 7.0646e+01	
 7.0997e+01	
 7.0742e+01	
 7.1198e+01	
 7.1175e+01	
 7.1514e+01	
 7.2024e+01	
 7.1585e+01	
 7.1394e+01	
 7.1463e+01	
 7.1641e+01	
 7.2238e+01	
 7.2214e+01	
 7.2161e+01	
 7.1965e+01	
 7.2533e+01	
 7.2300e+01	
 7.2191e+01	
 7.2417e+01	
 7.2288e+01	
 7.2511e+01	
 7.2849e+01	
 7.2746e+01	
 7.2535e+01	
 7.2866e+01	
 7.2815e+01	
 7.2802e+01	
 7.2782e+01	
 7.2876e+01	
 7.3071e+01	
 7.3362e+01	
 7.2731e+01	
 7.3237e+01	
 7.3237e+01	
 7.3247e+01	
 7.3451e+01	
 7.3248e+01	
 7.3474e+01	
 7.3404e+01	
 7.3361e+01	
 7.3241e+01	
 7.3285e+01	
 7.3630e+01	
 7.3457e+01	
 7.3590e+01	
 7.3495e+01	
 7.3467e+01	
 7.3459e+01	
 7.3664e+01	
 7.3557e+01	
 7.3736e+01	
 7.3774e+01	
 7.3714e+01	
 7.3458e+01	
 7.4005e+01	
 7.3649e+01	
 7.3958e+01	
 7.3842e+01	
 7.3715e+01	
 7.3724e+01	
 7.3651e+01	
 7.4243e+01	
 7.4085e+01	
 7.4124e+01	
 7.3886e+01	
 7.3948e+01	
 7.3756e+01	
 7.4161e+01	
 7.4101e+01	
 7.4199e+01	
 7.4293e+01	
 7.4124e+01	
 7.3880e+01	
 7.4158e+01	
 7.4411e+01	
 7.4478e+01	
 7.4175e+01	
 7.4498e+01	
 7.4195e+01	
 7.4309e+01	
 7.4271e+01	
 7.4535e+01	
 7.4456e+01	
 7.4400e+01	
 7.4129e+01	
 7.4381e+01	
 7.4643e+01	
 7.4157e+01	
 7.4385e+01	
 7.4618e+01	
 7.4546e+01	
 7.4713e+01	
 7.4530e+01	
 7.4500e+01	
 7.4835e+01	
 7.4592e+01	
 7.4818e+01	
 7.4824e+01	
 7.4814e+01	
 7.4746e+01	
 7.4718e+01	
 7.4894e+01	
 7.4577e+01	
 7.4810e+01	
 7.4925e+01	
 7.4721e+01	
 7.4926e+01	
 7.4926e+01	
 7.5025e+01	
 7.4856e+01	
 7.4867e+01	
 7.4836e+01	
 7.5092e+01	
 7.4976e+01	
 7.4828e+01	
 7.5123e+01	
 7.5189e+01	
 7.5308e+01	
 7.5155e+01	
 7.4894e+01	
 7.5251e+01	
 7.5203e+01	
 7.4935e+01	
 7.4940e+01	
 7.5206e+01	
 7.5151e+01	
 7.5133e+01	
 7.5122e+01	
 7.5032e+01	
 7.5073e+01	
 7.5082e+01	
 7.5415e+01	
 7.5331e+01	
 7.5129e+01	
 7.5184e+01	
 7.5119e+01	
 7.5297e+01	
 7.5290e+01	
 7.5374e+01	
 7.5437e+01	
 7.5068e+01	
 7.5230e+01	
 7.5419e+01	
 7.5419e+01	
 7.5258e+01	
 7.5210e+01	
 7.5342e+01	
 7.5145e+01	
 7.5380e+01	
 7.5275e+01	
 7.5458e+01	
 7.5523e+01	
 7.5244e+01	
 7.5528e+01	
 7.5286e+01	
 7.5455e+01	
 7.5303e+01	
 7.5294e+01	
 7.5490e+01	
 7.5349e+01	
 7.5368e+01	
 7.5235e+01	
 7.5251e+01	
 7.5600e+01	
 7.5635e+01	
 7.5257e+01	
 7.5439e+01	
 7.5398e+01	
 7.5541e+01	
 7.5374e+01	
 7.5488e+01	
 7.5267e+01	
 7.5531e+01	
 7.5513e+01	
 7.5620e+01	
 7.5757e+01	
 7.5853e+01	
 7.5586e+01	
 7.5477e+01	
 7.5513e+01	
 7.5529e+01	
 7.6330e+01	
 7.5521e+01	
 7.5624e+01	
 7.5781e+01	
 7.5681e+01	
 7.5762e+01	
 7.5558e+01	
 7.5484e+01	
 7.5480e+01	
 7.5416e+01	
 7.5643e+01	
 7.5673e+01	
 7.5497e+01	
 7.5425e+01	
 7.5447e+01	
 7.5624e+01	
 7.5568e+01	
 7.5568e+01	
 7.5684e+01	
 7.5764e+01	
 7.5882e+01	
 7.5717e+01	
 7.5635e+01	
 7.5708e+01	
 7.5639e+01	
 7.5442e+01	
 7.5857e+01	
 7.5820e+01	
 7.5634e+01	
 7.5654e+01	
 7.5854e+01	
 7.5719e+01	
 7.5778e+01	
 7.5695e+01	
 7.5649e+01	
 7.5665e+01	
 7.5687e+01	
 7.5729e+01	
 7.5757e+01	
 7.5812e+01	
 7.5628e+01	
 7.5900e+01	
 7.5717e+01	
 7.5632e+01	
 7.5700e+01	
 7.5836e+01	
 7.5640e+01	
 7.5630e+01	
 7.5535e+01	
 7.5817e+01	
 7.6570e+01	
 7.5727e+01	
 7.5795e+01	
 7.5932e+01	
 7.5765e+01	
 7.6040e+01	
 7.5643e+01	
 7.5579e+01	
 7.5991e+01	
 7.5803e+01	
 7.5790e+01	
 7.5685e+01	
 7.5742e+01	
 7.5714e+01	
 7.6045e+01	
 7.5504e+01	
 7.5643e+01	
 7.5867e+01	
 7.5738e+01	
 7.5760e+01	
 7.5843e+01	
 7.5740e+01	
 7.5813e+01	
 7.5679e+01	
 7.5785e+01	
 7.5974e+01	
 7.5981e+01	
 7.5716e+01	
 7.6006e+01	
 7.5902e+01	
 7.5699e+01	
 7.5818e+01	
 7.5737e+01	
 7.6031e+01	
 7.5717e+01	
 7.5811e+01	
 7.5740e+01	
 7.5643e+01	
 7.6178e+01	
 7.6158e+01	
 7.6000e+01	
 7.5908e+01	
 7.5779e+01	
 7.5955e+01	
 7.5769e+01	
 7.6131e+01	
 7.5584e+01	
 7.5790e+01	
 7.5683e+01	
 7.5927e+01	
 7.5248e+01	
 7.6102e+01	
 7.5750e+01	
 7.5914e+01	
 7.5915e+01	
 7.5799e+01	
 7.5910e+01	
 7.6053e+01	
 7.5868e+01	
 7.5880e+01	
 7.5952e+01	
 7.5877e+01	
 7.5756e+01	
 7.5724e+01	
 7.5914e+01	
 7.6060e+01	
 7.6030e+01	
 7.5902e+01	
 7.5811e+01	
 7.6034e+01	
 7.5788e+01	
 7.6018e+01	
 7.5835e+01	
 7.5907e+01	
 7.5694e+01	
 7.6016e+01	
 7.6129e+01	
 7.5720e+01	
 7.5990e+01	
 7.6007e+01	
 7.6139e+01	
 7.5960e+01	
 7.5880e+01	
 7.5942e+01	
 7.5677e+01	
 7.6094e+01	
 7.6024e+01	
 7.5955e+01	
 7.5893e+01	
 7.6066e+01	
 7.6114e+01	
 7.5888e+01	
 7.5958e+01	
 7.5964e+01	
 7.5985e+01	
 7.5776e+01	
 7.6250e+01	
 7.5649e+01	
 7.6004e+01	
 7.6001e+01	
 7.5654e+01	
 7.5699e+01	
 7.6022e+01	
 7.5989e+01	
 7.5891e+01	
 7.6127e+01	
 7.5916e+01	
 7.5903e+01	
 7.5887e+01	
 7.5839e+01	
 7.5727e+01	
 7.6164e+01	
 7.5877e+01	
 7.5725e+01	
 7.5950e+01	
 7.6158e+01	
 7.6088e+01	
 7.5894e+01	
 7.5898e+01	
 7.6195e+01	
 7.5880e+01	
 7.6074e+01	
 7.6017e+01	
 7.6090e+01	
 7.5842e+01	
 7.6059e+01	
 7.6022e+01	
 7.6049e+01	
 7.6048e+01	
 7.6193e+01	
 7.6109e+01	
 7.6184e+01	
 7.6250e+01	
 7.6272e+01	
 7.6224e+01	
 7.6158e+01	
 7.6389e+01	
 7.5957e+01	
 7.5971e+01	
 7.6233e+01	
 7.5904e+01	
 7.5931e+01	
 7.6088e+01	
 7.5830e+01	
 7.6228e+01	
 7.6030e+01	
 7.5963e+01	
 7.5765e+01	
 7.6115e+01	
 7.6388e+01	
 7.5758e+01	
 7.6055e+01	
 7.6151e+01	
 7.5934e+01	
 7.6098e+01	
 7.6235e+01	
 7.5793e+01	
 7.6112e+01	
 7.6179e+01	
 7.6020e+01	
 7.5829e+01	
 7.5850e+01	
 7.5878e+01	
 7.6065e+01	
 7.6288e+01	
 7.5871e+01	
 7.6066e+01	
 7.6093e+01	
 7.6112e+01	
 7.6070e+01	
 7.6114e+01	
 7.6040e+01	
 7.6135e+01	
 7.5976e+01	
 7.5917e+01	
 7.6134e+01	
 7.6118e+01	
 7.6060e+01	
 7.5891e+01	
 7.6325e+01	
 7.6106e+01	
 7.5982e+01	
 7.6119e+01	
 7.6126e+01	
 7.5997e+01	
 7.6021e+01	
 7.6269e+01	
 7.6114e+01	
 7.6279e+01	
 7.6215e+01	
 7.6023e+01	
 7.6234e+01	
 7.5980e+01	
 7.6338e+01	
 7.6095e+01	
 7.6015e+01	
 7.6064e+01	
 7.6147e+01	
 7.6122e+01	
 7.5944e+01	
 7.6492e+01	
 7.6158e+01	
 7.6231e+01	
 7.6056e+01	
 7.6129e+01	
 7.6296e+01	
 7.6141e+01	
 7.5872e+01	
 7.6251e+01	
 7.6211e+01	
 7.6436e+01	
 7.5885e+01	
 7.5971e+01	
 7.6240e+01	
 7.6113e+01	
 7.6161e+01	
 7.6003e+01	
 7.5995e+01	
 7.6284e+01	
 7.6407e+01	
 7.6179e+01	
 7.6101e+01	
 7.6097e+01	
 7.6171e+01	
 7.6344e+01	
 7.5910e+01	
 7.6054e+01	
 7.6171e+01	
 7.6227e+01	
 7.6061e+01	
 7.6135e+01	
 7.6144e+01	
 7.6025e+01	
 7.6044e+01	
 7.6147e+01	
 7.5961e+01	
 7.6056e+01	
 7.6126e+01	
 7.6276e+01	
 7.5967e+01	
 7.6249e+01	
 7.6202e+01	
 7.5977e+01	
 7.6355e+01	
 7.6135e+01	
 7.6000e+01	
 7.6276e+01	
 7.6029e+01	
 7.6381e+01	
 7.6268e+01	
 7.6237e+01	
 7.6236e+01	
 7.5924e+01	
 7.6228e+01	
 7.6101e+01	
 7.6185e+01	
 7.6114e+01	
 7.6320e+01	
 7.6623e+01	
 7.6356e+01	
 7.6420e+01	
 7.6275e+01	
 7.6060e+01	
 7.6135e+01	
 7.6218e+01	
 7.6242e+01	
 7.6232e+01	
 7.6476e+01	
 7.5802e+01	
 7.6155e+01	
 7.6020e+01	
 7.6329e+01	
 7.6359e+01	
 7.6207e+01	
 7.5804e+01	
 7.6024e+01	
 7.6044e+01	
 7.6279e+01	
 7.5920e+01	
 7.6163e+01	
 7.6071e+01	
 7.6056e+01	
 7.6150e+01	
 7.6221e+01	
 7.6624e+01	
 7.5870e+01	
 7.6347e+01	
 7.6127e+01	
 7.6291e+01	
 7.6054e+01	
 7.6391e+01	
 7.6007e+01	
 7.6232e+01	
 7.6282e+01	
 7.5966e+01	
 7.6169e+01	
 7.6216e+01	
 7.6415e+01	
 7.5798e+01	
 7.6261e+01	
 7.6067e+01	
 7.5884e+01	
 7.6600e+01	
 7.6187e+01	
 7.6379e+01	
 7.6269e+01	
 7.6006e+01	
 7.6243e+01	
 7.6271e+01	
 7.6410e+01	
 7.6552e+01	
 7.6273e+01	
 7.6191e+01	
 7.6282e+01	
 7.5982e+01	
 7.5956e+01	
 7.6256e+01	
 7.6300e+01	
 7.6317e+01	
 7.6194e+01	
 7.6233e+01	
 7.6256e+01	
 7.6064e+01	
 7.6212e+01	
 7.5534e+01	
 7.6588e+01	
 7.6235e+01	
 7.6364e+01	
 7.6372e+01	
 7.6041e+01	
 7.6564e+01	
 7.6237e+01	
 7.6348e+01	
 7.6036e+01	
 7.6038e+01	
 7.6316e+01	
 7.6318e+01	
 7.6261e+01	
 7.6407e+01	
 7.6020e+01	
 7.6220e+01	
 7.6079e+01	
 7.6152e+01	
 7.6223e+01	
 7.6161e+01	
 7.6155e+01	
 7.5974e+01	
 7.6310e+01	
 7.6334e+01	
 7.5855e+01	
 7.6228e+01	
 7.6289e+01	
 7.6232e+01	
 7.6371e+01	
 7.6272e+01	
 7.6199e+01	
 7.5973e+01	
 7.6374e+01	
 7.6315e+01	
 7.6409e+01	
 7.6288e+01	
 7.6453e+01	
 7.6307e+01	
 7.6292e+01	
 7.6131e+01	
 7.6429e+01	
 7.6184e+01	
 7.6241e+01	
 7.6387e+01	
