% mean class accuracy (train set)	
 7.4237e+01	
 7.7219e+01	
 7.8241e+01	
 7.9244e+01	
 8.0058e+01	
 8.0707e+01	
 8.1357e+01	
 8.2036e+01	
 8.2560e+01	
 8.3130e+01	
 8.3475e+01	
 8.4162e+01	
 8.4532e+01	
 8.4881e+01	
 8.5292e+01	
 8.5552e+01	
 8.5841e+01	
 8.6070e+01	
 8.6417e+01	
 8.6524e+01	
 8.6867e+01	
 8.7153e+01	
 8.7420e+01	
 8.7388e+01	
 8.8616e+01	
 8.7846e+01	
 8.8051e+01	
 8.8068e+01	
 8.8177e+01	
 8.8299e+01	
 8.8529e+01	
 8.8460e+01	
 8.8719e+01	
 8.8967e+01	
 8.9205e+01	
 8.9218e+01	
 8.9308e+01	
 8.9227e+01	
 8.9433e+01	
 8.9528e+01	
 8.9667e+01	
 8.9578e+01	
 8.9691e+01	
 8.9827e+01	
 9.0081e+01	
 8.9788e+01	
 9.0192e+01	
 9.0184e+01	
 9.0184e+01	
 9.0420e+01	
 9.0423e+01	
 9.0278e+01	
 9.0455e+01	
 9.0409e+01	
 9.0581e+01	
 9.0727e+01	
 9.0574e+01	
 9.0787e+01	
 9.0839e+01	
 9.0810e+01	
 9.0770e+01	
 9.0957e+01	
 9.0942e+01	
 9.0981e+01	
 9.0981e+01	
 9.1260e+01	
 9.1128e+01	
 9.1225e+01	
 9.1355e+01	
 9.1288e+01	
 9.1300e+01	
 9.1443e+01	
 9.1420e+01	
 9.1475e+01	
 9.1357e+01	
 9.1600e+01	
 9.1371e+01	
 9.1688e+01	
 9.1536e+01	
 9.1715e+01	
 9.1750e+01	
 9.1716e+01	
 9.1705e+01	
 9.1727e+01	
 9.1804e+01	
 9.1837e+01	
 9.1874e+01	
 9.1861e+01	
 9.1845e+01	
 9.1997e+01	
 9.1787e+01	
 9.2027e+01	
 9.2053e+01	
 9.2089e+01	
 9.2084e+01	
 9.2100e+01	
 9.2057e+01	
 9.2239e+01	
 9.2225e+01	
 9.2392e+01	
 9.2217e+01	
 9.2172e+01	
 9.2270e+01	
 9.2168e+01	
 9.2242e+01	
 9.2240e+01	
 9.2199e+01	
 9.2321e+01	
 9.2443e+01	
 9.2427e+01	
 9.2474e+01	
 9.2442e+01	
 9.2267e+01	
 9.2414e+01	
 9.2633e+01	
 9.2511e+01	
 9.2491e+01	
 9.2511e+01	
 9.2692e+01	
 9.2627e+01	
 9.2510e+01	
 9.2696e+01	
 9.2673e+01	
 9.2644e+01	
 9.2582e+01	
 9.2672e+01	
 9.2571e+01	
 9.2703e+01	
 9.2684e+01	
 9.2600e+01	
 9.2730e+01	
 9.2784e+01	
 9.2835e+01	
 9.2827e+01	
 9.2798e+01	
 9.2818e+01	
 9.2856e+01	
 9.2851e+01	
 9.2759e+01	
 9.2989e+01	
 9.2832e+01	
 9.2793e+01	
 9.2783e+01	
 9.2819e+01	
 9.2928e+01	
 9.2889e+01	
 9.3038e+01	
 9.3037e+01	
 9.3036e+01	
 9.3316e+01	
 9.2973e+01	
 9.2946e+01	
 9.3030e+01	
 9.3065e+01	
 9.3159e+01	
 9.3034e+01	
 9.3041e+01	
 9.3044e+01	
 9.3126e+01	
 9.3100e+01	
 9.3264e+01	
 9.3228e+01	
 9.3148e+01	
 9.3164e+01	
 9.3241e+01	
 9.3174e+01	
 9.3099e+01	
 9.3150e+01	
 9.3165e+01	
 9.3134e+01	
 9.3089e+01	
 9.3241e+01	
 9.3138e+01	
 9.3285e+01	
 9.3250e+01	
 9.3141e+01	
 9.3171e+01	
 9.3182e+01	
 9.3301e+01	
 9.3379e+01	
 9.3317e+01	
 9.3221e+01	
 9.3266e+01	
 9.3344e+01	
 9.3431e+01	
 9.3341e+01	
 9.3307e+01	
 9.3333e+01	
 9.3447e+01	
 9.3394e+01	
 9.3452e+01	
 9.3304e+01	
 9.3341e+01	
 9.3391e+01	
 9.3445e+01	
 9.3303e+01	
 9.3458e+01	
 9.3453e+01	
 9.3412e+01	
 9.3392e+01	
 9.3347e+01	
 9.3330e+01	
 9.3440e+01	
 9.3459e+01	
 9.3451e+01	
 9.3451e+01	
 9.3580e+01	
 9.3451e+01	
 9.3503e+01	
 9.3388e+01	
 9.3379e+01	
 9.3545e+01	
 9.3558e+01	
 9.3436e+01	
 9.3604e+01	
 9.3532e+01	
 9.3518e+01	
 9.3418e+01	
 9.3553e+01	
 9.3576e+01	
 9.3514e+01	
 9.3526e+01	
 9.3514e+01	
 9.3659e+01	
 9.3341e+01	
 9.3598e+01	
 9.3503e+01	
 9.3666e+01	
 9.3586e+01	
 9.3653e+01	
 9.3672e+01	
 9.3753e+01	
 9.3601e+01	
 9.3522e+01	
 9.3773e+01	
 9.3676e+01	
 9.3771e+01	
 9.3687e+01	
 9.3555e+01	
 9.3700e+01	
 9.3641e+01	
 9.3590e+01	
 9.3707e+01	
 9.3631e+01	
 9.3655e+01	
 9.3620e+01	
 9.3875e+01	
 9.3627e+01	
 9.3747e+01	
 9.3664e+01	
 9.3610e+01	
 9.3675e+01	
 9.3822e+01	
 9.3672e+01	
 9.3658e+01	
 9.3693e+01	
 9.3823e+01	
 9.3702e+01	
 9.3838e+01	
 9.3818e+01	
 9.3749e+01	
 9.3764e+01	
 9.3862e+01	
 9.3674e+01	
 9.3849e+01	
 9.3814e+01	
 9.3688e+01	
 9.3759e+01	
 9.3667e+01	
 9.3731e+01	
 9.3789e+01	
 9.3779e+01	
 9.3847e+01	
 9.3877e+01	
 9.3608e+01	
 9.3852e+01	
 9.3725e+01	
 9.3782e+01	
 9.3666e+01	
 9.3928e+01	
 9.3947e+01	
 9.3820e+01	
 9.3894e+01	
 9.3899e+01	
 9.3939e+01	
 9.3921e+01	
 9.3977e+01	
 9.3877e+01	
 9.3823e+01	
 9.3864e+01	
 9.3881e+01	
 9.3897e+01	
 9.3790e+01	
 9.3852e+01	
 9.3825e+01	
 9.3873e+01	
