% mean class accuracy (train set)	
 4.6649e+01	
 6.0210e+01	
 6.3175e+01	
 6.4839e+01	
 6.5464e+01	
 6.5982e+01	
 6.6683e+01	
 6.7047e+01	
 6.7518e+01	
 6.7854e+01	
 6.8014e+01	
 6.8818e+01	
 6.8790e+01	
 6.8717e+01	
 6.9559e+01	
 6.9220e+01	
 6.9288e+01	
 6.9307e+01	
 6.9768e+01	
 7.0066e+01	
 6.9935e+01	
 7.0165e+01	
 7.0568e+01	
 7.0327e+01	
 7.2098e+01	
 7.0551e+01	
 7.0614e+01	
 7.1061e+01	
 7.0696e+01	
 7.1094e+01	
 7.1275e+01	
 7.1136e+01	
 7.1333e+01	
 7.1602e+01	
 7.1275e+01	
 7.1415e+01	
 7.1675e+01	
 7.1891e+01	
 7.1713e+01	
 7.1722e+01	
 7.1866e+01	
 7.2042e+01	
 7.2110e+01	
 7.1997e+01	
 7.2200e+01	
 7.2003e+01	
 7.2306e+01	
 7.2356e+01	
 7.2365e+01	
 7.3121e+01	
 7.2278e+01	
 7.2287e+01	
 7.2540e+01	
 7.2421e+01	
 7.2761e+01	
 7.2557e+01	
 7.2633e+01	
 7.2851e+01	
 7.2807e+01	
 7.2798e+01	
 7.2738e+01	
 7.2680e+01	
 7.2697e+01	
 7.2678e+01	
 7.2681e+01	
 7.2966e+01	
 7.3152e+01	
 7.2940e+01	
 7.3247e+01	
 7.3030e+01	
 7.2689e+01	
 7.3002e+01	
 7.3109e+01	
 7.3164e+01	
 7.3127e+01	
 7.3128e+01	
 7.3022e+01	
 7.3106e+01	
 7.2844e+01	
 7.3256e+01	
 7.3363e+01	
 7.3012e+01	
 7.3161e+01	
 7.3281e+01	
 7.3449e+01	
 7.3318e+01	
 7.3528e+01	
 7.3359e+01	
 7.3195e+01	
 7.3573e+01	
 7.3355e+01	
 7.3347e+01	
 7.3417e+01	
 7.3342e+01	
 7.3545e+01	
 7.3541e+01	
 7.3566e+01	
 7.3587e+01	
 7.3673e+01	
 7.3949e+01	
 7.4044e+01	
 7.3768e+01	
 7.3861e+01	
 7.3888e+01	
 7.3790e+01	
 7.3768e+01	
 7.3909e+01	
 7.3838e+01	
 7.3855e+01	
 7.4222e+01	
 7.3557e+01	
 7.3940e+01	
 7.3777e+01	
 7.3813e+01	
 7.3718e+01	
 7.3613e+01	
 7.3967e+01	
 7.4146e+01	
 7.3658e+01	
 7.3715e+01	
 7.4121e+01	
 7.3944e+01	
 7.3783e+01	
 7.3823e+01	
 7.3876e+01	
 7.3595e+01	
 7.3935e+01	
 7.3881e+01	
 7.4098e+01	
 7.4020e+01	
 7.4115e+01	
 7.4101e+01	
 7.4177e+01	
 7.4145e+01	
 7.3951e+01	
 7.3846e+01	
 7.4060e+01	
 7.4118e+01	
 7.4040e+01	
 7.4131e+01	
 7.4044e+01	
 7.4090e+01	
 7.4353e+01	
 7.4169e+01	
 7.4391e+01	
 7.4169e+01	
 7.3937e+01	
 7.4312e+01	
 7.4213e+01	
 7.4634e+01	
 7.4264e+01	
 7.4110e+01	
 7.4471e+01	
 7.4308e+01	
 7.4344e+01	
 7.4279e+01	
 7.4313e+01	
 7.4519e+01	
 7.4123e+01	
 7.4299e+01	
 7.4215e+01	
 7.4544e+01	
 7.4279e+01	
 7.4329e+01	
 7.4316e+01	
 7.4446e+01	
 7.4112e+01	
 7.4511e+01	
 7.4473e+01	
 7.4605e+01	
 7.4370e+01	
 7.4597e+01	
 7.4666e+01	
 7.4272e+01	
 7.4607e+01	
 7.4543e+01	
 7.4323e+01	
 7.4626e+01	
 7.4686e+01	
 7.4637e+01	
 7.4620e+01	
 7.4555e+01	
 7.4396e+01	
 7.4575e+01	
 7.4692e+01	
 7.4786e+01	
 7.4495e+01	
 7.4519e+01	
 7.4641e+01	
 7.4353e+01	
 7.4624e+01	
 7.4560e+01	
 7.4484e+01	
 7.4774e+01	
 7.4490e+01	
 7.4768e+01	
 7.5024e+01	
 7.4757e+01	
 7.4498e+01	
 7.4912e+01	
 7.4824e+01	
 7.4877e+01	
 7.4662e+01	
 7.4932e+01	
 7.5050e+01	
 7.5005e+01	
 7.5025e+01	
 7.5043e+01	
 7.4747e+01	
 7.4694e+01	
 7.4794e+01	
 7.4879e+01	
 7.4956e+01	
 7.4887e+01	
 7.4820e+01	
 7.4863e+01	
 7.4636e+01	
 7.4684e+01	
 7.4780e+01	
 7.4920e+01	
 7.4730e+01	
 7.4929e+01	
 7.5151e+01	
 7.4754e+01	
 7.4959e+01	
 7.5275e+01	
 7.4786e+01	
 7.4841e+01	
 7.4974e+01	
 7.4740e+01	
 7.5292e+01	
 7.4950e+01	
 7.5027e+01	
 7.4872e+01	
 7.5058e+01	
 7.4873e+01	
 7.4983e+01	
 7.5011e+01	
 7.5083e+01	
 7.4958e+01	
 7.5003e+01	
 7.5057e+01	
 7.5081e+01	
 7.5072e+01	
 7.5211e+01	
 7.5022e+01	
 7.5106e+01	
 7.5073e+01	
 7.5276e+01	
 7.5234e+01	
 7.5157e+01	
 7.5056e+01	
 7.5066e+01	
 7.5156e+01	
 7.5241e+01	
 7.5048e+01	
 7.4926e+01	
 7.5088e+01	
 7.5073e+01	
 7.5079e+01	
 7.5127e+01	
 7.5001e+01	
 7.5167e+01	
 7.5115e+01	
 7.5245e+01	
 7.5210e+01	
 7.5375e+01	
 7.4872e+01	
 7.5354e+01	
 7.5001e+01	
 7.5213e+01	
 7.5170e+01	
 7.5314e+01	
 7.5239e+01	
 7.5768e+01	
 7.4864e+01	
 7.5147e+01	
 7.5266e+01	
 7.5451e+01	
 7.4969e+01	
 7.5148e+01	
 7.5407e+01	
 7.5177e+01	
 7.5323e+01	
 7.5189e+01	
 7.5237e+01	
 7.5412e+01	
 7.5437e+01	
 7.5245e+01	
 7.5204e+01	
 7.5333e+01	
 7.5169e+01	
 7.5237e+01	
 7.5245e+01	
 7.5247e+01	
 7.5283e+01	
 7.4998e+01	
 7.5255e+01	
 7.5207e+01	
 7.5564e+01	
 7.5247e+01	
 7.5465e+01	
 7.5086e+01	
 7.5163e+01	
 7.5170e+01	
 7.5417e+01	
 7.5273e+01	
 7.5565e+01	
 7.5533e+01	
 7.5522e+01	
 7.5488e+01	
 7.5571e+01	
 7.5084e+01	
 7.5128e+01	
 7.5430e+01	
 7.5184e+01	
 7.5359e+01	
 7.5043e+01	
 7.5181e+01	
 7.5421e+01	
 7.5477e+01	
 7.5196e+01	
 7.5188e+01	
 7.5429e+01	
 7.5761e+01	
 7.5384e+01	
 7.5259e+01	
 7.5405e+01	
 7.5494e+01	
 7.5463e+01	
 7.5319e+01	
 7.5291e+01	
 7.5636e+01	
 7.5292e+01	
 7.5414e+01	
 7.5447e+01	
 7.5552e+01	
 7.5614e+01	
 7.5543e+01	
 7.5365e+01	
 7.5388e+01	
 7.5314e+01	
 7.5454e+01	
 7.5308e+01	
 7.5545e+01	
 7.5669e+01	
 7.5764e+01	
 7.5465e+01	
 7.5192e+01	
 7.5694e+01	
 7.5174e+01	
 7.5550e+01	
 7.5389e+01	
 7.5511e+01	
 7.5533e+01	
 7.5413e+01	
 7.5612e+01	
 7.5328e+01	
 7.5592e+01	
 7.5547e+01	
 7.5579e+01	
 7.5488e+01	
 7.5492e+01	
 7.5485e+01	
 7.5346e+01	
 7.5476e+01	
 7.5545e+01	
 7.5456e+01	
 7.5593e+01	
 7.5546e+01	
 7.5397e+01	
 7.5357e+01	
 7.5413e+01	
 7.5538e+01	
 7.5384e+01	
 7.5389e+01	
 7.5628e+01	
 7.5346e+01	
 7.5591e+01	
 7.5628e+01	
 7.5700e+01	
 7.5643e+01	
 7.5917e+01	
 7.5391e+01	
 7.5729e+01	
 7.5604e+01	
 7.5492e+01	
 7.5749e+01	
 7.5452e+01	
 7.5495e+01	
 7.5652e+01	
 7.5417e+01	
 7.5390e+01	
 7.5528e+01	
 7.5449e+01	
 7.5391e+01	
 7.5582e+01	
 7.5373e+01	
 7.5573e+01	
 7.5607e+01	
 7.5139e+01	
 7.5589e+01	
 7.5341e+01	
 7.5803e+01	
 7.5513e+01	
 7.5530e+01	
 7.5496e+01	
 7.5423e+01	
 7.5373e+01	
 7.5535e+01	
 7.5679e+01	
 7.5529e+01	
 7.5601e+01	
 7.5488e+01	
 7.5666e+01	
 7.5555e+01	
 7.5627e+01	
 7.5505e+01	
 7.5419e+01	
 7.5414e+01	
 7.5720e+01	
 7.5447e+01	
 7.5641e+01	
 7.5064e+01	
 7.5707e+01	
 7.5481e+01	
 7.5596e+01	
 7.5587e+01	
 7.5817e+01	
 7.5643e+01	
 7.5567e+01	
 7.5554e+01	
 7.5957e+01	
 7.5589e+01	
 7.5505e+01	
 7.5790e+01	
 7.5875e+01	
 7.5659e+01	
 7.5325e+01	
 7.5519e+01	
 7.5664e+01	
 7.5593e+01	
 7.5575e+01	
 7.5380e+01	
 7.5516e+01	
 7.5510e+01	
 7.5439e+01	
 7.5432e+01	
 7.5529e+01	
 7.5905e+01	
 7.5578e+01	
 7.5612e+01	
 7.5466e+01	
 7.5583e+01	
 7.5413e+01	
 7.5704e+01	
 7.5639e+01	
 7.5695e+01	
 7.5789e+01	
 7.5604e+01	
 7.5660e+01	
 7.5457e+01	
 7.5722e+01	
 7.5786e+01	
 7.5419e+01	
 7.5607e+01	
 7.5618e+01	
 7.5521e+01	
 7.5781e+01	
 7.5573e+01	
 7.5701e+01	
 7.5495e+01	
 7.5669e+01	
 7.5942e+01	
 7.5862e+01	
 7.5536e+01	
 7.5582e+01	
 7.5267e+01	
 7.5785e+01	
 7.5603e+01	
 7.5573e+01	
 7.5618e+01	
 7.5846e+01	
 7.5543e+01	
 7.5631e+01	
 7.5955e+01	
 7.5447e+01	
 7.5416e+01	
 7.5534e+01	
 7.5619e+01	
 7.5359e+01	
 7.5820e+01	
 7.5587e+01	
 7.5786e+01	
 7.5521e+01	
 7.5753e+01	
 7.5706e+01	
 7.5596e+01	
 7.5315e+01	
 7.5422e+01	
 7.5618e+01	
 7.5769e+01	
 7.5549e+01	
 7.5714e+01	
 7.5531e+01	
 7.5671e+01	
 7.5944e+01	
 7.5666e+01	
 7.5611e+01	
 7.5750e+01	
 7.5682e+01	
 7.5497e+01	
 7.5802e+01	
 7.5555e+01	
 7.5689e+01	
 7.5952e+01	
 7.5616e+01	
 7.5666e+01	
 7.5489e+01	
 7.5753e+01	
 7.5470e+01	
 7.5805e+01	
 7.5615e+01	
 7.5599e+01	
 7.5905e+01	
 7.5674e+01	
 7.5755e+01	
 7.5745e+01	
 7.5820e+01	
 7.5570e+01	
 7.5604e+01	
 7.5884e+01	
 7.5806e+01	
 7.5628e+01	
 7.5632e+01	
 7.5707e+01	
 7.5698e+01	
 7.5631e+01	
 7.5704e+01	
 7.5762e+01	
 7.5757e+01	
 7.5799e+01	
 7.5916e+01	
 7.5675e+01	
 7.5795e+01	
 7.5698e+01	
 7.5614e+01	
 7.5595e+01	
 7.5133e+01	
 7.5707e+01	
 7.5627e+01	
 7.5451e+01	
 7.5570e+01	
 7.5711e+01	
 7.5666e+01	
 7.5733e+01	
 7.5753e+01	
 7.5781e+01	
 7.5762e+01	
 7.5731e+01	
 7.5728e+01	
 7.5895e+01	
 7.5589e+01	
 7.5600e+01	
 7.5413e+01	
 7.5619e+01	
 7.5749e+01	
 7.5769e+01	
 7.5806e+01	
 7.5630e+01	
 7.5780e+01	
 7.5648e+01	
 7.5926e+01	
 7.5190e+01	
 7.5561e+01	
 7.5903e+01	
 7.5861e+01	
 7.5961e+01	
 7.5861e+01	
 7.5869e+01	
 7.5584e+01	
 7.5752e+01	
 7.5999e+01	
 7.5687e+01	
 7.5495e+01	
 7.5745e+01	
 7.5558e+01	
 7.5936e+01	
 7.5909e+01	
 7.5493e+01	
 7.5684e+01	
 7.5928e+01	
 7.5423e+01	
 7.5521e+01	
 7.5922e+01	
 7.5691e+01	
 7.5496e+01	
 7.5557e+01	
 7.5302e+01	
 7.5732e+01	
 7.5651e+01	
 7.5771e+01	
 7.5495e+01	
 7.6018e+01	
 7.5894e+01	
 7.5379e+01	
 7.5947e+01	
 7.5555e+01	
 7.5761e+01	
 7.5565e+01	
 7.5844e+01	
 7.5612e+01	
 7.5565e+01	
 7.5872e+01	
 7.5868e+01	
 7.5839e+01	
 7.5922e+01	
 7.5787e+01	
 7.5770e+01	
 7.5969e+01	
 7.5844e+01	
 7.5761e+01	
 7.5943e+01	
 7.5732e+01	
 7.5805e+01	
 7.5730e+01	
 7.5843e+01	
 7.5826e+01	
 7.5822e+01	
 7.5685e+01	
 7.5737e+01	
 7.5861e+01	
 7.6005e+01	
 7.5839e+01	
 7.5797e+01	
 7.5538e+01	
 7.5890e+01	
 7.5930e+01	
 7.5902e+01	
 7.5853e+01	
 7.5829e+01	
 7.5680e+01	
 7.5814e+01	
 7.5971e+01	
 7.6046e+01	
 7.5983e+01	
 7.5822e+01	
 7.6176e+01	
 7.5776e+01	
 7.5864e+01	
 7.5917e+01	
 7.5810e+01	
 7.5768e+01	
 7.5904e+01	
 7.5798e+01	
 7.5708e+01	
 7.5884e+01	
 7.5770e+01	
 7.5959e+01	
 7.5736e+01	
 7.5818e+01	
 7.5845e+01	
 7.5794e+01	
 7.5716e+01	
 7.5780e+01	
 7.5796e+01	
 7.5802e+01	
 7.5888e+01	
 7.5948e+01	
 7.5812e+01	
 7.5838e+01	
 7.6029e+01	
 7.5830e+01	
 7.5543e+01	
 7.5809e+01	
 7.5877e+01	
 7.5988e+01	
 7.5660e+01	
 7.5920e+01	
 7.6033e+01	
 7.6082e+01	
 7.6026e+01	
 7.5802e+01	
 7.5770e+01	
 7.5785e+01	
 7.5516e+01	
 7.5857e+01	
 7.5894e+01	
 7.5722e+01	
 7.5659e+01	
 7.5894e+01	
 7.5699e+01	
 7.5485e+01	
 7.5963e+01	
 7.5589e+01	
 7.5738e+01	
 7.5669e+01	
 7.5941e+01	
 7.5685e+01	
 7.5745e+01	
 7.5920e+01	
 7.5725e+01	
 7.5802e+01	
 7.5812e+01	
 7.5836e+01	
 7.5847e+01	
 7.5724e+01	
 7.5576e+01	
 7.5891e+01	
 7.5591e+01	
 7.5795e+01	
 7.6379e+01	
 7.5830e+01	
 7.5998e+01	
 7.5865e+01	
 7.5926e+01	
 7.5716e+01	
 7.5855e+01	
 7.5794e+01	
 7.5959e+01	
 7.5827e+01	
 7.6000e+01	
 7.5801e+01	
 7.6306e+01	
 7.5709e+01	
 7.6263e+01	
 7.5784e+01	
 7.5960e+01	
 7.5826e+01	
 7.5895e+01	
 7.5611e+01	
 7.5951e+01	
 7.5880e+01	
 7.5689e+01	
 7.5885e+01	
 7.5963e+01	
 7.5923e+01	
 7.5802e+01	
 7.5961e+01	
 7.5785e+01	
 7.5820e+01	
 7.5866e+01	
 7.5713e+01	
 7.5952e+01	
 7.5964e+01	
 7.5858e+01	
 7.5774e+01	
 7.5858e+01	
 7.5767e+01	
 7.5949e+01	
 7.5852e+01	
 7.6117e+01	
 7.5764e+01	
 7.5933e+01	
 7.5952e+01	
 7.5568e+01	
 7.5990e+01	
 7.5879e+01	
 7.6006e+01	
 7.6033e+01	
 7.5765e+01	
 7.5988e+01	
 7.5952e+01	
 7.5630e+01	
 7.5992e+01	
 7.6095e+01	
 7.5786e+01	
 7.6109e+01	
 7.5874e+01	
 7.5898e+01	
 7.5737e+01	
 7.5884e+01	
 7.6146e+01	
 7.6011e+01	
 7.5948e+01	
 7.5947e+01	
 7.5908e+01	
 7.5854e+01	
 7.5795e+01	
 7.5909e+01	
 7.5894e+01	
 7.5916e+01	
 7.6060e+01	
 7.5888e+01	
 7.5733e+01	
 7.5652e+01	
 7.5825e+01	
 7.5764e+01	
 7.5902e+01	
 7.5640e+01	
 7.5555e+01	
 7.6001e+01	
 7.5925e+01	
 7.5906e+01	
 7.6044e+01	
 7.5790e+01	
 7.5961e+01	
 7.5803e+01	
 7.5481e+01	
 7.5889e+01	
 7.5787e+01	
 7.5794e+01	
 7.5880e+01	
 7.5995e+01	
 7.6102e+01	
 7.5991e+01	
 7.5798e+01	
 7.5795e+01	
 7.5854e+01	
 7.5817e+01	
 7.6127e+01	
 7.5772e+01	
 7.5882e+01	
 7.5992e+01	
 7.5953e+01	
 7.5758e+01	
 7.5965e+01	
 7.5919e+01	
 7.6152e+01	
 7.5778e+01	
 7.5895e+01	
 7.5748e+01	
 7.5684e+01	
 7.3730e+01	
 7.6029e+01	
 7.5827e+01	
 7.5890e+01	
 7.5966e+01	
 7.5827e+01	
 7.5928e+01	
 7.5878e+01	
 7.5842e+01	
 7.5972e+01	
 7.5852e+01	
 7.5842e+01	
 7.6068e+01	
 7.6028e+01	
 7.5805e+01	
 7.5996e+01	
 7.6072e+01	
 7.5674e+01	
 7.6117e+01	
 7.5997e+01	
 7.5898e+01	
 7.5729e+01	
 7.5920e+01	
 7.5852e+01	
 7.5949e+01	
 7.5781e+01	
 7.5883e+01	
 7.6166e+01	
 7.5963e+01	
 7.5758e+01	
 7.5822e+01	
 7.6196e+01	
 7.5877e+01	
 7.5860e+01	
 7.5834e+01	
 7.5648e+01	
 7.5828e+01	
 7.5931e+01	
 7.6001e+01	
 7.6076e+01	
 7.5814e+01	
 7.5993e+01	
 7.5676e+01	
 7.5713e+01	
 7.5801e+01	
 7.6042e+01	
 7.5731e+01	
 7.5719e+01	
 7.6023e+01	
 7.6003e+01	
 7.6047e+01	
 7.5685e+01	
 7.5878e+01	
 7.5875e+01	
 7.5780e+01	
 7.5972e+01	
 7.5863e+01	
 7.5779e+01	
 7.6135e+01	
 7.6039e+01	
 7.5803e+01	
 7.5973e+01	
 7.5945e+01	
 7.5899e+01	
 7.5909e+01	
 7.5829e+01	
 7.5837e+01	
 7.5725e+01	
 7.5936e+01	
 7.5858e+01	
 7.6137e+01	
 7.5985e+01	
 7.6161e+01	
 7.5862e+01	
 7.5856e+01	
 7.5517e+01	
 7.5975e+01	
 7.6047e+01	
 7.5649e+01	
 7.6037e+01	
 7.6024e+01	
 7.5959e+01	
 7.6069e+01	
 7.5890e+01	
 7.5689e+01	
 7.5981e+01	
 7.5756e+01	
 7.5992e+01	
 7.6060e+01	
 7.5888e+01	
 7.5778e+01	
 7.6194e+01	
 7.5796e+01	
 7.5940e+01	
 7.6143e+01	
 7.6070e+01	
 7.6001e+01	
 7.6101e+01	
 7.6058e+01	
 7.5877e+01	
 7.6189e+01	
 7.6107e+01	
 7.5787e+01	
 7.5964e+01	
 7.6065e+01	
 7.5825e+01	
 7.6137e+01	
 7.5874e+01	
 7.5695e+01	
 7.5739e+01	
 7.6021e+01	
 7.6102e+01	
 7.5753e+01	
 7.5813e+01	
 7.6085e+01	
 7.5941e+01	
 7.6055e+01	
 7.5777e+01	
 7.5930e+01	
 7.5987e+01	
 7.5934e+01	
 7.5943e+01	
 7.5640e+01	
 7.5780e+01	
 7.5748e+01	
 7.6175e+01	
 7.6030e+01	
 7.5810e+01	
 7.6142e+01	
 7.6034e+01	
 7.5901e+01	
 7.5656e+01	
 7.5793e+01	
 7.5829e+01	
 7.6154e+01	
 7.5882e+01	
 7.6171e+01	
 7.5836e+01	
 7.6023e+01	
 7.5836e+01	
 7.5972e+01	
 7.5746e+01	
 7.5792e+01	
 7.6148e+01	
 7.5818e+01	
 7.5899e+01	
 7.5900e+01	
 7.5809e+01	
 7.5882e+01	
 7.5893e+01	
 7.6084e+01	
 7.5858e+01	
 7.5829e+01	
 7.6155e+01	
 7.5931e+01	
 7.5656e+01	
 7.5763e+01	
 7.5720e+01	
 7.5776e+01	
 7.5880e+01	
 7.6038e+01	
 7.5829e+01	
 7.5796e+01	
 7.5665e+01	
 7.5805e+01	
 7.6000e+01	
 7.5772e+01	
 7.5839e+01	
 7.5797e+01	
 7.6073e+01	
 7.6001e+01	
 7.5952e+01	
 7.5789e+01	
 7.6112e+01	
 7.5749e+01	
 7.5645e+01	
 7.5955e+01	
 7.5673e+01	
 7.5956e+01	
 7.6037e+01	
 7.6024e+01	
 7.5850e+01	
 7.5893e+01	
 7.6066e+01	
 7.6037e+01	
 7.5768e+01	
 7.6133e+01	
 7.5915e+01	
 7.6168e+01	
 7.5979e+01	
 7.6016e+01	
 7.6207e+01	
 7.5911e+01	
 7.6087e+01	
 7.6058e+01	
 7.5837e+01	
 7.6060e+01	
 7.5867e+01	
 7.5734e+01	
 7.5826e+01	
 7.5799e+01	
 7.6053e+01	
 7.5985e+01	
 7.5911e+01	
 7.5854e+01	
 7.5878e+01	
 7.5901e+01	
 7.5863e+01	
 7.6101e+01	
 7.5855e+01	
 7.5911e+01	
 7.6028e+01	
 7.5973e+01	
 7.5989e+01	
 7.5952e+01	
 7.6194e+01	
 7.6029e+01	
 7.5681e+01	
 7.6020e+01	
 7.5961e+01	
 7.5781e+01	
 7.5941e+01	
 7.5814e+01	
 7.5908e+01	
 7.5821e+01	
 7.6150e+01	
 7.6023e+01	
 7.6022e+01	
 7.5799e+01	
 7.6095e+01	
 7.5936e+01	
 7.5940e+01	
 7.5826e+01	
 7.5985e+01	
 7.6155e+01	
 7.5924e+01	
 7.6153e+01	
 7.5943e+01	
 7.5896e+01	
 7.5917e+01	
 7.5748e+01	
 7.5853e+01	
 7.6054e+01	
 7.5923e+01	
 7.6114e+01	
 7.6028e+01	
 7.5925e+01	
 7.5776e+01	
 7.5732e+01	
 7.5965e+01	
 7.6064e+01	
 7.5892e+01	
 7.6199e+01	
 7.6110e+01	
 7.6232e+01	
 7.5823e+01	
 7.5844e+01	
 7.5831e+01	
 7.6054e+01	
 7.6010e+01	
 7.6107e+01	
 7.6115e+01	
 7.5871e+01	
 7.5835e+01	
 7.5916e+01	
 7.5956e+01	
 7.6085e+01	
 7.6000e+01	
 7.5979e+01	
 7.5650e+01	
 7.5933e+01	
 7.5952e+01	
 7.5914e+01	
 7.5441e+01	
 7.5874e+01	
 7.5892e+01	
 7.6008e+01	
 7.6119e+01	
 7.5943e+01	
 7.5894e+01	
 7.5953e+01	
 7.6083e+01	
 7.5938e+01	
 7.5976e+01	
 7.5681e+01	
 7.6104e+01	
 7.6038e+01	
 7.5854e+01	
 7.6199e+01	
 7.6095e+01	
 7.6201e+01	
 7.5859e+01	
 7.5945e+01	
 7.5997e+01	
 7.5615e+01	
 7.5698e+01	
 7.5632e+01	
 7.6110e+01	
 7.6403e+01	
 7.6351e+01	
 7.5841e+01	
 7.5972e+01	
 7.5898e+01	
 7.5729e+01	
 7.5859e+01	
 7.6076e+01	
 7.5804e+01	
 7.6078e+01	
 7.5968e+01	
 7.6106e+01	
 7.5957e+01	
 7.6233e+01	
 7.6030e+01	
 7.5805e+01	
 7.5852e+01	
 7.5691e+01	
 7.5901e+01	
 7.5818e+01	
 7.5920e+01	
 7.5879e+01	
 7.5917e+01	
 7.5878e+01	
 7.6182e+01	
 7.5923e+01	
 7.5884e+01	
 7.5784e+01	
 7.6118e+01	
 7.6054e+01	
 7.5699e+01	
 7.6049e+01	
 7.5972e+01	
 7.5900e+01	
 7.5965e+01	
 7.5876e+01	
 7.5741e+01	
 7.5863e+01	
 7.5731e+01	
 7.6104e+01	
 7.6112e+01	
 7.5938e+01	
 7.6031e+01	
 7.5674e+01	
 7.5786e+01	
 7.6175e+01	
 7.6069e+01	
 7.6162e+01	
 7.5814e+01	
 7.5928e+01	
 7.5879e+01	
 7.6126e+01	
 7.6133e+01	
 7.5801e+01	
 7.5805e+01	
 7.5973e+01	
 7.5805e+01	
 7.5988e+01	
 7.5925e+01	
 7.5979e+01	
 7.5883e+01	
 7.5577e+01	
 7.6113e+01	
 7.5887e+01	
 7.6071e+01	
 7.5981e+01	
 7.6070e+01	
 7.5680e+01	
 7.5999e+01	
 7.5878e+01	
 7.5900e+01	
 7.6070e+01	
 7.5862e+01	
 7.5886e+01	
 7.6153e+01	
 7.5677e+01	
 7.5902e+01	
 7.6217e+01	
 7.5764e+01	
 7.5960e+01	
 7.5862e+01	
 7.5924e+01	
 7.6013e+01	
 7.6169e+01	
 7.5861e+01	
 7.5956e+01	
 7.6029e+01	
 7.6053e+01	
 7.5835e+01	
 7.6129e+01	
 7.5606e+01	
 7.6007e+01	
 7.5831e+01	
 7.6130e+01	
 7.5826e+01	
 7.5961e+01	
 7.6110e+01	
 7.6021e+01	
 7.6115e+01	
 7.6072e+01	
 7.5932e+01	
 7.5900e+01	
 7.5881e+01	
 7.5928e+01	
 7.6020e+01	
 7.5764e+01	
 7.5932e+01	
 7.6060e+01	
 7.5712e+01	
 7.6076e+01	
 7.6151e+01	
 7.5920e+01	
 7.5949e+01	
 7.5969e+01	
 7.5972e+01	
 7.5812e+01	
 7.6088e+01	
 7.6192e+01	
 7.5923e+01	
 7.6211e+01	
 7.6375e+01	
 7.5984e+01	
 7.6093e+01	
 7.5831e+01	
 7.5887e+01	
 7.6046e+01	
 7.5969e+01	
 7.6017e+01	
 7.5879e+01	
 7.5934e+01	
 7.5651e+01	
 7.6103e+01	
 7.5947e+01	
 7.5942e+01	
 7.6066e+01	
 7.5992e+01	
 7.6093e+01	
 7.5987e+01	
 7.5874e+01	
 7.5926e+01	
 7.5684e+01	
 7.5870e+01	
 7.6142e+01	
 7.5945e+01	
 7.6131e+01	
 7.6185e+01	
 7.5665e+01	
 7.5995e+01	
 7.5876e+01	
 7.5802e+01	
 7.6005e+01	
 7.5896e+01	
 7.5878e+01	
 7.6155e+01	
 7.5716e+01	
 7.5871e+01	
 7.6021e+01	
 7.6012e+01	
 7.5931e+01	
 7.5918e+01	
 7.6063e+01	
 7.5964e+01	
 7.6020e+01	
 7.5969e+01	
 7.6250e+01	
 7.6261e+01	
 7.5992e+01	
 7.5860e+01	
 7.5973e+01	
 7.5821e+01	
 7.5870e+01	
 7.6110e+01	
 7.5998e+01	
 7.6267e+01	
 7.5880e+01	
 7.5908e+01	
 7.5778e+01	
 7.6086e+01	
 7.6121e+01	
 7.5989e+01	
 7.5871e+01	
 7.6085e+01	
 7.6180e+01	
 7.5828e+01	
 7.6047e+01	
 7.5862e+01	
 7.5932e+01	
 7.6154e+01	
 7.6071e+01	
 7.5940e+01	
 7.5839e+01	
 7.5911e+01	
 7.6029e+01	
 7.6037e+01	
 7.6017e+01	
 7.5875e+01	
 7.5926e+01	
 7.5818e+01	
 7.5987e+01	
 7.5927e+01	
 7.5813e+01	
 7.5973e+01	
 7.6055e+01	
 7.5893e+01	
 7.6126e+01	
 7.5789e+01	
 7.5760e+01	
 7.5861e+01	
 7.5885e+01	
 7.6158e+01	
 7.6291e+01	
 7.5614e+01	
 7.6009e+01	
 7.6098e+01	
 7.5809e+01	
 7.5850e+01	
 7.5977e+01	
 7.5878e+01	
 7.5844e+01	
 7.6013e+01	
 7.6044e+01	
 7.5981e+01	
 7.5904e+01	
 7.6202e+01	
 7.5781e+01	
 7.6199e+01	
 7.5735e+01	
 7.6194e+01	
 7.5888e+01	
 7.5949e+01	
 7.5626e+01	
 7.5628e+01	
 7.5852e+01	
 7.5901e+01	
 7.5940e+01	
 7.5947e+01	
 7.5797e+01	
 7.5953e+01	
 7.6188e+01	
 7.5989e+01	
 7.6040e+01	
 7.6058e+01	
 7.6021e+01	
 7.6042e+01	
 7.5902e+01	
 7.5979e+01	
 7.5957e+01	
 7.6031e+01	
 7.6171e+01	
 7.5988e+01	
 7.5842e+01	
 7.6003e+01	
 7.6119e+01	
 7.6233e+01	
 7.6241e+01	
 7.5842e+01	
 7.6000e+01	
 7.5976e+01	
 7.5777e+01	
 7.6118e+01	
 7.6065e+01	
 7.6032e+01	
 7.5925e+01	
 7.5875e+01	
 7.5996e+01	
 7.6252e+01	
 7.5995e+01	
 7.5724e+01	
 7.6023e+01	
 7.5833e+01	
 7.5955e+01	
 7.5579e+01	
 7.5747e+01	
 7.5794e+01	
 7.6162e+01	
 7.5947e+01	
 7.6317e+01	
 7.6128e+01	
 7.5985e+01	
 7.5708e+01	
 7.5936e+01	
 7.6150e+01	
 7.5950e+01	
 7.5876e+01	
 7.6322e+01	
 7.5916e+01	
 7.5918e+01	
 7.5958e+01	
 7.6034e+01	
 7.6020e+01	
 7.5922e+01	
 7.5778e+01	
 7.5953e+01	
 7.5839e+01	
 7.6063e+01	
 7.5852e+01	
 7.6133e+01	
 7.6160e+01	
 7.6126e+01	
 7.5724e+01	
 7.6052e+01	
 7.6337e+01	
 7.5911e+01	
 7.5912e+01	
 7.6313e+01	
 7.5719e+01	
 7.5868e+01	
 7.5812e+01	
 7.5788e+01	
 7.6113e+01	
 7.6030e+01	
 7.5989e+01	
 7.5795e+01	
 7.6207e+01	
 7.5866e+01	
 7.5865e+01	
 7.6031e+01	
 7.5825e+01	
 7.5959e+01	
 7.6063e+01	
 7.5920e+01	
 7.5963e+01	
 7.6312e+01	
 7.5831e+01	
 7.5891e+01	
 7.6060e+01	
 7.6162e+01	
 7.6451e+01	
 7.6069e+01	
 7.5641e+01	
 7.6077e+01	
 7.6062e+01	
 7.5850e+01	
 7.5765e+01	
 7.6576e+01	
 7.5772e+01	
 7.5979e+01	
 7.5912e+01	
 7.5757e+01	
 7.5967e+01	
 7.5841e+01	
 7.5991e+01	
 7.5947e+01	
 7.6112e+01	
 7.5812e+01	
 7.5907e+01	
 7.5786e+01	
 7.5958e+01	
 7.6005e+01	
 7.5907e+01	
 7.6253e+01	
 7.5686e+01	
 7.6180e+01	
 7.6125e+01	
 7.6240e+01	
 7.5980e+01	
 7.6315e+01	
 7.6049e+01	
 7.5894e+01	
 7.6271e+01	
 7.6164e+01	
 7.5900e+01	
 7.6061e+01	
 7.6107e+01	
 7.6439e+01	
 7.6103e+01	
 7.6232e+01	
 7.5977e+01	
 7.6176e+01	
 7.6269e+01	
 7.6034e+01	
 7.6015e+01	
 7.5884e+01	
 7.6034e+01	
 7.6005e+01	
 7.6396e+01	
 7.5462e+01	
 7.6260e+01	
 7.5896e+01	
 7.6243e+01	
 7.5963e+01	
 7.6200e+01	
 7.6069e+01	
 7.6152e+01	
 7.6374e+01	
 7.6215e+01	
 7.6104e+01	
 7.5925e+01	
 7.6301e+01	
 7.6099e+01	
 7.6123e+01	
 7.6206e+01	
 7.6372e+01	
 7.6068e+01	
 7.6226e+01	
 7.6174e+01	
 7.6042e+01	
 7.6066e+01	
 7.6256e+01	
 7.6053e+01	
 7.6302e+01	
 7.5658e+01	
 7.6278e+01	
 7.6018e+01	
 7.6237e+01	
 7.6156e+01	
 7.6215e+01	
 7.5961e+01	
 7.6018e+01	
 7.6217e+01	
 7.6005e+01	
 7.6134e+01	
 7.6257e+01	
 7.6248e+01	
 7.6260e+01	
 7.6166e+01	
 7.6394e+01	
 7.6216e+01	
 7.6266e+01	
 7.5971e+01	
 7.6253e+01	
 7.6202e+01	
 7.6383e+01	
 7.6171e+01	
 7.6272e+01	
 7.6114e+01	
 7.6551e+01	
 7.6349e+01	
 7.6454e+01	
 7.6460e+01	
 7.6334e+01	
 7.6594e+01	
 7.6156e+01	
 7.6493e+01	
 7.6312e+01	
 7.6350e+01	
 7.6516e+01	
 7.6103e+01	
 7.6151e+01	
 7.6556e+01	
 7.6229e+01	
 7.6076e+01	
 7.6194e+01	
 7.6196e+01	
 7.6594e+01	
 7.6060e+01	
 7.6190e+01	
 7.6342e+01	
 7.6117e+01	
 7.6143e+01	
 7.6324e+01	
 7.7028e+01	
 7.6381e+01	
 7.6203e+01	
 7.6410e+01	
 7.6199e+01	
 7.6171e+01	
 7.6277e+01	
 7.6401e+01	
 7.6231e+01	
 7.6346e+01	
 7.6279e+01	
 7.6135e+01	
 7.6306e+01	
 7.6294e+01	
 7.6399e+01	
 7.6268e+01	
 7.6227e+01	
 7.6328e+01	
 7.6314e+01	
 7.6447e+01	
 7.6409e+01	
 7.6419e+01	
 7.6339e+01	
 7.6399e+01	
 7.6542e+01	
 7.6803e+01	
 7.6629e+01	
 7.6443e+01	
 7.6167e+01	
 7.6183e+01	
 7.6290e+01	
 7.6422e+01	
 7.6436e+01	
 7.6559e+01	
 7.6491e+01	
 7.6486e+01	
 7.6635e+01	
 7.6388e+01	
 7.6456e+01	
 7.6721e+01	
 7.6550e+01	
 7.6322e+01	
 7.6412e+01	
 7.6423e+01	
 7.6415e+01	
 7.6647e+01	
 7.6560e+01	
 7.6422e+01	
 7.6525e+01	
 7.6550e+01	
 7.4844e+01	
 7.6595e+01	
 7.6722e+01	
 7.6386e+01	
 7.6612e+01	
 7.6354e+01	
 7.6469e+01	
 7.6091e+01	
 7.6699e+01	
 7.6204e+01	
 7.6513e+01	
 7.6504e+01	
 7.6379e+01	
 7.6431e+01	
 7.6529e+01	
 7.6836e+01	
 7.6591e+01	
 7.6348e+01	
 7.6462e+01	
 7.6633e+01	
 7.6600e+01	
 7.6501e+01	
 7.6429e+01	
 7.6586e+01	
 7.6539e+01	
 7.7295e+01	
 7.6718e+01	
 7.6524e+01	
 7.6494e+01	
 7.6472e+01	
 7.6735e+01	
 7.6584e+01	
 7.6423e+01	
 7.6529e+01	
 7.6486e+01	
 7.6387e+01	
 7.6591e+01	
 7.6552e+01	
 7.6509e+01	
 7.6352e+01	
 7.6497e+01	
 7.6659e+01	
 7.6468e+01	
 7.6691e+01	
 7.6346e+01	
 7.6694e+01	
 7.6772e+01	
 7.6532e+01	
 7.6508e+01	
 7.6710e+01	
 7.5633e+01	
 7.6661e+01	
 7.6195e+01	
 7.6586e+01	
 7.6296e+01	
 7.6470e+01	
 7.6586e+01	
 7.6643e+01	
 7.6705e+01	
 7.6399e+01	
 7.6578e+01	
 7.6656e+01	
 7.6598e+01	
 7.6561e+01	
 7.6596e+01	
 7.6544e+01	
 7.6434e+01	
 7.6526e+01	
 7.6578e+01	
 7.6608e+01	
 7.6553e+01	
 7.6641e+01	
 7.6672e+01	
 7.6545e+01	
 7.6526e+01	
 7.6118e+01	
 7.6752e+01	
 7.6654e+01	
 7.6474e+01	
 7.6367e+01	
 7.6417e+01	
 7.6509e+01	
 7.6451e+01	
 7.6599e+01	
 7.6353e+01	
 7.6413e+01	
 7.6476e+01	
 7.6622e+01	
 7.6706e+01	
 7.6811e+01	
 7.6616e+01	
 7.6586e+01	
 7.6675e+01	
 7.6467e+01	
 7.6500e+01	
 7.6413e+01	
 7.6582e+01	
 7.6592e+01	
 7.6600e+01	
 7.6535e+01	
 7.6187e+01	
 7.6550e+01	
 7.6659e+01	
 7.6552e+01	
 7.6531e+01	
 7.6689e+01	
 7.6493e+01	
 7.6600e+01	
 7.6750e+01	
 7.6584e+01	
 7.6655e+01	
 7.6188e+01	
 7.6247e+01	
 7.6776e+01	
 7.6313e+01	
 7.6566e+01	
 7.6663e+01	
 7.6672e+01	
 7.6669e+01	
 7.6768e+01	
 7.6775e+01	
 7.6515e+01	
 7.6601e+01	
 7.6623e+01	
 7.6688e+01	
 7.6766e+01	
 7.6859e+01	
 7.6250e+01	
 7.6511e+01	
 7.6901e+01	
 7.6889e+01	
 7.6552e+01	
 7.6577e+01	
 7.6398e+01	
 7.6570e+01	
 7.6622e+01	
 7.6552e+01	
 7.6620e+01	
 7.6578e+01	
 7.6365e+01	
 7.6655e+01	
 7.6170e+01	
 7.6486e+01	
 7.6532e+01	
 7.6493e+01	
 7.6594e+01	
 7.6854e+01	
 7.6411e+01	
 7.6581e+01	
 7.6614e+01	
 7.6601e+01	
 7.6753e+01	
 7.6609e+01	
 7.6502e+01	
 7.6592e+01	
 7.6478e+01	
 7.6772e+01	
 7.6561e+01	
 7.6365e+01	
 7.6397e+01	
 7.6693e+01	
 7.6828e+01	
 7.6647e+01	
 7.6372e+01	
 7.6893e+01	
 7.6527e+01	
 7.6721e+01	
 7.6550e+01	
 7.7047e+01	
 7.6459e+01	
 7.6550e+01	
 7.6544e+01	
 7.6491e+01	
 7.6511e+01	
 7.6767e+01	
 7.6805e+01	
 7.6532e+01	
 7.6911e+01	
 7.6552e+01	
 7.6785e+01	
 7.6589e+01	
 7.6574e+01	
 7.6588e+01	
 7.6559e+01	
 7.6443e+01	
 7.6608e+01	
 7.6799e+01	
 7.6503e+01	
 7.6584e+01	
 7.6415e+01	
 7.6740e+01	
 7.6552e+01	
 7.6601e+01	
 7.6375e+01	
 7.6574e+01	
 7.6310e+01	
 7.6753e+01	
 7.6480e+01	
 7.6580e+01	
 7.6350e+01	
 7.7257e+01	
 7.6734e+01	
 7.6776e+01	
 7.6606e+01	
 7.6432e+01	
 7.6833e+01	
 7.6521e+01	
 7.6552e+01	
 7.6401e+01	
 7.6478e+01	
 7.6463e+01	
 7.6552e+01	
 7.6718e+01	
 7.6601e+01	
 7.6844e+01	
 7.6478e+01	
 7.6630e+01	
 7.6445e+01	
 7.7045e+01	
 7.6835e+01	
 7.6688e+01	
 7.6531e+01	
 7.6813e+01	
 7.6618e+01	
 7.6598e+01	
 7.6490e+01	
 7.6359e+01	
 7.6695e+01	
 7.6618e+01	
 7.6748e+01	
 7.6594e+01	
 7.6846e+01	
 7.6625e+01	
 7.6777e+01	
 7.6742e+01	
 7.6599e+01	
 7.6869e+01	
 7.6590e+01	
 7.6510e+01	
 7.6712e+01	
 7.6419e+01	
 7.6528e+01	
 7.6768e+01	
 7.6405e+01	
 7.6629e+01	
 7.6460e+01	
 7.6463e+01	
 7.6462e+01	
 7.6573e+01	
 7.6338e+01	
 7.6604e+01	
 7.6696e+01	
 7.6302e+01	
 7.6751e+01	
 7.6519e+01	
 7.6763e+01	
 7.6422e+01	
 7.6602e+01	
 7.6621e+01	
 7.6382e+01	
 7.6350e+01	
 7.6604e+01	
 7.6300e+01	
 7.6547e+01	
 7.6364e+01	
 7.6509e+01	
 7.6702e+01	
 7.6372e+01	
 7.6620e+01	
 7.6697e+01	
 7.6620e+01	
 7.6646e+01	
 7.6792e+01	
 7.6608e+01	
 7.6774e+01	
 7.6511e+01	
 7.6491e+01	
 7.6528e+01	
 7.6669e+01	
 7.6651e+01	
 7.6453e+01	
 7.6526e+01	
 7.6646e+01	
 7.6867e+01	
 7.6531e+01	
 7.6553e+01	
 7.6495e+01	
 7.6624e+01	
 7.6641e+01	
 7.6415e+01	
 7.6789e+01	
 7.6533e+01	
 7.6375e+01	
 7.6576e+01	
 7.6675e+01	
 7.6658e+01	
 7.6464e+01	
 7.6305e+01	
 7.6631e+01	
 7.6507e+01	
 7.6961e+01	
 7.6540e+01	
 7.6753e+01	
 7.6466e+01	
 7.6264e+01	
 7.6599e+01	
 7.6710e+01	
 7.6432e+01	
 7.6686e+01	
 7.6486e+01	
 7.6616e+01	
 7.6737e+01	
 7.6758e+01	
 7.6629e+01	
 7.6329e+01	
 7.6352e+01	
 7.6466e+01	
 7.6580e+01	
 7.6567e+01	
 7.6826e+01	
 7.6564e+01	
 7.6634e+01	
 7.6511e+01	
 7.6395e+01	
 7.6832e+01	
 7.6595e+01	
 7.6930e+01	
 7.6532e+01	
 7.6589e+01	
 7.6399e+01	
 7.6669e+01	
 7.6553e+01	
 7.6834e+01	
 7.6649e+01	
 7.6669e+01	
 7.6759e+01	
 7.6647e+01	
 7.6503e+01	
 7.6599e+01	
 7.6456e+01	
 7.6772e+01	
 7.6665e+01	
 7.6672e+01	
 7.6708e+01	
 7.6607e+01	
 7.6616e+01	
 7.6535e+01	
 7.6274e+01	
 7.6284e+01	
 7.6126e+01	
 7.6860e+01	
 7.6559e+01	
 7.6658e+01	
 7.6541e+01	
 7.6321e+01	
 7.6526e+01	
 7.6610e+01	
 7.6980e+01	
 7.6715e+01	
 7.6671e+01	
 7.6520e+01	
 7.6682e+01	
 7.6474e+01	
 7.6559e+01	
 7.6763e+01	
 7.6710e+01	
 7.6607e+01	
 7.6528e+01	
 7.6662e+01	
 7.6485e+01	
 7.6670e+01	
 7.6665e+01	
 7.6386e+01	
 7.6488e+01	
 7.6435e+01	
 7.6636e+01	
 7.6578e+01	
 7.6708e+01	
 7.6577e+01	
 7.6653e+01	
 7.6844e+01	
 7.6570e+01	
 7.6570e+01	
 7.6502e+01	
 7.6592e+01	
 7.6606e+01	
 7.6648e+01	
 7.6653e+01	
 7.6478e+01	
 7.6844e+01	
 7.6513e+01	
 7.6719e+01	
 7.6545e+01	
 7.6423e+01	
 7.6815e+01	
 7.6446e+01	
 7.6607e+01	
 7.6496e+01	
 7.6708e+01	
 7.6686e+01	
 7.6522e+01	
 7.6892e+01	
 7.6686e+01	
 7.6628e+01	
 7.6518e+01	
 7.6626e+01	
 7.6402e+01	
 7.6829e+01	
 7.6869e+01	
 7.6836e+01	
 7.6618e+01	
 7.6568e+01	
 7.6610e+01	
 7.6645e+01	
 7.6443e+01	
 7.6533e+01	
 7.6602e+01	
 7.6769e+01	
 7.6745e+01	
 7.6905e+01	
 7.6482e+01	
 7.6472e+01	
 7.6572e+01	
 7.6565e+01	
 7.6459e+01	
 7.7022e+01	
 7.6414e+01	
 7.6592e+01	
 7.6710e+01	
 7.6585e+01	
 7.6569e+01	
 7.6750e+01	
 7.6770e+01	
 7.6794e+01	
 7.6459e+01	
 7.6573e+01	
 7.6558e+01	
 7.6345e+01	
 7.6625e+01	
 7.6650e+01	
 7.6566e+01	
 7.6552e+01	
 7.6577e+01	
 7.6694e+01	
 7.6791e+01	
 7.6470e+01	
 7.6478e+01	
 7.6678e+01	
 7.6707e+01	
 7.6445e+01	
 7.6682e+01	
 7.6788e+01	
 7.6868e+01	
 7.6551e+01	
 7.6764e+01	
 7.6377e+01	
 7.6583e+01	
 7.6686e+01	
 7.6593e+01	
 7.6455e+01	
 7.6697e+01	
 7.6929e+01	
 7.6643e+01	
 7.6495e+01	
 7.6805e+01	
 7.6434e+01	
 7.6625e+01	
 7.6623e+01	
 7.6815e+01	
 7.6545e+01	
 7.6537e+01	
 7.6342e+01	
 7.6638e+01	
 7.6647e+01	
 7.6600e+01	
 7.6804e+01	
 7.6570e+01	
 7.6631e+01	
 7.7005e+01	
 7.6516e+01	
 7.6510e+01	
 7.6543e+01	
 7.6653e+01	
 7.6811e+01	
 7.6702e+01	
 7.6531e+01	
 7.6812e+01	
 7.6693e+01	
 7.6604e+01	
 7.6729e+01	
 7.6411e+01	
 7.6843e+01	
 7.6691e+01	
 7.6643e+01	
 7.6656e+01	
 7.6487e+01	
 7.6675e+01	
 7.6517e+01	
 7.6537e+01	
 7.6823e+01	
 7.6493e+01	
 7.6379e+01	
 7.6296e+01	
 7.6702e+01	
 7.6743e+01	
 7.6783e+01	
 7.6615e+01	
 7.6420e+01	
 7.6499e+01	
 7.6402e+01	
 7.6880e+01	
 7.6590e+01	
 7.6849e+01	
 7.6617e+01	
 7.6545e+01	
 7.6504e+01	
 7.6591e+01	
 7.6399e+01	
 7.6816e+01	
 7.6841e+01	
 7.6541e+01	
 7.6720e+01	
 7.6635e+01	
 7.6713e+01	
 7.6594e+01	
 7.6736e+01	
 7.6485e+01	
 7.6476e+01	
 7.6693e+01	
 7.6483e+01	
 7.6651e+01	
 7.6487e+01	
 7.6534e+01	
 7.6613e+01	
 7.6653e+01	
 7.6560e+01	
 7.6586e+01	
 7.6602e+01	
 7.6389e+01	
 7.6842e+01	
 7.6706e+01	
 7.6618e+01	
 7.6459e+01	
 7.6641e+01	
 7.6886e+01	
 7.6484e+01	
 7.6943e+01	
 7.6665e+01	
 7.6573e+01	
 7.5774e+01	
 7.6475e+01	
 7.6527e+01	
 7.6753e+01	
 7.6560e+01	
 7.6718e+01	
 7.6732e+01	
 7.6583e+01	
 7.6922e+01	
 7.6468e+01	
 7.6483e+01	
 7.6580e+01	
 7.6831e+01	
 7.6524e+01	
 7.6671e+01	
 7.6751e+01	
 7.6690e+01	
 7.6714e+01	
 7.6485e+01	
 7.6435e+01	
 7.6634e+01	
 7.6602e+01	
 7.6827e+01	
 7.6964e+01	
 7.6750e+01	
 7.6653e+01	
 7.6965e+01	
 7.6495e+01	
 7.6639e+01	
 7.6675e+01	
 7.6485e+01	
 7.6471e+01	
 7.6826e+01	
 7.6588e+01	
 7.6550e+01	
 7.6493e+01	
 7.6632e+01	
 7.6494e+01	
 7.6893e+01	
 7.6443e+01	
 7.6590e+01	
 7.6346e+01	
 7.6591e+01	
 7.6643e+01	
 7.6493e+01	
 7.6466e+01	
 7.6610e+01	
 7.6939e+01	
 7.6625e+01	
 7.6596e+01	
 7.6714e+01	
 7.6791e+01	
 7.6640e+01	
 7.6588e+01	
 7.6631e+01	
 7.6780e+01	
 7.6383e+01	
 7.6670e+01	
 7.6713e+01	
 7.6694e+01	
 7.6698e+01	
 7.6746e+01	
 7.6630e+01	
 7.6703e+01	
 7.6515e+01	
 7.6290e+01	
 7.6560e+01	
 7.6549e+01	
 7.6639e+01	
 7.6866e+01	
 7.6577e+01	
 7.6701e+01	
 7.6527e+01	
 7.6344e+01	
 7.6501e+01	
 7.6861e+01	
 7.6833e+01	
 7.6444e+01	
 7.6773e+01	
 7.6558e+01	
 7.6628e+01	
 7.6786e+01	
 7.6581e+01	
 7.6775e+01	
 7.6697e+01	
 7.6436e+01	
 7.6779e+01	
 7.6557e+01	
 7.6704e+01	
 7.6824e+01	
 7.6851e+01	
 7.6564e+01	
 7.6560e+01	
 7.6574e+01	
 7.6742e+01	
 7.6584e+01	
 7.6402e+01	
 7.6763e+01	
 7.6553e+01	
 7.6540e+01	
 7.6367e+01	
 7.6662e+01	
 7.6493e+01	
 7.6665e+01	
 7.6302e+01	
 7.6628e+01	
 7.6467e+01	
 7.6411e+01	
 7.6643e+01	
 7.6606e+01	
 7.6594e+01	
 7.6566e+01	
 7.6604e+01	
 7.6740e+01	
 7.6761e+01	
 7.6739e+01	
 7.6621e+01	
 7.6664e+01	
 7.6534e+01	
 7.6738e+01	
 7.6534e+01	
 7.6589e+01	
 7.6610e+01	
 7.6703e+01	
 7.6791e+01	
 7.6423e+01	
 7.6731e+01	
 7.6705e+01	
 7.6406e+01	
 7.6329e+01	
 7.6732e+01	
 7.6483e+01	
 7.6505e+01	
 7.6480e+01	
 7.6759e+01	
 7.6607e+01	
 7.6664e+01	
 7.6487e+01	
 7.6469e+01	
 7.6614e+01	
 7.6743e+01	
 7.6795e+01	
 7.6624e+01	
 7.6567e+01	
 7.6667e+01	
 7.6779e+01	
 7.6661e+01	
 7.6437e+01	
 7.6420e+01	
 7.6809e+01	
 7.6562e+01	
 7.6762e+01	
 7.6635e+01	
 7.6427e+01	
 7.6533e+01	
 7.6648e+01	
 7.6654e+01	
 7.6610e+01	
 7.6653e+01	
 7.6869e+01	
 7.6436e+01	
 7.6732e+01	
 7.6581e+01	
 7.6858e+01	
 7.6264e+01	
 7.6763e+01	
 7.6426e+01	
 7.6589e+01	
 7.6742e+01	
 7.6612e+01	
 7.6781e+01	
 7.6858e+01	
 7.6552e+01	
 7.6442e+01	
 7.6723e+01	
 7.6186e+01	
 7.6574e+01	
 7.6502e+01	
 7.6696e+01	
 7.6691e+01	
 7.6756e+01	
 7.6698e+01	
 7.6667e+01	
 7.6570e+01	
 7.6690e+01	
 7.6776e+01	
 7.6526e+01	
 7.6839e+01	
 7.6501e+01	
 7.6711e+01	
 7.6699e+01	
 7.6443e+01	
 7.6861e+01	
 7.6610e+01	
 7.6591e+01	
 7.6797e+01	
 7.6576e+01	
 7.6723e+01	
 7.6620e+01	
 7.6643e+01	
 7.6016e+01	
 7.6642e+01	
 7.6598e+01	
 7.6645e+01	
 7.6701e+01	
 7.6819e+01	
 7.6631e+01	
 7.6665e+01	
 7.6588e+01	
 7.6723e+01	
 7.6726e+01	
 7.6438e+01	
 7.6447e+01	
 7.6720e+01	
 7.6736e+01	
 7.6818e+01	
 7.6846e+01	
 7.6600e+01	
 7.6745e+01	
 7.6613e+01	
 7.6453e+01	
 7.6755e+01	
 7.6789e+01	
 7.6583e+01	
 7.6852e+01	
 7.6482e+01	
 7.6674e+01	
 7.6812e+01	
 7.6648e+01	
 7.6381e+01	
 7.6592e+01	
 7.6593e+01	
 7.6663e+01	
 7.6763e+01	
 7.6642e+01	
 7.6727e+01	
 7.6764e+01	
 7.6545e+01	
 7.6675e+01	
 7.6338e+01	
 7.6631e+01	
 7.6818e+01	
 7.6607e+01	
 7.6387e+01	
 7.6677e+01	
 7.6776e+01	
 7.6597e+01	
 7.6756e+01	
 7.6703e+01	
 7.6485e+01	
 7.6476e+01	
 7.6683e+01	
 7.6575e+01	
 7.6427e+01	
 7.6614e+01	
 7.6667e+01	
 7.6566e+01	
 7.6542e+01	
 7.6677e+01	
 7.6608e+01	
 7.6616e+01	
 7.6622e+01	
 7.6529e+01	
 7.6470e+01	
 7.6650e+01	
 7.6667e+01	
 7.6592e+01	
 7.6580e+01	
 7.6646e+01	
 7.6471e+01	
 7.6793e+01	
 7.6654e+01	
 7.6607e+01	
 7.6578e+01	
 7.6498e+01	
 7.3698e+01	
 7.6691e+01	
 7.6643e+01	
 7.6772e+01	
 7.6648e+01	
 7.6827e+01	
 7.6759e+01	
 7.6694e+01	
 7.6560e+01	
 7.6730e+01	
 7.6397e+01	
 7.6727e+01	
 7.6965e+01	
 7.6580e+01	
 7.6570e+01	
 7.6581e+01	
 7.6810e+01	
 7.6476e+01	
 7.6719e+01	
 7.7095e+01	
 7.6677e+01	
 7.6719e+01	
 7.6382e+01	
 7.6716e+01	
 7.6778e+01	
 7.5781e+01	
 7.6516e+01	
 7.6755e+01	
 7.6542e+01	
 7.6618e+01	
 7.6602e+01	
 7.6621e+01	
 7.6703e+01	
 7.6673e+01	
 7.6642e+01	
 7.6513e+01	
 7.6667e+01	
 7.6629e+01	
 7.6484e+01	
 7.6641e+01	
 7.6766e+01	
 7.6689e+01	
 7.6490e+01	
 7.6662e+01	
 7.6521e+01	
 7.6645e+01	
 7.6561e+01	
 7.6682e+01	
 7.6512e+01	
 7.6572e+01	
 7.7309e+01	
 7.6881e+01	
 7.6864e+01	
 7.6612e+01	
 7.6728e+01	
 7.6788e+01	
 7.6518e+01	
 7.6508e+01	
 7.6584e+01	
 7.6466e+01	
 7.6735e+01	
 7.6629e+01	
 7.6675e+01	
 7.6760e+01	
 7.6580e+01	
 7.6284e+01	
 7.6730e+01	
 7.6450e+01	
 7.6643e+01	
 7.6704e+01	
 7.6559e+01	
 7.6480e+01	
 7.6759e+01	
 7.6607e+01	
 7.6579e+01	
 7.7356e+01	
 7.6505e+01	
 7.6658e+01	
 7.6736e+01	
 7.6503e+01	
 7.6656e+01	
 7.6542e+01	
 7.6505e+01	
 7.6623e+01	
 7.6866e+01	
 7.6670e+01	
 7.6665e+01	
 7.6737e+01	
 7.6656e+01	
 7.6914e+01	
 7.6623e+01	
 7.6428e+01	
 7.6638e+01	
 7.6747e+01	
 7.7022e+01	
 7.6663e+01	
 7.6908e+01	
 7.6706e+01	
 7.6470e+01	
 7.6512e+01	
 7.6374e+01	
 7.6770e+01	
 7.6864e+01	
 7.6645e+01	
 7.6411e+01	
 7.6942e+01	
 7.6585e+01	
 7.6751e+01	
 7.6719e+01	
 7.6807e+01	
 7.6623e+01	
 7.7008e+01	
 7.6992e+01	
 7.6477e+01	
 7.6605e+01	
 7.6732e+01	
 7.6801e+01	
 7.6778e+01	
 7.6998e+01	
 7.6881e+01	
 7.6688e+01	
 7.6654e+01	
 7.6541e+01	
 7.6485e+01	
 7.6503e+01	
 7.6837e+01	
 7.6890e+01	
 7.6650e+01	
 7.6697e+01	
 7.6728e+01	
 7.6969e+01	
 7.6839e+01	
 7.6509e+01	
 7.6731e+01	
 7.6574e+01	
 7.6690e+01	
 7.6951e+01	
 7.6549e+01	
 7.7011e+01	
 7.6866e+01	
 7.6781e+01	
 7.6534e+01	
 7.6862e+01	
 7.6796e+01	
 7.6796e+01	
 7.6602e+01	
 7.6826e+01	
 7.6659e+01	
 7.6809e+01	
 7.6574e+01	
 7.6593e+01	
 7.6508e+01	
 7.6577e+01	
 7.6315e+01	
 7.6758e+01	
 7.6720e+01	
 7.6834e+01	
 7.6467e+01	
 7.6704e+01	
 7.6745e+01	
 7.6525e+01	
 7.6734e+01	
 7.6770e+01	
 7.6526e+01	
 7.6793e+01	
 7.6518e+01	
 7.6562e+01	
 7.6677e+01	
 7.6682e+01	
 7.6776e+01	
 7.6752e+01	
 7.6487e+01	
 7.6475e+01	
 7.6394e+01	
 7.6354e+01	
 7.6609e+01	
 7.6761e+01	
 7.6570e+01	
 7.6446e+01	
 7.6787e+01	
 7.6643e+01	
 7.6837e+01	
 7.6637e+01	
 7.6610e+01	
 7.6614e+01	
 7.6750e+01	
 7.6859e+01	
 7.6381e+01	
 7.6841e+01	
 7.6519e+01	
 7.6637e+01	
 7.6640e+01	
 7.6656e+01	
 7.6525e+01	
 7.6548e+01	
 7.6916e+01	
 7.6793e+01	
 7.6665e+01	
 7.6584e+01	
 7.7002e+01	
 7.6133e+01	
 7.6713e+01	
 7.7039e+01	
 7.6597e+01	
 7.6606e+01	
 7.6681e+01	
 7.6645e+01	
 7.6763e+01	
 7.6738e+01	
 7.6767e+01	
 7.6747e+01	
 7.6755e+01	
 7.6819e+01	
 7.6685e+01	
 7.6726e+01	
 7.6624e+01	
 7.6521e+01	
 7.6543e+01	
 7.6732e+01	
 7.6624e+01	
 7.6796e+01	
 7.6509e+01	
 7.6702e+01	
 7.6466e+01	
 7.6605e+01	
 7.6607e+01	
 7.6656e+01	
 7.6851e+01	
 7.6701e+01	
 7.6612e+01	
 7.6558e+01	
 7.6521e+01	
 7.6819e+01	
 7.6592e+01	
 7.6743e+01	
 7.6647e+01	
 7.6669e+01	
 7.7077e+01	
 7.6569e+01	
 7.6657e+01	
 7.6690e+01	
 7.6704e+01	
 7.6613e+01	
 7.6645e+01	
 7.6914e+01	
 7.6891e+01	
 7.6658e+01	
 7.6671e+01	
 7.6848e+01	
 7.6670e+01	
 7.7113e+01	
 7.6548e+01	
 7.6665e+01	
 7.6602e+01	
 7.6869e+01	
 7.6555e+01	
 7.6813e+01	
 7.6524e+01	
 7.6701e+01	
 7.6594e+01	
 7.6581e+01	
 7.6655e+01	
 7.6504e+01	
 7.6839e+01	
 7.6666e+01	
 7.6839e+01	
 7.6588e+01	
 7.6281e+01	
 7.6809e+01	
 7.6623e+01	
 7.6917e+01	
 7.6393e+01	
 7.6761e+01	
 7.6613e+01	
 7.6649e+01	
 7.6736e+01	
 7.6827e+01	
 7.6883e+01	
 7.6542e+01	
 7.6688e+01	
 7.6728e+01	
 7.6752e+01	
 7.6592e+01	
 7.6824e+01	
 7.6786e+01	
 7.6771e+01	
 7.6747e+01	
 7.6811e+01	
 7.6436e+01	
 7.7008e+01	
 7.6305e+01	
 7.6616e+01	
 7.6633e+01	
 7.6737e+01	
 7.6833e+01	
 7.6739e+01	
 7.6820e+01	
 7.6663e+01	
 7.6769e+01	
 7.6354e+01	
 7.7233e+01	
 7.6474e+01	
 7.6718e+01	
 7.6599e+01	
 7.6561e+01	
 7.6493e+01	
 7.6689e+01	
 7.6650e+01	
 7.6610e+01	
 7.6421e+01	
 7.6842e+01	
 7.6470e+01	
 7.6637e+01	
 7.6711e+01	
 7.6913e+01	
 7.6653e+01	
 7.6663e+01	
 7.6710e+01	
 7.6867e+01	
 7.6751e+01	
 7.6682e+01	
 7.6596e+01	
 7.6524e+01	
 7.6623e+01	
 7.6345e+01	
 7.6854e+01	
 7.6402e+01	
 7.6696e+01	
 7.6590e+01	
 7.6599e+01	
 7.6541e+01	
 7.6599e+01	
 7.6605e+01	
 7.6492e+01	
 7.6510e+01	
 7.6558e+01	
 7.6756e+01	
 7.6594e+01	
 7.6492e+01	
 7.6502e+01	
 7.6570e+01	
 7.6537e+01	
 7.6479e+01	
 7.6831e+01	
 7.6657e+01	
 7.6794e+01	
 7.6628e+01	
 7.6654e+01	
 7.6719e+01	
 7.6838e+01	
 7.6431e+01	
 7.6824e+01	
 7.6269e+01	
 7.6599e+01	
 7.6387e+01	
 7.6737e+01	
 7.6628e+01	
 7.6810e+01	
 7.6723e+01	
 7.6483e+01	
 7.6771e+01	
 7.6842e+01	
 7.6720e+01	
 7.6794e+01	
 7.6720e+01	
 7.6638e+01	
 7.6819e+01	
 7.6726e+01	
 7.6585e+01	
 7.6803e+01	
 7.6519e+01	
 7.6710e+01	
 7.6401e+01	
 7.6841e+01	
 7.6709e+01	
 7.6698e+01	
 7.6618e+01	
 7.6677e+01	
 7.6537e+01	
 7.6427e+01	
 7.6720e+01	
 7.6799e+01	
 7.6638e+01	
 7.6643e+01	
 7.6670e+01	
 7.6464e+01	
 7.6791e+01	
 7.6665e+01	
 7.6647e+01	
 7.6670e+01	
 7.6590e+01	
 7.6617e+01	
 7.6555e+01	
 7.6779e+01	
 7.6675e+01	
 7.6584e+01	
 7.6617e+01	
 7.6714e+01	
 7.6787e+01	
 7.6693e+01	
 7.6726e+01	
 7.6778e+01	
 7.6620e+01	
 7.6699e+01	
 7.6628e+01	
 7.6661e+01	
 7.6488e+01	
 7.6628e+01	
 7.6682e+01	
 7.6503e+01	
 7.6620e+01	
 7.6467e+01	
 7.6747e+01	
 7.6651e+01	
 7.6797e+01	
 7.6382e+01	
 7.6403e+01	
 7.6625e+01	
 7.6745e+01	
 7.6812e+01	
 7.6428e+01	
 7.6621e+01	
 7.6732e+01	
 7.6564e+01	
 7.6375e+01	
 7.6925e+01	
 7.6954e+01	
 7.6719e+01	
 7.6600e+01	
 7.6475e+01	
 7.6608e+01	
 7.6460e+01	
 7.6628e+01	
 7.6950e+01	
 7.6673e+01	
 7.6831e+01	
 7.6722e+01	
 7.6821e+01	
 7.6743e+01	
 7.6716e+01	
 7.6545e+01	
 7.6811e+01	
 7.6808e+01	
 7.6517e+01	
 7.6677e+01	
 7.6683e+01	
 7.6918e+01	
 7.6590e+01	
 7.6866e+01	
 7.6321e+01	
 7.6807e+01	
 7.6569e+01	
 7.6848e+01	
 7.6729e+01	
 7.6502e+01	
 7.6731e+01	
 7.6598e+01	
 7.6771e+01	
 7.6781e+01	
 7.6621e+01	
 7.6575e+01	
 7.6840e+01	
 7.6866e+01	
 7.6826e+01	
 7.6598e+01	
 7.6851e+01	
 7.6811e+01	
 7.6826e+01	
 7.6649e+01	
 7.6569e+01	
 7.6592e+01	
 7.6698e+01	
 7.6722e+01	
 7.6706e+01	
 7.6692e+01	
 7.7079e+01	
 7.6622e+01	
 7.6719e+01	
 7.6626e+01	
 7.6743e+01	
 7.6712e+01	
 7.6590e+01	
 7.6938e+01	
 7.6586e+01	
 7.6829e+01	
 7.6758e+01	
 7.6492e+01	
 7.6783e+01	
 7.6833e+01	
 7.6816e+01	
 7.6832e+01	
 7.6738e+01	
 7.6740e+01	
 7.6685e+01	
 7.6848e+01	
 7.6713e+01	
 7.6651e+01	
 7.6767e+01	
 7.6575e+01	
 7.6712e+01	
 7.6893e+01	
 7.6699e+01	
 7.6656e+01	
 7.6451e+01	
 7.6746e+01	
 7.6487e+01	
 7.6695e+01	
 7.6548e+01	
 7.6734e+01	
 7.6598e+01	
 7.6525e+01	
 7.6518e+01	
 7.6635e+01	
 7.6527e+01	
 7.6562e+01	
 7.6905e+01	
 7.6873e+01	
 7.6633e+01	
 7.6713e+01	
 7.6578e+01	
 7.6572e+01	
 7.6935e+01	
 7.6869e+01	
 7.6649e+01	
 7.6517e+01	
 7.6733e+01	
 7.6703e+01	
 7.6585e+01	
 7.6666e+01	
 7.6825e+01	
 7.6786e+01	
 7.6451e+01	
 7.6734e+01	
 7.6743e+01	
 7.6744e+01	
 7.6764e+01	
 7.6624e+01	
 7.6406e+01	
 7.6759e+01	
 7.6710e+01	
 7.6761e+01	
 7.6621e+01	
 7.6698e+01	
 7.6500e+01	
 7.6870e+01	
 7.6539e+01	
 7.6564e+01	
 7.6589e+01	
 7.6667e+01	
 7.6754e+01	
 7.7088e+01	
 7.6706e+01	
 7.6712e+01	
 7.6515e+01	
 7.6702e+01	
 7.6844e+01	
 7.6772e+01	
 7.6832e+01	
 7.6840e+01	
 7.6462e+01	
 7.6775e+01	
 7.6474e+01	
 7.6685e+01	
 7.6752e+01	
 7.6754e+01	
 7.6561e+01	
 7.6482e+01	
 7.6590e+01	
 7.6568e+01	
 7.6849e+01	
 7.6694e+01	
 7.6745e+01	
 7.6519e+01	
 7.6651e+01	
 7.6955e+01	
 7.7075e+01	
 7.6681e+01	
 7.6789e+01	
 7.6753e+01	
 7.6620e+01	
 7.6792e+01	
 7.6395e+01	
 7.6907e+01	
 7.6697e+01	
 7.6864e+01	
 7.6503e+01	
 7.6795e+01	
 7.6856e+01	
 7.6577e+01	
 7.6647e+01	
 7.6518e+01	
 7.6552e+01	
 7.6831e+01	
 7.6614e+01	
 7.6589e+01	
 7.6675e+01	
 7.6789e+01	
 7.6528e+01	
 7.6630e+01	
 7.6488e+01	
 7.6778e+01	
 7.6752e+01	
 7.6773e+01	
 7.6685e+01	
 7.6699e+01	
 7.6715e+01	
 7.6795e+01	
 7.6788e+01	
 7.7006e+01	
 7.6685e+01	
 7.6576e+01	
 7.6751e+01	
 7.6766e+01	
 7.6995e+01	
 7.6686e+01	
 7.6670e+01	
 7.6479e+01	
 7.6787e+01	
 7.6657e+01	
 7.6935e+01	
 7.6618e+01	
 7.6707e+01	
 7.6615e+01	
 7.6604e+01	
 7.6164e+01	
 7.7018e+01	
 7.6764e+01	
 7.6736e+01	
 7.6719e+01	
 7.6880e+01	
 7.6786e+01	
 7.6463e+01	
 7.6843e+01	
 7.6562e+01	
 7.6881e+01	
 7.6804e+01	
 7.6658e+01	
 7.6857e+01	
 7.6759e+01	
 7.6622e+01	
 7.6344e+01	
 7.6745e+01	
 7.6666e+01	
 7.6853e+01	
 7.6677e+01	
 7.6801e+01	
 7.6842e+01	
 7.6445e+01	
 7.6503e+01	
 7.6764e+01	
 7.6765e+01	
 7.6779e+01	
 7.6655e+01	
 7.6726e+01	
 7.6604e+01	
 7.6866e+01	
 7.6378e+01	
 7.6793e+01	
 7.6703e+01	
 7.6648e+01	
 7.6564e+01	
 7.6517e+01	
 7.6610e+01	
 7.6428e+01	
 7.6832e+01	
 7.6759e+01	
 7.6681e+01	
 7.6722e+01	
 7.6653e+01	
 7.6820e+01	
 7.6634e+01	
 7.6688e+01	
 7.6578e+01	
 7.6658e+01	
 7.6481e+01	
 7.6757e+01	
 7.6637e+01	
 7.6820e+01	
 7.6748e+01	
 7.6911e+01	
 7.6823e+01	
 7.6919e+01	
 7.6914e+01	
 7.6748e+01	
 7.6548e+01	
 7.6876e+01	
 7.6851e+01	
 7.6602e+01	
 7.6582e+01	
 7.6844e+01	
 7.6731e+01	
 7.6723e+01	
 7.6580e+01	
 7.6662e+01	
 7.6742e+01	
 7.6753e+01	
 7.6773e+01	
 7.6819e+01	
 7.6560e+01	
 7.6646e+01	
 7.6874e+01	
 7.6727e+01	
 7.6784e+01	
 7.6525e+01	
 7.6647e+01	
 7.6588e+01	
 7.6647e+01	
 7.6779e+01	
 7.6645e+01	
 7.7037e+01	
 7.6756e+01	
 7.6669e+01	
 7.6807e+01	
 7.6751e+01	
 7.6712e+01	
 7.6898e+01	
 7.6827e+01	
 7.6521e+01	
 7.6955e+01	
 7.6682e+01	
 7.7060e+01	
 7.6630e+01	
 7.6497e+01	
 7.6754e+01	
 7.6584e+01	
 7.6547e+01	
 7.6472e+01	
 7.6760e+01	
 7.6791e+01	
 7.6811e+01	
 7.6880e+01	
 7.6638e+01	
 7.6715e+01	
 7.6598e+01	
 7.6810e+01	
 7.7049e+01	
 7.6722e+01	
 7.6801e+01	
 7.6679e+01	
 7.6758e+01	
 7.6542e+01	
 7.6775e+01	
 7.6799e+01	
 7.6701e+01	
 7.6768e+01	
 7.6647e+01	
 7.6679e+01	
 7.6430e+01	
 7.6891e+01	
 7.5871e+01	
 7.6566e+01	
 7.6542e+01	
 7.6713e+01	
 7.6468e+01	
 7.6672e+01	
 7.6537e+01	
 7.6543e+01	
 7.6714e+01	
 7.6680e+01	
 7.6630e+01	
 7.6899e+01	
 7.6888e+01	
 7.6897e+01	
 7.6973e+01	
 7.6703e+01	
 7.6758e+01	
 7.6592e+01	
 7.6655e+01	
 7.6687e+01	
 7.6701e+01	
 7.6762e+01	
 7.6812e+01	
 7.6726e+01	
 7.6520e+01	
 7.7596e+01	
 7.6723e+01	
 7.6740e+01	
 7.6858e+01	
 7.6261e+01	
 7.6699e+01	
 7.6624e+01	
 7.6907e+01	
 7.6667e+01	
 7.6438e+01	
 7.7036e+01	
 7.6501e+01	
 7.6747e+01	
 7.6529e+01	
 7.6864e+01	
 7.6544e+01	
 7.6694e+01	
 7.6904e+01	
 7.6685e+01	
 7.6789e+01	
 7.6646e+01	
 7.6799e+01	
 7.6943e+01	
 7.6576e+01	
 7.6612e+01	
 7.5391e+01	
 7.6977e+01	
 7.6778e+01	
 7.6750e+01	
 7.6622e+01	
 7.6860e+01	
 7.6901e+01	
 7.6618e+01	
 7.6754e+01	
 7.6861e+01	
 7.6784e+01	
 7.6622e+01	
 7.6629e+01	
 7.6866e+01	
 7.6815e+01	
 7.6768e+01	
 7.6584e+01	
 7.6490e+01	
 7.6744e+01	
 7.6610e+01	
 7.6446e+01	
 7.6654e+01	
 7.6680e+01	
 7.6612e+01	
 7.6778e+01	
 7.6278e+01	
 7.6911e+01	
 7.6891e+01	
 7.6703e+01	
 7.6740e+01	
 7.6729e+01	
 7.6833e+01	
 7.6970e+01	
 7.6764e+01	
 7.6667e+01	
 7.6497e+01	
 7.6734e+01	
 7.6556e+01	
 7.6586e+01	
 7.6937e+01	
 7.6555e+01	
 7.6570e+01	
 7.6454e+01	
 7.6795e+01	
 7.6509e+01	
 7.6596e+01	
 7.6905e+01	
 7.6657e+01	
 7.6470e+01	
 7.6857e+01	
 7.7222e+01	
 7.6779e+01	
 7.6609e+01	
 7.6793e+01	
 7.6632e+01	
 7.6929e+01	
 7.6736e+01	
 7.6808e+01	
 7.6670e+01	
 7.6883e+01	
 7.6780e+01	
 7.6610e+01	
 7.6766e+01	
 7.6728e+01	
 7.6816e+01	
 7.6681e+01	
 7.6380e+01	
 7.6742e+01	
 7.6916e+01	
 7.6892e+01	
 7.6680e+01	
 7.6599e+01	
 7.6885e+01	
 7.6914e+01	
 7.6579e+01	
 7.6194e+01	
 7.6689e+01	
 7.6859e+01	
 7.6727e+01	
 7.6693e+01	
 7.6776e+01	
 7.6591e+01	
 7.6708e+01	
 7.6820e+01	
 7.6659e+01	
 7.6946e+01	
 7.6646e+01	
 7.6756e+01	
 7.6643e+01	
 7.6459e+01	
 7.6730e+01	
 7.6754e+01	
 7.6510e+01	
 7.7047e+01	
 7.6802e+01	
 7.6379e+01	
 7.6726e+01	
 7.6510e+01	
 7.6817e+01	
 7.6727e+01	
 7.7470e+01	
 7.6617e+01	
 7.6760e+01	
 7.6793e+01	
 7.6694e+01	
 7.6580e+01	
 7.6681e+01	
 7.6809e+01	
 7.6773e+01	
 7.6874e+01	
 7.6902e+01	
 7.6768e+01	
 7.6914e+01	
 7.6557e+01	
 7.6752e+01	
 7.6573e+01	
 7.6854e+01	
 7.6500e+01	
 7.6764e+01	
 7.6643e+01	
 7.6626e+01	
 7.6617e+01	
 7.6527e+01	
 7.6491e+01	
 7.6764e+01	
 7.6513e+01	
 7.7012e+01	
 7.6658e+01	
 7.6678e+01	
 7.6702e+01	
 7.6639e+01	
 7.6641e+01	
 7.6788e+01	
 7.6854e+01	
 7.6460e+01	
 7.6659e+01	
 7.6682e+01	
 7.6849e+01	
 7.6635e+01	
 7.6783e+01	
 7.6255e+01	
 7.6677e+01	
 7.6650e+01	
 7.6931e+01	
 7.6776e+01	
 7.6639e+01	
 7.6521e+01	
 7.6890e+01	
 7.6490e+01	
 7.6654e+01	
 7.6192e+01	
 7.6832e+01	
 7.6639e+01	
 7.6708e+01	
 7.6882e+01	
 7.6622e+01	
 7.6865e+01	
 7.6649e+01	
 7.6637e+01	
 7.6859e+01	
 7.6793e+01	
 7.6773e+01	
 7.6464e+01	
 7.6590e+01	
 7.6681e+01	
 7.6753e+01	
 7.6326e+01	
 7.6824e+01	
 7.6754e+01	
 7.6657e+01	
 7.6698e+01	
 7.6616e+01	
 7.6418e+01	
 7.6756e+01	
 7.6789e+01	
 7.6477e+01	
 7.6598e+01	
 7.6825e+01	
 7.6659e+01	
 7.6818e+01	
 7.6654e+01	
 7.6773e+01	
 7.6916e+01	
 7.6729e+01	
 7.6419e+01	
 7.6484e+01	
 7.6843e+01	
 7.6607e+01	
 7.6592e+01	
 7.6941e+01	
 7.6662e+01	
 7.6812e+01	
 7.6646e+01	
 7.6817e+01	
 7.6926e+01	
 7.6857e+01	
 7.6785e+01	
 7.6594e+01	
 7.6728e+01	
 7.6706e+01	
 7.7210e+01	
 7.6801e+01	
 7.6829e+01	
 7.6762e+01	
 7.6848e+01	
 7.6396e+01	
 7.6599e+01	
 7.6471e+01	
 7.6569e+01	
 7.6905e+01	
 7.6594e+01	
 7.6873e+01	
 7.6452e+01	
 7.6534e+01	
 7.6829e+01	
 7.6728e+01	
 7.6868e+01	
 7.6820e+01	
 7.6787e+01	
 7.6697e+01	
 7.6487e+01	
 7.6634e+01	
 7.6642e+01	
 7.6664e+01	
 7.6671e+01	
 7.6925e+01	
 7.6601e+01	
 7.6584e+01	
 7.6697e+01	
 7.6843e+01	
 7.6488e+01	
 7.6617e+01	
 7.6707e+01	
 7.6860e+01	
 7.6515e+01	
 7.6812e+01	
 7.6590e+01	
 7.6539e+01	
 7.6651e+01	
 7.6518e+01	
 7.6440e+01	
 7.6455e+01	
 7.6529e+01	
 7.6453e+01	
 7.6783e+01	
 7.6761e+01	
 7.6768e+01	
 7.6613e+01	
 7.6580e+01	
 7.6537e+01	
 7.6895e+01	
 7.6720e+01	
 7.6962e+01	
 7.6560e+01	
 7.7024e+01	
 7.6641e+01	
 7.6490e+01	
 7.6752e+01	
 7.6557e+01	
 7.6762e+01	
 7.6674e+01	
 7.6620e+01	
 7.6387e+01	
 7.6755e+01	
 7.6785e+01	
 7.6706e+01	
 7.6597e+01	
 7.6742e+01	
 7.6878e+01	
 7.6600e+01	
 7.6716e+01	
 7.6476e+01	
 7.6507e+01	
 7.6661e+01	
 7.6620e+01	
 7.6856e+01	
 7.6584e+01	
 7.6637e+01	
 7.6632e+01	
 7.6792e+01	
 7.6575e+01	
 7.6682e+01	
 7.6974e+01	
 7.6625e+01	
 7.6726e+01	
 7.6899e+01	
 7.6738e+01	
 7.6849e+01	
 7.6851e+01	
 7.6796e+01	
 7.6688e+01	
 7.6975e+01	
 7.6783e+01	
 7.6696e+01	
 7.6718e+01	
 7.6834e+01	
 7.6837e+01	
 7.6474e+01	
 7.6817e+01	
 7.6806e+01	
 7.7118e+01	
 7.6663e+01	
 7.6696e+01	
 7.6630e+01	
 7.6487e+01	
 7.6694e+01	
 7.6769e+01	
 7.6672e+01	
 7.6742e+01	
 7.6777e+01	
 7.6927e+01	
 7.6882e+01	
 7.6761e+01	
 7.6699e+01	
 7.6716e+01	
 7.6604e+01	
 7.6661e+01	
 7.6915e+01	
 7.7027e+01	
 7.6581e+01	
 7.6578e+01	
 7.6967e+01	
 7.6841e+01	
 7.6721e+01	
 7.6912e+01	
 7.7115e+01	
 7.6529e+01	
 7.6586e+01	
 7.6706e+01	
 7.6794e+01	
 7.6523e+01	
 7.6556e+01	
 7.6777e+01	
 7.6502e+01	
 7.6925e+01	
 7.6638e+01	
 7.6791e+01	
 7.6750e+01	
 7.6649e+01	
 7.6808e+01	
 7.6802e+01	
 7.6699e+01	
 7.6500e+01	
 7.6818e+01	
 7.6582e+01	
 7.6475e+01	
 7.6516e+01	
 7.6599e+01	
 7.6423e+01	
 7.6806e+01	
 7.6670e+01	
 7.6640e+01	
 7.6846e+01	
 7.6769e+01	
 7.6865e+01	
 7.6763e+01	
 7.6875e+01	
 7.6877e+01	
 7.6626e+01	
 7.6763e+01	
 7.6835e+01	
 7.6951e+01	
 7.6681e+01	
 7.6724e+01	
 7.6582e+01	
 7.6864e+01	
 7.6483e+01	
 7.6543e+01	
 7.6592e+01	
 7.6779e+01	
 7.6642e+01	
 7.6835e+01	
 7.6793e+01	
 7.6789e+01	
 7.6931e+01	
 7.7182e+01	
 7.6829e+01	
 7.6643e+01	
 7.6851e+01	
 7.6664e+01	
 7.6754e+01	
 7.6788e+01	
 7.6737e+01	
 7.6789e+01	
 7.6614e+01	
 7.6849e+01	
 7.6630e+01	
 7.7036e+01	
 7.6794e+01	
 7.6788e+01	
 7.6796e+01	
 7.6833e+01	
 7.6795e+01	
 7.6760e+01	
 7.6857e+01	
 7.6780e+01	
 7.6592e+01	
 7.6638e+01	
 7.6722e+01	
 7.6401e+01	
 7.6991e+01	
 7.6803e+01	
 7.7051e+01	
 7.6868e+01	
 7.6483e+01	
 7.6439e+01	
 7.6744e+01	
 7.6721e+01	
 7.6643e+01	
 7.6763e+01	
 7.6639e+01	
 7.6675e+01	
 7.6781e+01	
 7.6820e+01	
 7.6664e+01	
 7.6792e+01	
 7.6685e+01	
 7.6423e+01	
 7.6925e+01	
 7.6929e+01	
 7.6837e+01	
 7.6735e+01	
 7.6961e+01	
 7.6331e+01	
 7.6581e+01	
 7.7218e+01	
 7.6760e+01	
 7.6779e+01	
 7.6759e+01	
 7.6905e+01	
 7.6417e+01	
 7.6734e+01	
 7.6638e+01	
 7.6862e+01	
 7.6773e+01	
 7.6807e+01	
 7.6788e+01	
 7.6562e+01	
 7.6876e+01	
 7.6846e+01	
 7.6803e+01	
 7.6837e+01	
 7.6575e+01	
 7.6851e+01	
 7.6823e+01	
 7.6785e+01	
 7.7073e+01	
 7.6793e+01	
 7.6763e+01	
 7.6779e+01	
 7.6633e+01	
 7.7020e+01	
 7.6789e+01	
 7.6966e+01	
 7.6535e+01	
 7.6641e+01	
 7.6407e+01	
 7.6715e+01	
 7.6706e+01	
 7.6672e+01	
 7.6721e+01	
 7.6567e+01	
 7.6869e+01	
 7.6605e+01	
 7.6763e+01	
 7.6662e+01	
 7.6272e+01	
 7.6501e+01	
 7.6809e+01	
 7.6736e+01	
 7.6678e+01	
 7.6602e+01	
 7.6543e+01	
 7.6842e+01	
 7.6803e+01	
 7.7045e+01	
 7.6811e+01	
 7.6859e+01	
 7.6801e+01	
 7.7020e+01	
 7.6573e+01	
 7.6727e+01	
 7.6645e+01	
 7.6762e+01	
 7.6778e+01	
 7.6422e+01	
 7.6995e+01	
 7.6708e+01	
 7.6915e+01	
 7.6923e+01	
 7.6755e+01	
 7.6767e+01	
 7.6681e+01	
 7.6402e+01	
 7.6686e+01	
 7.6359e+01	
 7.6583e+01	
 7.6786e+01	
 7.6816e+01	
 7.6503e+01	
 7.6797e+01	
 7.6878e+01	
 7.6699e+01	
 7.6539e+01	
 7.6851e+01	
 7.6626e+01	
 7.6856e+01	
 7.6841e+01	
 7.6783e+01	
 7.6800e+01	
 7.6766e+01	
 7.6922e+01	
 7.6804e+01	
 7.6651e+01	
 7.6755e+01	
 7.6626e+01	
 7.6864e+01	
 7.6646e+01	
 7.6696e+01	
 7.6738e+01	
 7.6915e+01	
 7.6889e+01	
 7.6911e+01	
 7.6629e+01	
 7.6609e+01	
 7.6871e+01	
 7.6851e+01	
 7.6735e+01	
 7.6581e+01	
 7.6744e+01	
 7.6780e+01	
 7.6894e+01	
 7.6691e+01	
 7.6881e+01	
 7.6666e+01	
 7.6820e+01	
 7.6580e+01	
 7.6640e+01	
 7.6764e+01	
 7.6669e+01	
 7.6883e+01	
 7.6656e+01	
 7.6694e+01	
 7.6899e+01	
 7.6908e+01	
 7.6593e+01	
 7.6470e+01	
 7.6795e+01	
 7.6704e+01	
 7.6583e+01	
 7.6905e+01	
 7.6705e+01	
 7.6763e+01	
 7.6742e+01	
 7.6778e+01	
 7.6524e+01	
 7.6549e+01	
 7.6821e+01	
 7.6769e+01	
 7.6819e+01	
 7.6791e+01	
 7.6712e+01	
 7.6669e+01	
 7.6876e+01	
 7.6758e+01	
 7.6714e+01	
 7.6747e+01	
 7.6829e+01	
 7.6748e+01	
 7.6816e+01	
 7.6677e+01	
 7.6828e+01	
 7.6387e+01	
 7.6696e+01	
 7.6470e+01	
 7.6881e+01	
 7.6689e+01	
 7.6655e+01	
 7.6533e+01	
 7.6866e+01	
 7.6691e+01	
 7.6841e+01	
 7.6991e+01	
 7.6843e+01	
 7.6839e+01	
 7.6715e+01	
 7.6599e+01	
 7.6616e+01	
 7.6980e+01	
 7.6932e+01	
 7.6630e+01	
 7.6631e+01	
 7.6663e+01	
 7.6731e+01	
 7.6756e+01	
 7.6565e+01	
 7.6850e+01	
 7.6780e+01	
 7.6748e+01	
 7.6849e+01	
 7.6661e+01	
 7.6794e+01	
 7.6959e+01	
 7.6564e+01	
 7.6740e+01	
 7.6654e+01	
 7.6714e+01	
 7.7071e+01	
 7.6917e+01	
 7.6905e+01	
 7.6913e+01	
 7.6836e+01	
 7.6910e+01	
 7.6730e+01	
 7.6884e+01	
 7.6533e+01	
 7.6371e+01	
 7.6671e+01	
 7.6694e+01	
 7.6432e+01	
 7.6762e+01	
 7.6882e+01	
 7.6747e+01	
 7.6805e+01	
 7.6930e+01	
 7.7207e+01	
 7.6792e+01	
 7.6902e+01	
 7.6508e+01	
 7.6659e+01	
 7.6607e+01	
 7.6641e+01	
 7.6977e+01	
 7.6759e+01	
 7.6957e+01	
 7.6788e+01	
 7.6784e+01	
 7.6865e+01	
 7.6825e+01	
 7.6792e+01	
 7.6714e+01	
 7.6609e+01	
 7.6708e+01	
 7.6881e+01	
 7.6696e+01	
 7.6823e+01	
 7.6598e+01	
 7.6583e+01	
 7.6323e+01	
 7.6982e+01	
 7.6835e+01	
 7.6729e+01	
 7.6533e+01	
 7.6697e+01	
 7.6613e+01	
 7.6642e+01	
 7.6846e+01	
 7.6979e+01	
 7.6648e+01	
 7.6906e+01	
 7.6783e+01	
 7.6658e+01	
 7.6940e+01	
 7.7109e+01	
 7.6703e+01	
 7.7119e+01	
 7.6740e+01	
 7.6760e+01	
 7.6590e+01	
 7.6852e+01	
 7.6467e+01	
 7.6575e+01	
 7.6440e+01	
 7.6564e+01	
 7.6178e+01	
 7.6941e+01	
 7.6633e+01	
 7.6868e+01	
 7.6860e+01	
 7.6781e+01	
 7.6751e+01	
 7.6646e+01	
 7.6701e+01	
 7.6873e+01	
 7.6793e+01	
 7.6759e+01	
 7.6958e+01	
 7.6890e+01	
 7.6683e+01	
 7.6643e+01	
 7.6598e+01	
 7.6626e+01	
 7.6852e+01	
 7.6562e+01	
 7.6560e+01	
 7.6956e+01	
 7.6614e+01	
 7.6715e+01	
 7.6304e+01	
 7.7052e+01	
 7.6834e+01	
 7.6689e+01	
 7.6657e+01	
 7.6551e+01	
 7.6898e+01	
 7.6647e+01	
 7.6869e+01	
 7.6786e+01	
 7.6797e+01	
 7.6697e+01	
 7.6821e+01	
 7.6851e+01	
 7.6637e+01	
 7.6843e+01	
 7.6816e+01	
 7.6893e+01	
 7.6665e+01	
 7.6712e+01	
 7.6661e+01	
 7.6868e+01	
 7.6769e+01	
 7.6866e+01	
 7.6623e+01	
 7.6623e+01	
 7.6771e+01	
 7.6814e+01	
 7.6833e+01	
 7.6590e+01	
 7.6688e+01	
 7.6589e+01	
 7.6525e+01	
 7.6710e+01	
 7.6958e+01	
 7.6836e+01	
 7.6872e+01	
 7.6724e+01	
 7.6792e+01	
 7.6624e+01	
 7.6648e+01	
 7.6529e+01	
 7.6705e+01	
 7.6601e+01	
 7.6517e+01	
 7.7029e+01	
 7.6828e+01	
 7.6670e+01	
 7.6686e+01	
 7.6656e+01	
 7.6721e+01	
 7.6935e+01	
 7.6777e+01	
 7.6828e+01	
 7.6795e+01	
 7.6456e+01	
 7.6661e+01	
 7.6730e+01	
 7.6878e+01	
 7.6764e+01	
 7.6803e+01	
 7.6564e+01	
 7.6650e+01	
 7.6647e+01	
 7.6933e+01	
 7.6836e+01	
 7.6862e+01	
 7.6528e+01	
 7.6564e+01	
 7.6724e+01	
 7.6865e+01	
 7.6642e+01	
 7.6601e+01	
 7.6754e+01	
 7.6561e+01	
 7.6673e+01	
 7.6740e+01	
 7.7193e+01	
 7.6610e+01	
 7.6800e+01	
 7.6947e+01	
 7.6602e+01	
 7.6730e+01	
 7.6891e+01	
 7.6674e+01	
 7.6837e+01	
 7.6949e+01	
 7.6746e+01	
 7.7003e+01	
 7.6865e+01	
 7.6821e+01	
 7.6758e+01	
 7.6813e+01	
 7.6764e+01	
 7.6721e+01	
 7.6859e+01	
 7.6891e+01	
 7.6877e+01	
 7.6609e+01	
 7.6578e+01	
 7.6471e+01	
 7.5543e+01	
 7.6797e+01	
 7.6548e+01	
 7.6714e+01	
 7.6624e+01	
 7.6828e+01	
 7.6715e+01	
 7.6738e+01	
 7.6885e+01	
 7.6582e+01	
 7.6708e+01	
 7.6773e+01	
 7.6653e+01	
 7.6804e+01	
 7.6730e+01	
 7.6829e+01	
 7.6885e+01	
 7.6755e+01	
 7.6991e+01	
 7.6764e+01	
 7.6736e+01	
 7.6728e+01	
 7.6924e+01	
 7.6745e+01	
 7.6762e+01	
 7.2656e+01	
 7.7145e+01	
 7.6714e+01	
 7.6532e+01	
 7.6607e+01	
 7.6800e+01	
 7.6832e+01	
 7.6810e+01	
 7.6662e+01	
 7.6805e+01	
 7.6926e+01	
 7.6560e+01	
 7.6663e+01	
 7.6811e+01	
 7.6735e+01	
 7.6931e+01	
 7.6438e+01	
 7.6714e+01	
 7.6966e+01	
 7.6732e+01	
 7.6573e+01	
 7.6638e+01	
 7.6578e+01	
 7.6708e+01	
 7.6812e+01	
 7.7015e+01	
 7.6616e+01	
 7.6865e+01	
 7.6953e+01	
 7.6642e+01	
 7.6780e+01	
 7.7040e+01	
 7.6437e+01	
 7.6858e+01	
 7.6610e+01	
 7.6849e+01	
 7.7012e+01	
 7.6688e+01	
 7.6892e+01	
 7.6793e+01	
 7.6553e+01	
 7.6762e+01	
 7.6601e+01	
 7.6819e+01	
 7.6759e+01	
 7.6787e+01	
 7.6406e+01	
 7.6681e+01	
 7.6437e+01	
 7.6662e+01	
 7.6055e+01	
 7.6762e+01	
 7.6824e+01	
 7.6634e+01	
 7.6581e+01	
 7.6783e+01	
 7.6528e+01	
 7.6576e+01	
 7.6839e+01	
 7.6739e+01	
 7.6846e+01	
 7.6744e+01	
 7.6731e+01	
 7.6783e+01	
 7.6574e+01	
 7.6803e+01	
 7.6917e+01	
 7.6649e+01	
 7.6547e+01	
 7.6683e+01	
 7.6848e+01	
 7.6716e+01	
 7.6607e+01	
 7.6921e+01	
 7.6719e+01	
 7.7088e+01	
 7.6868e+01	
 7.7045e+01	
 7.6588e+01	
 7.6647e+01	
 7.6775e+01	
 7.6868e+01	
 7.6810e+01	
 7.6707e+01	
 7.6988e+01	
 7.6789e+01	
 7.6760e+01	
 7.6631e+01	
 7.6629e+01	
 7.6584e+01	
 7.6916e+01	
 7.6781e+01	
 7.6640e+01	
 7.6747e+01	
 7.6870e+01	
 7.6925e+01	
 7.6437e+01	
 7.6635e+01	
 7.6808e+01	
 7.6963e+01	
 7.6820e+01	
 7.6594e+01	
 7.6817e+01	
 7.6748e+01	
 7.6640e+01	
 7.6723e+01	
 7.6885e+01	
 7.6667e+01	
 7.6794e+01	
 7.6878e+01	
 7.6679e+01	
 7.6901e+01	
 7.6842e+01	
 7.6685e+01	
 7.6845e+01	
 7.6826e+01	
 7.6714e+01	
 7.6605e+01	
 7.6719e+01	
 7.6943e+01	
 7.6578e+01	
 7.6754e+01	
 7.6852e+01	
 7.6628e+01	
 7.6784e+01	
 7.7753e+01	
 7.6605e+01	
 7.6904e+01	
 7.6403e+01	
 7.6664e+01	
 7.6729e+01	
 7.6959e+01	
 7.6804e+01	
 7.6794e+01	
 7.6770e+01	
 7.6743e+01	
 7.6951e+01	
 7.6883e+01	
 7.6632e+01	
 7.7091e+01	
 7.6882e+01	
 7.6845e+01	
 7.6714e+01	
 7.6537e+01	
 7.6950e+01	
 7.6727e+01	
 7.6862e+01	
 7.6589e+01	
 7.6900e+01	
 7.6650e+01	
 7.6380e+01	
 7.6951e+01	
 7.6812e+01	
 7.6857e+01	
 7.6754e+01	
 7.6987e+01	
 7.6800e+01	
 7.6933e+01	
 7.6672e+01	
 7.6874e+01	
 7.6945e+01	
 7.6715e+01	
 7.6575e+01	
 7.6732e+01	
 7.6722e+01	
 7.6528e+01	
 7.7028e+01	
 7.6827e+01	
 7.7026e+01	
 7.6864e+01	
 7.6610e+01	
 7.6820e+01	
 7.6756e+01	
 7.6716e+01	
 7.6746e+01	
 7.6428e+01	
 7.6918e+01	
 7.6776e+01	
 7.6637e+01	
 7.6732e+01	
 7.6482e+01	
 7.6823e+01	
 7.6832e+01	
 7.6730e+01	
 7.6609e+01	
 7.6777e+01	
 7.6516e+01	
 7.6624e+01	
 7.6746e+01	
 7.6783e+01	
 7.6620e+01	
 7.6734e+01	
 7.6913e+01	
 7.6685e+01	
 7.6729e+01	
 7.6764e+01	
 7.6580e+01	
 7.6807e+01	
 7.6769e+01	
 7.6621e+01	
 7.6167e+01	
 7.6955e+01	
 7.6450e+01	
 7.6689e+01	
 7.6632e+01	
 7.6860e+01	
 7.6776e+01	
 7.6810e+01	
 7.6541e+01	
 7.6645e+01	
 7.6769e+01	
 7.6609e+01	
 7.6900e+01	
 7.6800e+01	
 7.6930e+01	
 7.6737e+01	
 7.6745e+01	
 7.7064e+01	
 7.6608e+01	
 7.6746e+01	
 7.6803e+01	
 7.6703e+01	
 7.6464e+01	
 7.6768e+01	
 7.6818e+01	
 7.6997e+01	
 7.6950e+01	
 7.6818e+01	
 7.6802e+01	
 7.6841e+01	
 7.6685e+01	
 7.6678e+01	
 7.6963e+01	
 7.6870e+01	
 7.6519e+01	
 7.6737e+01	
 7.6706e+01	
 7.6724e+01	
 7.6835e+01	
 7.6775e+01	
 7.6626e+01	
 7.6889e+01	
 7.7096e+01	
 7.6811e+01	
 7.6658e+01	
 7.6691e+01	
 7.6729e+01	
 7.6475e+01	
 7.6352e+01	
 7.6657e+01	
 7.6762e+01	
 7.6856e+01	
 7.6638e+01	
 7.6946e+01	
 7.6640e+01	
 7.6775e+01	
 7.6718e+01	
 7.6568e+01	
 7.6686e+01	
 7.6732e+01	
 7.6770e+01	
 7.6815e+01	
 7.6927e+01	
 7.6710e+01	
 7.6618e+01	
 7.6621e+01	
 7.6691e+01	
 7.6870e+01	
 7.6616e+01	
 7.6862e+01	
 7.6643e+01	
 7.6818e+01	
 7.6777e+01	
 7.6333e+01	
 7.7052e+01	
 7.6794e+01	
 7.6698e+01	
 7.6695e+01	
 7.6664e+01	
 7.6759e+01	
 7.6553e+01	
 7.6509e+01	
 7.6685e+01	
 7.6908e+01	
 7.6669e+01	
 7.6549e+01	
 7.6655e+01	
 7.6890e+01	
 7.6972e+01	
 7.6833e+01	
 7.6808e+01	
 7.6815e+01	
 7.6930e+01	
 7.6779e+01	
 7.6825e+01	
 7.6826e+01	
 7.6858e+01	
 7.6922e+01	
 7.6872e+01	
 7.6780e+01	
 7.6494e+01	
 7.6818e+01	
 7.6622e+01	
 7.6533e+01	
 7.6768e+01	
 7.6559e+01	
 7.6792e+01	
 7.6900e+01	
 7.6832e+01	
 7.6837e+01	
 7.6872e+01	
 7.6826e+01	
 7.6889e+01	
 7.6705e+01	
 7.6748e+01	
 7.6622e+01	
 7.6685e+01	
 7.6667e+01	
 7.7095e+01	
 7.6849e+01	
 7.6631e+01	
 7.6803e+01	
 7.6645e+01	
 7.6727e+01	
 7.6602e+01	
 7.6969e+01	
 7.6661e+01	
 7.6610e+01	
 7.6856e+01	
 7.6760e+01	
 7.6927e+01	
 7.6666e+01	
 7.6851e+01	
 7.6836e+01	
 7.6786e+01	
 7.6592e+01	
 7.6740e+01	
 7.6631e+01	
 7.6892e+01	
 7.6556e+01	
 7.6768e+01	
 7.6612e+01	
 7.6826e+01	
 7.7206e+01	
 7.6714e+01	
 7.6848e+01	
 7.6823e+01	
 7.6816e+01	
 7.6940e+01	
 7.6680e+01	
 7.7074e+01	
 7.6688e+01	
 7.6742e+01	
 7.6707e+01	
 7.6671e+01	
 7.6857e+01	
 7.6596e+01	
 7.6883e+01	
 7.6743e+01	
 7.6955e+01	
 7.6631e+01	
 7.7107e+01	
 7.6848e+01	
 7.6932e+01	
 7.6872e+01	
 7.6553e+01	
 7.6841e+01	
 7.6823e+01	
 7.6722e+01	
 7.6916e+01	
 7.6609e+01	
 7.6882e+01	
 7.6804e+01	
 7.6646e+01	
 7.6718e+01	
 7.6830e+01	
 7.6818e+01	
 7.6946e+01	
 7.6932e+01	
 7.6580e+01	
 7.6983e+01	
 7.6886e+01	
 7.6867e+01	
 7.6706e+01	
 7.6682e+01	
 7.6861e+01	
 7.6769e+01	
 7.6857e+01	
 7.7048e+01	
 7.6989e+01	
 7.6735e+01	
 7.6730e+01	
 7.6845e+01	
 7.6925e+01	
 7.6835e+01	
 7.6566e+01	
 7.6694e+01	
 7.6728e+01	
 7.6523e+01	
 7.6700e+01	
 7.6593e+01	
 7.6787e+01	
 7.6578e+01	
 7.6655e+01	
 7.6548e+01	
 7.6894e+01	
 7.6850e+01	
 7.6906e+01	
 7.6935e+01	
 7.6926e+01	
 7.6922e+01	
 7.6620e+01	
 7.6728e+01	
 7.6751e+01	
 7.6772e+01	
 7.6689e+01	
 7.6824e+01	
 7.6826e+01	
 7.6922e+01	
 7.6759e+01	
 7.6737e+01	
 7.6674e+01	
 7.6736e+01	
 7.6795e+01	
 7.6856e+01	
 7.6752e+01	
 7.6961e+01	
 7.6828e+01	
 7.6702e+01	
 7.6772e+01	
 7.7056e+01	
 7.6508e+01	
 7.6621e+01	
 7.6900e+01	
 7.6787e+01	
 7.6680e+01	
 7.6755e+01	
 7.6910e+01	
 7.6690e+01	
 7.6958e+01	
 7.6614e+01	
 7.6840e+01	
 7.6787e+01	
 7.6813e+01	
 7.6690e+01	
 7.6852e+01	
 7.6799e+01	
 7.6697e+01	
 7.6897e+01	
 7.6633e+01	
 7.6853e+01	
 7.6731e+01	
 7.6646e+01	
 7.6702e+01	
 7.7086e+01	
 7.7076e+01	
 7.6728e+01	
 7.6962e+01	
 7.6849e+01	
 7.6499e+01	
 7.6777e+01	
 7.6835e+01	
 7.6756e+01	
 7.6815e+01	
 7.6997e+01	
 7.6780e+01	
 7.6740e+01	
 7.6775e+01	
 7.6854e+01	
 7.6615e+01	
 7.6674e+01	
 7.6509e+01	
 7.6805e+01	
 7.6574e+01	
 7.6657e+01	
 7.6946e+01	
 7.6719e+01	
 7.6602e+01	
 7.6773e+01	
 7.6758e+01	
 7.6870e+01	
 7.6727e+01	
 7.6982e+01	
 7.6975e+01	
 7.6905e+01	
 7.6826e+01	
 7.6934e+01	
 7.6674e+01	
 7.6517e+01	
 7.6807e+01	
 7.6751e+01	
 7.6605e+01	
 7.6802e+01	
 7.6675e+01	
 7.7012e+01	
 7.6922e+01	
 7.6816e+01	
 7.6809e+01	
 7.6866e+01	
 7.6981e+01	
 7.6815e+01	
 7.6682e+01	
 7.6893e+01	
 7.6666e+01	
 7.6572e+01	
 7.6854e+01	
 7.6677e+01	
 7.6890e+01	
 7.6617e+01	
 7.6592e+01	
 7.6921e+01	
 7.6870e+01	
 7.6971e+01	
 7.6896e+01	
 7.6802e+01	
 7.6714e+01	
 7.6773e+01	
 7.6930e+01	
 7.6924e+01	
 7.6705e+01	
 7.6573e+01	
 7.6861e+01	
 7.6963e+01	
 7.6613e+01	
 7.7223e+01	
 7.6778e+01	
 7.6939e+01	
 7.6937e+01	
 7.6575e+01	
 7.6965e+01	
 7.6877e+01	
 7.6496e+01	
 7.7055e+01	
 7.6770e+01	
 7.6772e+01	
 7.6645e+01	
 7.6914e+01	
 7.7035e+01	
 7.6610e+01	
 7.6710e+01	
 7.6873e+01	
 7.6817e+01	
 7.6949e+01	
 7.7013e+01	
 7.6868e+01	
 7.6769e+01	
 7.6819e+01	
 7.6711e+01	
 7.6850e+01	
 7.6382e+01	
 7.6805e+01	
 7.6574e+01	
 7.6775e+01	
 7.6718e+01	
 7.7008e+01	
 7.6706e+01	
 7.6662e+01	
 7.6730e+01	
 7.6697e+01	
 7.6787e+01	
 7.6907e+01	
 7.6786e+01	
 7.6843e+01	
 7.6730e+01	
 7.6849e+01	
 7.6649e+01	
 7.6931e+01	
 7.6768e+01	
 7.6898e+01	
 7.6764e+01	
 7.6892e+01	
 7.6729e+01	
 7.6477e+01	
 7.6566e+01	
 7.6497e+01	
 7.6728e+01	
 7.6829e+01	
 7.6981e+01	
 7.6651e+01	
 7.6753e+01	
 7.6867e+01	
 7.6687e+01	
 7.6770e+01	
 7.6639e+01	
 7.6751e+01	
 7.6813e+01	
 7.6666e+01	
 7.6820e+01	
 7.6691e+01	
 7.6812e+01	
 7.6769e+01	
 7.6789e+01	
 7.6873e+01	
 7.6537e+01	
 7.6802e+01	
 7.6710e+01	
 7.6875e+01	
 7.6827e+01	
 7.6789e+01	
 7.6930e+01	
 7.6952e+01	
 7.6817e+01	
 7.6645e+01	
 7.6813e+01	
 7.7035e+01	
 7.6752e+01	
 7.6856e+01	
 7.7002e+01	
 7.6938e+01	
 7.6755e+01	
 7.6629e+01	
 7.6672e+01	
 7.6735e+01	
 7.6937e+01	
 7.6827e+01	
 7.6617e+01	
 7.6904e+01	
 7.6759e+01	
 7.6808e+01	
 7.7005e+01	
 7.6902e+01	
 7.6916e+01	
 7.6748e+01	
 7.6955e+01	
 7.6871e+01	
 7.6802e+01	
 7.6620e+01	
 7.6877e+01	
 7.6870e+01	
 7.7143e+01	
 7.6819e+01	
 7.6586e+01	
 7.6763e+01	
 7.6981e+01	
 7.6612e+01	
 7.6609e+01	
 7.6789e+01	
 7.6983e+01	
 7.6804e+01	
 7.6788e+01	
 7.6488e+01	
 7.6802e+01	
 7.6779e+01	
 7.6896e+01	
 7.6919e+01	
 7.6731e+01	
 7.6878e+01	
 7.6853e+01	
 7.6582e+01	
 7.6840e+01	
 7.6894e+01	
 7.6683e+01	
 7.6708e+01	
 7.6925e+01	
 7.6891e+01	
 7.6794e+01	
 7.6649e+01	
 7.6642e+01	
 7.7203e+01	
 7.6907e+01	
 7.7036e+01	
 7.6881e+01	
 7.6555e+01	
 7.6834e+01	
 7.6777e+01	
 7.6412e+01	
 7.6545e+01	
 7.6881e+01	
 7.6667e+01	
 7.6812e+01	
 7.6533e+01	
 7.6762e+01	
 7.6796e+01	
 7.6612e+01	
 7.6855e+01	
 7.6846e+01	
 7.6818e+01	
 7.6975e+01	
 7.6791e+01	
 7.6998e+01	
 7.6750e+01	
 7.6686e+01	
 7.6851e+01	
 7.6828e+01	
 7.6748e+01	
 7.6721e+01	
 7.6635e+01	
 7.6869e+01	
 7.6760e+01	
 7.6803e+01	
 7.6970e+01	
 7.6852e+01	
 7.6479e+01	
 7.6859e+01	
 7.7034e+01	
 7.6963e+01	
 7.6926e+01	
 7.6945e+01	
 7.6537e+01	
 7.6665e+01	
 7.7224e+01	
 7.6770e+01	
 7.6633e+01	
 7.6575e+01	
 7.6918e+01	
 7.6758e+01	
 7.6713e+01	
 7.6859e+01	
 7.6877e+01	
 7.6945e+01	
 7.6656e+01	
 7.6817e+01	
 7.6511e+01	
 7.7128e+01	
 7.6759e+01	
 7.6604e+01	
 7.6826e+01	
 7.6791e+01	
 7.6845e+01	
 7.6589e+01	
 7.6984e+01	
 7.6750e+01	
 7.6712e+01	
 7.6759e+01	
 7.6102e+01	
 7.6910e+01	
 7.6804e+01	
 7.6540e+01	
 7.6784e+01	
 7.6980e+01	
 7.6812e+01	
 7.6816e+01	
 7.7128e+01	
 7.6742e+01	
 7.6817e+01	
 7.6739e+01	
 7.7067e+01	
 7.6868e+01	
 7.7064e+01	
 7.6422e+01	
 7.6751e+01	
 7.6697e+01	
 7.6957e+01	
 7.7000e+01	
 7.6894e+01	
 7.6715e+01	
 7.6770e+01	
 7.6640e+01	
 7.6864e+01	
 7.5658e+01	
 7.6917e+01	
 7.6599e+01	
 7.6813e+01	
 7.6768e+01	
 7.6685e+01	
 7.7008e+01	
 7.6800e+01	
 7.6924e+01	
 7.6804e+01	
 7.6589e+01	
 7.6862e+01	
 7.6890e+01	
 7.6840e+01	
 7.6728e+01	
 7.6793e+01	
 7.6873e+01	
 7.6856e+01	
 7.6860e+01	
 7.6754e+01	
 7.6886e+01	
 7.6685e+01	
 7.6624e+01	
 7.6745e+01	
 7.7011e+01	
 7.6628e+01	
 7.6900e+01	
 7.6776e+01	
 7.6819e+01	
 7.6479e+01	
 7.6884e+01	
 7.6888e+01	
 7.6728e+01	
 7.6797e+01	
 7.6911e+01	
 7.6712e+01	
 7.6803e+01	
 7.6937e+01	
 7.6809e+01	
 7.6771e+01	
 7.6866e+01	
 7.6759e+01	
 7.6776e+01	
 7.6721e+01	
 7.6807e+01	
 7.6602e+01	
 7.6943e+01	
 7.6513e+01	
 7.6904e+01	
 7.6851e+01	
 7.6354e+01	
 7.6925e+01	
 7.7073e+01	
 7.6752e+01	
 7.6646e+01	
 7.6975e+01	
 7.7004e+01	
 7.6951e+01	
 7.6714e+01	
 7.6926e+01	
 7.6831e+01	
 7.6845e+01	
 7.6846e+01	
 7.6712e+01	
 7.6823e+01	
 7.6857e+01	
 7.6504e+01	
 7.6876e+01	
 7.6753e+01	
 7.6897e+01	
 7.6632e+01	
 7.6698e+01	
 7.6635e+01	
 7.6778e+01	
 7.6888e+01	
 7.8646e+01	
 7.6811e+01	
 7.6488e+01	
 7.7006e+01	
 7.6824e+01	
 7.6933e+01	
 7.6885e+01	
 7.6630e+01	
 7.6846e+01	
 7.6808e+01	
 7.6780e+01	
 7.6988e+01	
 7.6941e+01	
 7.6942e+01	
 7.6708e+01	
 7.6803e+01	
 7.6841e+01	
 7.6590e+01	
 7.6720e+01	
 7.6555e+01	
 7.6586e+01	
 7.6868e+01	
 7.6881e+01	
 7.6562e+01	
 7.6700e+01	
 7.5116e+01	
 7.6615e+01	
 7.6756e+01	
 7.6758e+01	
 7.6731e+01	
 7.6901e+01	
 7.6713e+01	
 7.6783e+01	
 7.6940e+01	
 7.6833e+01	
 7.7049e+01	
 7.6683e+01	
 7.7100e+01	
 7.6818e+01	
 7.6897e+01	
 7.6989e+01	
 7.6654e+01	
 7.6971e+01	
 7.6614e+01	
 7.6908e+01	
 7.6609e+01	
 7.6913e+01	
 7.6727e+01	
 7.6933e+01	
 7.6907e+01	
 7.6335e+01	
 7.6762e+01	
 7.7099e+01	
 7.6791e+01	
 7.6758e+01	
 7.6772e+01	
 7.6916e+01	
 7.6845e+01	
 7.6978e+01	
 7.6809e+01	
 7.7047e+01	
 7.6682e+01	
 7.6807e+01	
 7.6799e+01	
 7.6901e+01	
 7.6666e+01	
 7.6682e+01	
 7.6642e+01	
 7.6606e+01	
 7.6812e+01	
 7.6732e+01	
 7.6698e+01	
 7.6769e+01	
 7.6750e+01	
 7.6909e+01	
 7.6846e+01	
 7.6714e+01	
 7.6501e+01	
 7.6786e+01	
 7.6580e+01	
 7.6721e+01	
 7.6856e+01	
 7.6672e+01	
 7.6665e+01	
 7.6827e+01	
 7.6722e+01	
 7.6875e+01	
 7.6987e+01	
 7.6797e+01	
 7.6963e+01	
 7.6893e+01	
 7.6925e+01	
 7.6811e+01	
 7.6896e+01	
 7.6784e+01	
 7.6746e+01	
 7.7016e+01	
 7.6728e+01	
 7.6687e+01	
 7.6910e+01	
 7.6241e+01	
 7.6893e+01	
 7.6786e+01	
 7.6792e+01	
 7.6731e+01	
 7.7119e+01	
 7.6930e+01	
 7.6675e+01	
 7.6484e+01	
 7.6724e+01	
 7.6890e+01	
 7.6926e+01	
 7.6883e+01	
 7.6682e+01	
 7.6900e+01	
 7.6584e+01	
 7.6816e+01	
 7.6880e+01	
 7.6813e+01	
 7.6835e+01	
 7.6911e+01	
 7.6785e+01	
 7.6978e+01	
 7.6599e+01	
 7.6986e+01	
 7.6478e+01	
 7.6916e+01	
 7.6614e+01	
 7.6688e+01	
 7.6919e+01	
 7.6934e+01	
 7.6708e+01	
 7.6834e+01	
 7.6767e+01	
 7.6705e+01	
 7.7096e+01	
 7.6851e+01	
 7.6867e+01	
 7.6803e+01	
 7.6872e+01	
 7.7047e+01	
 7.6588e+01	
 7.6561e+01	
 7.6849e+01	
 7.6763e+01	
 7.7015e+01	
 7.6580e+01	
 7.6746e+01	
 7.6998e+01	
 7.6599e+01	
 7.6983e+01	
 7.6882e+01	
 7.6831e+01	
 7.6893e+01	
 7.6499e+01	
 7.6967e+01	
 7.6918e+01	
 7.6997e+01	
 7.6886e+01	
 7.6805e+01	
 7.6856e+01	
 7.6785e+01	
 7.6848e+01	
 7.6735e+01	
 7.6716e+01	
 7.6719e+01	
 7.6591e+01	
 7.6794e+01	
 7.6761e+01	
 7.6650e+01	
 7.6816e+01	
 7.7095e+01	
 7.6544e+01	
 7.6687e+01	
 7.6889e+01	
 7.7293e+01	
 7.6649e+01	
 7.6803e+01	
 7.6608e+01	
 7.6760e+01	
 7.6675e+01	
 7.6896e+01	
 7.6714e+01	
 7.6562e+01	
 7.6753e+01	
 7.6832e+01	
 7.6851e+01	
 7.6674e+01	
 7.6756e+01	
 7.6763e+01	
 7.6924e+01	
 7.6840e+01	
 7.6930e+01	
 7.6890e+01	
 7.6902e+01	
 7.6729e+01	
 7.6820e+01	
 7.6680e+01	
 7.6682e+01	
 7.6835e+01	
 7.7564e+01	
 7.7064e+01	
 7.6604e+01	
 7.6716e+01	
 7.6881e+01	
 7.6981e+01	
 7.6708e+01	
 7.6511e+01	
 7.6859e+01	
 7.6570e+01	
 7.6724e+01	
 7.6582e+01	
 7.6715e+01	
 7.6743e+01	
 7.6727e+01	
 7.6851e+01	
 7.6825e+01	
 7.6748e+01	
 7.6873e+01	
 7.6800e+01	
 7.6775e+01	
 7.6925e+01	
 7.6614e+01	
 7.6845e+01	
 7.6999e+01	
 7.6831e+01	
 7.6937e+01	
 7.6767e+01	
 7.6840e+01	
 7.6862e+01	
 7.6852e+01	
 7.6739e+01	
 7.6703e+01	
 7.6836e+01	
 7.6824e+01	
 7.6599e+01	
 7.6979e+01	
 7.6826e+01	
 7.6716e+01	
 7.6761e+01	
 7.6742e+01	
 7.6616e+01	
 7.7022e+01	
 7.6758e+01	
 7.7173e+01	
 7.6739e+01	
 7.6722e+01	
 7.6572e+01	
 7.6933e+01	
 7.6716e+01	
 7.6487e+01	
 7.6793e+01	
 7.6685e+01	
 7.6665e+01	
 7.7207e+01	
 7.6743e+01	
 7.7055e+01	
 7.6745e+01	
 7.6869e+01	
 7.6560e+01	
 7.6675e+01	
 7.6867e+01	
 7.6916e+01	
 7.6828e+01	
 7.6837e+01	
 7.6875e+01	
 7.6722e+01	
 7.6897e+01	
 7.7054e+01	
 7.6705e+01	
 7.6848e+01	
 7.6697e+01	
 7.6661e+01	
 7.6601e+01	
 7.6608e+01	
 7.6530e+01	
 7.6857e+01	
 7.6802e+01	
 7.6929e+01	
 7.6807e+01	
 7.6753e+01	
 7.6816e+01	
 7.6584e+01	
 7.6524e+01	
 7.6573e+01	
 7.6904e+01	
 7.7168e+01	
 7.6872e+01	
 7.6729e+01	
 7.6539e+01	
 7.6437e+01	
 7.6723e+01	
 7.6860e+01	
 7.6697e+01	
 7.7197e+01	
 7.6962e+01	
 7.6894e+01	
 7.6885e+01	
 7.6816e+01	
 7.6573e+01	
 7.7201e+01	
 7.7027e+01	
 7.6991e+01	
 7.6792e+01	
 7.7153e+01	
 7.6882e+01	
 7.6759e+01	
 7.6840e+01	
 7.6775e+01	
 7.6745e+01	
 7.6707e+01	
 7.6905e+01	
 7.6776e+01	
 7.6901e+01	
 7.6837e+01	
 7.6752e+01	
 7.6677e+01	
 7.6772e+01	
 7.6832e+01	
 7.6518e+01	
 7.6882e+01	
 7.6638e+01	
 7.6793e+01	
 7.6956e+01	
 7.6732e+01	
 7.6764e+01	
 7.6888e+01	
 7.6873e+01	
 7.6640e+01	
 7.6957e+01	
 7.6808e+01	
 7.6846e+01	
 7.6751e+01	
 7.6661e+01	
 7.6593e+01	
 7.6833e+01	
 7.6778e+01	
 7.6919e+01	
 7.6923e+01	
 7.6979e+01	
 7.6586e+01	
 7.6569e+01	
 7.6954e+01	
 7.6671e+01	
 7.7071e+01	
 7.6736e+01	
 7.6755e+01	
 7.6994e+01	
 7.6849e+01	
 7.6636e+01	
 7.6943e+01	
 7.6891e+01	
 7.6908e+01	
 7.6938e+01	
 7.7069e+01	
 7.6739e+01	
 7.6906e+01	
 7.6766e+01	
 7.6750e+01	
 7.6575e+01	
 7.6613e+01	
 7.6834e+01	
 7.6690e+01	
 7.6617e+01	
 7.6956e+01	
 7.6810e+01	
 7.6886e+01	
 7.6856e+01	
 7.6875e+01	
 7.6657e+01	
 7.6751e+01	
 7.7019e+01	
 7.6933e+01	
 7.6640e+01	
 7.6678e+01	
 7.7105e+01	
 7.6933e+01	
 7.6856e+01	
 7.6727e+01	
 7.6946e+01	
 7.6665e+01	
 7.6760e+01	
 7.6856e+01	
 7.6907e+01	
 7.6972e+01	
 7.6793e+01	
 7.6919e+01	
 7.6789e+01	
 7.6752e+01	
 7.6891e+01	
 7.6954e+01	
 7.6750e+01	
 7.6808e+01	
 7.6877e+01	
 7.6588e+01	
 7.6827e+01	
 7.6727e+01	
 7.6731e+01	
 7.6731e+01	
 7.6471e+01	
