% mean class accuracy (train set)	
 5.3242e+01	
 6.4084e+01	
 6.6262e+01	
 6.7596e+01	
 6.8518e+01	
 6.9135e+01	
 6.9599e+01	
 7.0151e+01	
 7.0424e+01	
 7.0760e+01	
 7.1136e+01	
 7.1594e+01	
 7.0786e+01	
 7.1715e+01	
 7.1862e+01	
 7.1995e+01	
 7.2107e+01	
 7.2349e+01	
 7.2323e+01	
 7.2751e+01	
 7.2655e+01	
 7.2775e+01	
 7.2802e+01	
 7.2937e+01	
 7.3062e+01	
 7.3438e+01	
 7.3248e+01	
 7.3160e+01	
 7.3353e+01	
 7.3436e+01	
 7.3688e+01	
 7.3552e+01	
 7.3392e+01	
 7.3570e+01	
 7.3716e+01	
 7.3630e+01	
 7.3779e+01	
 7.3906e+01	
 7.3658e+01	
 7.4152e+01	
 7.3780e+01	
 7.4038e+01	
 7.3999e+01	
 7.4108e+01	
 7.4043e+01	
 7.4211e+01	
 7.4326e+01	
 7.4413e+01	
 7.4261e+01	
 7.4220e+01	
 7.4260e+01	
 7.4479e+01	
 7.4290e+01	
 7.4537e+01	
 7.4512e+01	
 7.4555e+01	
 7.4586e+01	
 7.4619e+01	
 7.4560e+01	
 7.4691e+01	
 7.4790e+01	
 7.4891e+01	
 7.4873e+01	
 7.4916e+01	
 7.5502e+01	
 7.4885e+01	
 7.4923e+01	
 7.5013e+01	
 7.5031e+01	
 7.5075e+01	
 7.5161e+01	
 7.4987e+01	
 7.5165e+01	
 7.5165e+01	
 7.5273e+01	
 7.5125e+01	
 7.5316e+01	
 7.5055e+01	
 7.5050e+01	
 7.5180e+01	
 7.5397e+01	
 7.5521e+01	
 7.5357e+01	
 7.5360e+01	
 7.5431e+01	
 7.5295e+01	
 7.5381e+01	
 7.5543e+01	
 7.5377e+01	
 7.5381e+01	
 7.5541e+01	
 7.5433e+01	
 7.5475e+01	
 7.5471e+01	
 7.5246e+01	
 7.5680e+01	
 7.5368e+01	
 7.5496e+01	
 7.5597e+01	
 7.5598e+01	
 7.5513e+01	
 7.5576e+01	
 7.5432e+01	
 7.5728e+01	
 7.5645e+01	
 7.5762e+01	
 7.5507e+01	
 7.5598e+01	
 7.5633e+01	
 7.5576e+01	
 7.5566e+01	
 7.5563e+01	
 7.5720e+01	
 7.5844e+01	
 7.5500e+01	
 7.5586e+01	
 7.5886e+01	
 7.5549e+01	
 7.5718e+01	
 7.5720e+01	
 7.5810e+01	
 7.5794e+01	
 7.5654e+01	
 7.5609e+01	
 7.5629e+01	
 7.5683e+01	
 7.5682e+01	
 7.5640e+01	
 7.5805e+01	
 7.5627e+01	
 7.5750e+01	
 7.5815e+01	
 7.5941e+01	
 7.5796e+01	
 7.5981e+01	
 7.5822e+01	
 7.5675e+01	
 7.5839e+01	
 7.5645e+01	
 7.5808e+01	
 7.5869e+01	
 7.5691e+01	
 7.5344e+01	
 7.5753e+01	
 7.5763e+01	
 7.5720e+01	
 7.5900e+01	
 7.5906e+01	
 7.6007e+01	
 7.5822e+01	
 7.5889e+01	
 7.5729e+01	
 7.6049e+01	
 7.5900e+01	
 7.5986e+01	
 7.5773e+01	
 7.6010e+01	
 7.5849e+01	
 7.5824e+01	
 7.5845e+01	
 7.5910e+01	
 7.5858e+01	
 7.5814e+01	
 7.5869e+01	
 7.5978e+01	
 7.5862e+01	
 7.5795e+01	
 7.6044e+01	
 7.5550e+01	
 7.5824e+01	
 7.6022e+01	
 7.6082e+01	
 7.5906e+01	
 7.5846e+01	
 7.6187e+01	
 7.5897e+01	
 7.6011e+01	
 7.5936e+01	
 7.5921e+01	
 7.5911e+01	
 7.5988e+01	
 7.5864e+01	
 7.5923e+01	
 7.5933e+01	
 7.5933e+01	
 7.5749e+01	
 7.5777e+01	
 7.6046e+01	
 7.5851e+01	
 7.5907e+01	
 7.5962e+01	
 7.6027e+01	
 7.6058e+01	
 7.6081e+01	
 7.6125e+01	
 7.6001e+01	
 7.5934e+01	
 7.6188e+01	
 7.6090e+01	
 7.6099e+01	
 7.6056e+01	
 7.6136e+01	
 7.6148e+01	
 7.6077e+01	
 7.5968e+01	
 7.5792e+01	
 7.6143e+01	
 7.5829e+01	
 7.5972e+01	
 7.6200e+01	
 7.6139e+01	
 7.6105e+01	
 7.6086e+01	
 7.5908e+01	
 7.6003e+01	
 7.6072e+01	
 7.6136e+01	
 7.6039e+01	
 7.6079e+01	
 7.6103e+01	
 7.6159e+01	
 7.6176e+01	
 7.6225e+01	
 7.5738e+01	
 7.6104e+01	
 7.6099e+01	
 7.6153e+01	
 7.5945e+01	
 7.6136e+01	
 7.6096e+01	
 7.6004e+01	
 7.6078e+01	
 7.6203e+01	
 7.6157e+01	
 7.5991e+01	
 7.6068e+01	
 7.6033e+01	
 7.6267e+01	
 7.6332e+01	
 7.6246e+01	
 7.6101e+01	
 7.6190e+01	
 7.6100e+01	
 7.6100e+01	
 7.6078e+01	
 7.6064e+01	
 7.5998e+01	
 7.6170e+01	
 7.6302e+01	
 7.6185e+01	
 7.6121e+01	
 7.6183e+01	
 7.6256e+01	
 7.6036e+01	
 7.6398e+01	
 7.6182e+01	
 7.6052e+01	
 7.6241e+01	
 7.6143e+01	
 7.6056e+01	
 7.6153e+01	
 7.6247e+01	
 7.6076e+01	
 7.6180e+01	
 7.6137e+01	
 7.6207e+01	
 7.6240e+01	
 7.6104e+01	
 7.6274e+01	
 7.6091e+01	
 7.6279e+01	
 7.6134e+01	
 7.6070e+01	
 7.5913e+01	
 7.6122e+01	
 7.6127e+01	
 7.6249e+01	
 7.6188e+01	
 7.6311e+01	
 7.6139e+01	
 7.6343e+01	
 7.6353e+01	
 7.6095e+01	
 7.6174e+01	
 7.6185e+01	
 7.6238e+01	
 7.6180e+01	
 7.6033e+01	
 7.6276e+01	
 7.6308e+01	
 7.6090e+01	
 7.6175e+01	
 7.6266e+01	
 7.6143e+01	
 7.6175e+01	
 7.6222e+01	
 7.6265e+01	
 7.6314e+01	
 7.6375e+01	
 7.6214e+01	
 7.6264e+01	
 7.6202e+01	
 7.6293e+01	
 7.6211e+01	
 7.6242e+01	
 7.6051e+01	
 7.6214e+01	
 7.6199e+01	
 7.6288e+01	
 7.6285e+01	
 7.6105e+01	
 7.6202e+01	
 7.6098e+01	
 7.6188e+01	
 7.6353e+01	
 7.6147e+01	
 7.6261e+01	
 7.6190e+01	
 7.6231e+01	
 7.6097e+01	
 7.6335e+01	
 7.6255e+01	
 7.6311e+01	
 7.5893e+01	
 7.6199e+01	
 7.6230e+01	
 7.6170e+01	
 7.6180e+01	
 7.6174e+01	
 7.6298e+01	
 7.6270e+01	
 7.6239e+01	
 7.6190e+01	
 7.6271e+01	
 7.6316e+01	
 7.6297e+01	
 7.6345e+01	
 7.6506e+01	
 7.6366e+01	
 7.6278e+01	
 7.6165e+01	
 7.6105e+01	
 7.6302e+01	
 7.6104e+01	
 7.6252e+01	
 7.6358e+01	
 7.6173e+01	
 7.6378e+01	
 7.6269e+01	
 7.5913e+01	
 7.6235e+01	
 7.6213e+01	
 7.6294e+01	
 7.6293e+01	
 7.6260e+01	
 7.6284e+01	
 7.6209e+01	
 7.6182e+01	
 7.6286e+01	
 7.6099e+01	
 7.6116e+01	
 7.6258e+01	
 7.6571e+01	
 7.6261e+01	
 7.6203e+01	
 7.6377e+01	
 7.6332e+01	
 7.6223e+01	
 7.6278e+01	
 7.6243e+01	
 7.6141e+01	
 7.6226e+01	
 7.6397e+01	
 7.6092e+01	
 7.6297e+01	
 7.6345e+01	
 7.6165e+01	
 7.6352e+01	
 7.6315e+01	
 7.6255e+01	
 7.6228e+01	
 7.6472e+01	
 7.6126e+01	
 7.6344e+01	
 7.6330e+01	
 7.6253e+01	
 7.6380e+01	
 7.6287e+01	
 7.6384e+01	
 7.6440e+01	
 7.6233e+01	
 7.6279e+01	
 7.6358e+01	
 7.6114e+01	
 7.6298e+01	
 7.6372e+01	
 7.6340e+01	
 7.6202e+01	
 7.6296e+01	
 7.6194e+01	
 7.6295e+01	
 7.6286e+01	
 7.6508e+01	
 7.6247e+01	
 7.6361e+01	
 7.6329e+01	
 7.6291e+01	
 7.6276e+01	
 7.6356e+01	
 7.6376e+01	
 7.6382e+01	
 7.6329e+01	
 7.6446e+01	
 7.6441e+01	
 7.6265e+01	
 7.6438e+01	
 7.6345e+01	
 7.6282e+01	
 7.6359e+01	
 7.6337e+01	
 7.6488e+01	
 7.6199e+01	
 7.6306e+01	
 7.6209e+01	
 7.6208e+01	
 7.6297e+01	
 7.6388e+01	
 7.6551e+01	
 7.6130e+01	
 7.6472e+01	
 7.6298e+01	
 7.6349e+01	
 7.6179e+01	
 7.6434e+01	
 7.6331e+01	
 7.6369e+01	
 7.6203e+01	
 7.6263e+01	
 7.6331e+01	
 7.6400e+01	
 7.6327e+01	
 7.6218e+01	
 7.6181e+01	
 7.6462e+01	
 7.6315e+01	
 7.6278e+01	
 7.6276e+01	
 7.6107e+01	
 7.6393e+01	
 7.6434e+01	
 7.6451e+01	
 7.6343e+01	
 7.6309e+01	
 7.5966e+01	
 7.6554e+01	
 7.6366e+01	
 7.6365e+01	
 7.6429e+01	
 7.6274e+01	
 7.6232e+01	
 7.6356e+01	
 7.6457e+01	
 7.6400e+01	
 7.6268e+01	
 7.6177e+01	
 7.6484e+01	
 7.6259e+01	
 7.6480e+01	
 7.6255e+01	
 7.6495e+01	
 7.6294e+01	
 7.6334e+01	
 7.6421e+01	
 7.6580e+01	
 7.6294e+01	
 7.6278e+01	
 7.6345e+01	
 7.6319e+01	
 7.6362e+01	
 7.6469e+01	
 7.6403e+01	
 7.6410e+01	
 7.6306e+01	
 7.6425e+01	
 7.6454e+01	
 7.6370e+01	
 7.6298e+01	
 7.6464e+01	
 7.6418e+01	
 7.6333e+01	
 7.6341e+01	
 7.6589e+01	
 7.6536e+01	
 7.6349e+01	
 7.6460e+01	
 7.6340e+01	
 7.6189e+01	
 7.6410e+01	
 7.6449e+01	
 7.6229e+01	
 7.6291e+01	
 7.6329e+01	
 7.6561e+01	
 7.6319e+01	
 7.6377e+01	
 7.6507e+01	
 7.6529e+01	
 7.6213e+01	
 7.6458e+01	
 7.6315e+01	
 7.6303e+01	
 7.6328e+01	
 7.6499e+01	
 7.6444e+01	
 7.6384e+01	
 7.6441e+01	
 7.6452e+01	
 7.6510e+01	
 7.6562e+01	
 7.6481e+01	
 7.6431e+01	
 7.6517e+01	
 7.6227e+01	
 7.6309e+01	
 7.6347e+01	
 7.6411e+01	
 7.6374e+01	
 7.6286e+01	
 7.6531e+01	
 7.6356e+01	
 7.6413e+01	
 7.7951e+01	
 7.6254e+01	
 7.6728e+01	
 7.6131e+01	
 7.6471e+01	
 7.6506e+01	
 7.6264e+01	
 7.6348e+01	
 7.6476e+01	
 7.6293e+01	
 7.6349e+01	
 7.6347e+01	
 7.6399e+01	
 7.6302e+01	
 7.6426e+01	
 7.6172e+01	
 7.6376e+01	
 7.6377e+01	
 7.6259e+01	
 7.6345e+01	
 7.6252e+01	
 7.6344e+01	
 7.6339e+01	
 7.6328e+01	
 7.6402e+01	
 7.6561e+01	
 7.5277e+01	
 7.6470e+01	
 7.6397e+01	
 7.6396e+01	
 7.6515e+01	
 7.6427e+01	
 7.6359e+01	
 7.6442e+01	
 7.6377e+01	
 7.6470e+01	
 7.6352e+01	
 7.6613e+01	
 7.6486e+01	
 7.6572e+01	
 7.6440e+01	
 7.6304e+01	
 7.6264e+01	
 7.6466e+01	
 7.6336e+01	
 7.6491e+01	
 7.6294e+01	
 7.6433e+01	
 7.6320e+01	
 7.6385e+01	
 7.6317e+01	
 7.6429e+01	
 7.5637e+01	
 7.6463e+01	
 7.6631e+01	
 7.6407e+01	
 7.6723e+01	
 7.6327e+01	
 7.6494e+01	
 7.6480e+01	
 7.6403e+01	
 7.6476e+01	
 7.6447e+01	
 7.6317e+01	
 7.6487e+01	
 7.6477e+01	
 7.6547e+01	
 7.6540e+01	
 7.6462e+01	
 7.6330e+01	
 7.6427e+01	
 7.6339e+01	
 7.6368e+01	
 7.6414e+01	
 7.6369e+01	
 7.6367e+01	
 7.6300e+01	
 7.6404e+01	
 7.6502e+01	
 7.6345e+01	
 7.6432e+01	
 7.6394e+01	
 7.6552e+01	
 7.6446e+01	
 7.6486e+01	
 7.6267e+01	
 7.6397e+01	
 7.6421e+01	
 7.6410e+01	
 7.6380e+01	
 7.6437e+01	
 7.6640e+01	
 7.6367e+01	
 7.6496e+01	
 7.6334e+01	
 7.6389e+01	
 7.6463e+01	
 7.6457e+01	
 7.6560e+01	
 7.6545e+01	
 7.6373e+01	
 7.6340e+01	
 7.6146e+01	
 7.6455e+01	
 7.6632e+01	
 7.6393e+01	
 7.6446e+01	
 7.6393e+01	
 7.6197e+01	
 7.6594e+01	
 7.6410e+01	
 7.6377e+01	
 7.6651e+01	
 7.6256e+01	
 7.6298e+01	
 7.6413e+01	
 7.6397e+01	
 7.6397e+01	
 7.6487e+01	
 7.6384e+01	
 7.6386e+01	
 7.6451e+01	
 7.6406e+01	
 7.6215e+01	
 7.6520e+01	
 7.6270e+01	
 7.6424e+01	
 7.6495e+01	
 7.6312e+01	
 7.6211e+01	
 7.6285e+01	
 7.6520e+01	
 7.6377e+01	
 7.6528e+01	
 7.6443e+01	
 7.6547e+01	
 7.6448e+01	
 7.6462e+01	
 7.6529e+01	
 7.6514e+01	
 7.6501e+01	
 7.6459e+01	
 7.6473e+01	
 7.6456e+01	
 7.6496e+01	
 7.6429e+01	
 7.6480e+01	
 7.6393e+01	
 7.6423e+01	
 7.6290e+01	
 7.6422e+01	
 7.6296e+01	
 7.6304e+01	
 7.6366e+01	
 7.6294e+01	
 7.6412e+01	
 7.6713e+01	
 7.6455e+01	
 7.6437e+01	
 7.6361e+01	
 7.6491e+01	
 7.6471e+01	
 7.6512e+01	
 7.6489e+01	
 7.6564e+01	
 7.6625e+01	
 7.6278e+01	
 7.6394e+01	
 7.6648e+01	
 7.6772e+01	
 7.6378e+01	
 7.6446e+01	
 7.6576e+01	
 7.6492e+01	
 7.6530e+01	
 7.6435e+01	
 7.6275e+01	
 7.6406e+01	
 7.6436e+01	
 7.6562e+01	
 7.6373e+01	
 7.6669e+01	
 7.6248e+01	
 7.6578e+01	
 7.6347e+01	
 7.6421e+01	
 7.6334e+01	
 7.6423e+01	
 7.6374e+01	
 7.6359e+01	
 7.6366e+01	
 7.6498e+01	
 7.6488e+01	
 7.6516e+01	
 7.6404e+01	
 7.6541e+01	
 7.6462e+01	
 7.6434e+01	
 7.6423e+01	
 7.6481e+01	
 7.6439e+01	
 7.6333e+01	
 7.6497e+01	
 7.6636e+01	
 7.6401e+01	
 7.6536e+01	
 7.6351e+01	
 7.6567e+01	
 7.6547e+01	
 7.6498e+01	
 7.6446e+01	
 7.6584e+01	
 7.6437e+01	
 7.6546e+01	
 7.6659e+01	
 7.6454e+01	
 7.6335e+01	
 7.6609e+01	
 7.6435e+01	
 7.6586e+01	
 7.6642e+01	
 7.6689e+01	
 7.6549e+01	
 7.6318e+01	
 7.6402e+01	
 7.6432e+01	
 7.6522e+01	
 7.6346e+01	
 7.6371e+01	
 7.6535e+01	
 7.6409e+01	
 7.6467e+01	
 7.6586e+01	
 7.6659e+01	
 7.6689e+01	
 7.6415e+01	
 7.6536e+01	
 7.6476e+01	
 7.6471e+01	
 7.6492e+01	
 7.6418e+01	
 7.6450e+01	
 7.6305e+01	
 7.6565e+01	
 7.6377e+01	
 7.6377e+01	
 7.6225e+01	
 7.6410e+01	
 7.6584e+01	
 7.6659e+01	
 7.6544e+01	
 7.6671e+01	
 7.6402e+01	
 7.6380e+01	
 7.6388e+01	
 7.6331e+01	
 7.6501e+01	
 7.6476e+01	
 7.6593e+01	
 7.6464e+01	
 7.6706e+01	
 7.6480e+01	
 7.6418e+01	
 7.6413e+01	
 7.6550e+01	
 7.6455e+01	
 7.6522e+01	
 7.6724e+01	
 7.6325e+01	
 7.6385e+01	
 7.6340e+01	
 7.6381e+01	
 7.6503e+01	
 7.6719e+01	
 7.6471e+01	
 7.6497e+01	
 7.6396e+01	
 7.6350e+01	
 7.6610e+01	
 7.6397e+01	
 7.6389e+01	
 7.6604e+01	
 7.6401e+01	
 7.6463e+01	
 7.6424e+01	
 7.6327e+01	
 7.6295e+01	
 7.6442e+01	
 7.6477e+01	
 7.6576e+01	
 7.6450e+01	
 7.6566e+01	
 7.6687e+01	
 7.6502e+01	
 7.6647e+01	
 7.6518e+01	
 7.6478e+01	
 7.6581e+01	
 7.6651e+01	
 7.6614e+01	
 7.6388e+01	
 7.6620e+01	
 7.6451e+01	
 7.6413e+01	
 7.6736e+01	
 7.6411e+01	
 7.6336e+01	
 7.6405e+01	
 7.6530e+01	
 7.6225e+01	
 7.6261e+01	
 7.6460e+01	
 7.6630e+01	
 7.6524e+01	
 7.6595e+01	
 7.6377e+01	
 7.6593e+01	
 7.6384e+01	
 7.6541e+01	
 7.6522e+01	
 7.6437e+01	
 7.6485e+01	
 7.6499e+01	
 7.6626e+01	
 7.6173e+01	
 7.6490e+01	
 7.6608e+01	
 7.6459e+01	
 7.6523e+01	
 7.6551e+01	
 7.6450e+01	
 7.6331e+01	
 7.6513e+01	
 7.6495e+01	
 7.6441e+01	
 7.6561e+01	
 7.6454e+01	
 7.6568e+01	
 7.6371e+01	
 7.6498e+01	
 7.6651e+01	
 7.6646e+01	
 7.6564e+01	
 7.6691e+01	
 7.6704e+01	
 7.6449e+01	
 7.6531e+01	
 7.6427e+01	
 7.6480e+01	
 7.6410e+01	
 7.6393e+01	
 7.6443e+01	
 7.6476e+01	
 7.6599e+01	
 7.6736e+01	
 7.6615e+01	
 7.6623e+01	
 7.6524e+01	
 7.6591e+01	
 7.6559e+01	
 7.6664e+01	
 7.6510e+01	
 7.6653e+01	
 7.6169e+01	
 7.6766e+01	
 7.6510e+01	
 7.6427e+01	
 7.6662e+01	
 7.6647e+01	
 7.6706e+01	
 7.6684e+01	
 7.6647e+01	
 7.6439e+01	
 7.6650e+01	
 7.6562e+01	
 7.6657e+01	
 7.6742e+01	
 7.6636e+01	
 7.6494e+01	
 7.6686e+01	
 7.6724e+01	
 7.6634e+01	
 7.6606e+01	
 7.6633e+01	
 7.6452e+01	
 7.6532e+01	
 7.6555e+01	
 7.6592e+01	
 7.6609e+01	
 7.6506e+01	
 7.6799e+01	
 7.6561e+01	
 7.6600e+01	
 7.6688e+01	
 7.6690e+01	
 7.6678e+01	
 7.6648e+01	
 7.6724e+01	
 7.6865e+01	
 7.6883e+01	
 7.6755e+01	
 7.6950e+01	
 7.6921e+01	
 7.6702e+01	
 7.6787e+01	
 7.6867e+01	
 7.6961e+01	
 7.6819e+01	
 7.6699e+01	
 7.6908e+01	
 7.6810e+01	
 7.6907e+01	
 7.6860e+01	
 7.6921e+01	
 7.6715e+01	
 7.6715e+01	
 7.6788e+01	
 7.6650e+01	
 7.6900e+01	
 7.6963e+01	
 7.6977e+01	
 7.6808e+01	
 7.6947e+01	
 7.6866e+01	
 7.7034e+01	
 7.6968e+01	
 7.7049e+01	
 7.7038e+01	
 7.6966e+01	
 7.6889e+01	
 7.6949e+01	
 7.6915e+01	
 7.6850e+01	
 7.6830e+01	
 7.6931e+01	
 7.6862e+01	
 7.7015e+01	
 7.6948e+01	
 7.6766e+01	
 7.6776e+01	
 7.6961e+01	
 7.6770e+01	
 7.7159e+01	
 7.6723e+01	
 7.6834e+01	
 7.6867e+01	
 7.7095e+01	
 7.7071e+01	
 7.7153e+01	
 7.6980e+01	
 7.7176e+01	
 7.7137e+01	
 7.7066e+01	
 7.7245e+01	
 7.7230e+01	
 7.7096e+01	
 7.7018e+01	
 7.7047e+01	
 7.7115e+01	
 7.7165e+01	
 7.7070e+01	
 7.7055e+01	
 7.6880e+01	
 7.7145e+01	
 7.6976e+01	
 7.7040e+01	
 7.7153e+01	
 7.7394e+01	
 7.7266e+01	
 7.7072e+01	
 7.7080e+01	
 7.6935e+01	
 7.7102e+01	
 7.7165e+01	
 7.7069e+01	
 7.7160e+01	
 7.6951e+01	
 7.7181e+01	
 7.7101e+01	
 7.7196e+01	
 7.7716e+01	
 7.6924e+01	
 7.7186e+01	
 7.7127e+01	
 7.7090e+01	
 7.7078e+01	
 7.7147e+01	
 7.7173e+01	
 7.7012e+01	
 7.7222e+01	
 7.7114e+01	
 7.7141e+01	
 7.7103e+01	
 7.7407e+01	
 7.7175e+01	
 7.7225e+01	
 7.7143e+01	
 7.7180e+01	
 7.7090e+01	
 7.7262e+01	
 7.7021e+01	
 7.7154e+01	
 7.7054e+01	
 7.7322e+01	
 7.7086e+01	
 7.7064e+01	
 7.7022e+01	
 7.7022e+01	
 7.7239e+01	
 7.7018e+01	
 7.7173e+01	
 7.7296e+01	
 7.7073e+01	
 7.7194e+01	
 7.7213e+01	
 7.7184e+01	
 7.7080e+01	
 7.7081e+01	
 7.7059e+01	
 7.6947e+01	
 7.7117e+01	
 7.7103e+01	
 7.7169e+01	
 7.7245e+01	
 7.7039e+01	
 7.7013e+01	
 7.7082e+01	
 7.7093e+01	
 7.7059e+01	
 7.7012e+01	
 7.7202e+01	
 7.6948e+01	
 7.7691e+01	
 7.7188e+01	
 7.7360e+01	
 7.7218e+01	
 7.7306e+01	
 7.7269e+01	
 7.7156e+01	
 7.7199e+01	
 7.7042e+01	
 7.7230e+01	
 7.7157e+01	
 7.7007e+01	
 7.7257e+01	
 7.7083e+01	
 7.7150e+01	
 7.7135e+01	
 7.7090e+01	
 7.7064e+01	
 7.7139e+01	
 7.7282e+01	
 7.7037e+01	
 7.7230e+01	
 7.7127e+01	
 7.7152e+01	
 7.7017e+01	
 7.7122e+01	
 7.7240e+01	
 7.7295e+01	
 7.7131e+01	
 7.7281e+01	
 7.6981e+01	
 7.7163e+01	
 7.7249e+01	
 7.7174e+01	
 7.7202e+01	
 7.7150e+01	
 7.7176e+01	
 7.7178e+01	
 7.7139e+01	
 7.7989e+01	
 7.7311e+01	
 7.7141e+01	
 7.7299e+01	
 7.7130e+01	
 7.6980e+01	
 7.7076e+01	
 7.7192e+01	
 7.7116e+01	
 7.7141e+01	
 7.7218e+01	
 7.7269e+01	
 7.7192e+01	
 7.7083e+01	
 7.7133e+01	
 7.7119e+01	
 7.7250e+01	
 7.7254e+01	
 7.7132e+01	
 7.7082e+01	
 7.7172e+01	
 7.7139e+01	
 7.7057e+01	
 7.7144e+01	
 7.7000e+01	
 7.7357e+01	
 7.6908e+01	
 7.7444e+01	
 7.7387e+01	
 7.7186e+01	
 7.7202e+01	
 7.7049e+01	
 7.7274e+01	
 7.7181e+01	
 7.6975e+01	
 7.7144e+01	
 7.7076e+01	
 7.7209e+01	
 7.7189e+01	
 7.7016e+01	
 7.7213e+01	
 7.7115e+01	
 7.7356e+01	
 7.7135e+01	
 7.7109e+01	
 7.7261e+01	
 7.7250e+01	
 7.7079e+01	
 7.7141e+01	
 7.7245e+01	
 7.6971e+01	
 7.7009e+01	
 7.7380e+01	
 7.7045e+01	
 7.7246e+01	
 7.7278e+01	
 7.7126e+01	
 7.7231e+01	
 7.7141e+01	
 7.7141e+01	
 7.7291e+01	
 7.6935e+01	
 7.7074e+01	
 7.7269e+01	
 7.7135e+01	
 7.7433e+01	
 7.7227e+01	
 7.7106e+01	
 7.7043e+01	
 7.7114e+01	
 7.7096e+01	
 7.7150e+01	
 7.7184e+01	
 7.7345e+01	
 7.7089e+01	
 7.7133e+01	
 7.7100e+01	
 7.7206e+01	
 7.7170e+01	
 7.7238e+01	
 7.7200e+01	
 7.7246e+01	
 7.7067e+01	
 7.7062e+01	
 7.7390e+01	
 7.7230e+01	
 7.7142e+01	
 7.7115e+01	
 7.7202e+01	
 7.7224e+01	
 7.6981e+01	
 7.7099e+01	
 7.7062e+01	
 7.7204e+01	
 7.7224e+01	
 7.7245e+01	
 7.7270e+01	
 7.7281e+01	
 7.7233e+01	
 7.7118e+01	
 7.7356e+01	
 7.7228e+01	
 7.7263e+01	
 7.7277e+01	
 7.7188e+01	
 7.7253e+01	
 7.7153e+01	
 7.7134e+01	
 7.7067e+01	
 7.7232e+01	
 7.7169e+01	
 7.7161e+01	
 7.7165e+01	
 7.6973e+01	
 7.7271e+01	
 7.7152e+01	
 7.7212e+01	
 7.7224e+01	
 7.7105e+01	
 7.7179e+01	
 7.7474e+01	
 7.7167e+01	
 7.7202e+01	
 7.7155e+01	
 7.6989e+01	
 7.7140e+01	
 7.7221e+01	
 7.7129e+01	
 7.7185e+01	
 7.7239e+01	
 7.7217e+01	
 7.7312e+01	
 7.7086e+01	
 7.7103e+01	
 7.7242e+01	
 7.7193e+01	
 7.7344e+01	
 7.7335e+01	
 7.7180e+01	
 7.7206e+01	
 7.7152e+01	
 7.7261e+01	
 7.7488e+01	
 7.7402e+01	
 7.7275e+01	
 7.7157e+01	
 7.7213e+01	
 7.7120e+01	
 7.7168e+01	
 7.7106e+01	
 7.7164e+01	
 7.7376e+01	
 7.7216e+01	
 7.7079e+01	
 7.7197e+01	
 7.7283e+01	
 7.6985e+01	
 7.7220e+01	
 7.7239e+01	
 7.7235e+01	
 7.7221e+01	
 7.7178e+01	
 7.7001e+01	
 7.7244e+01	
 7.7173e+01	
 7.7144e+01	
 7.7008e+01	
 7.7259e+01	
 7.7140e+01	
 7.7460e+01	
 7.6952e+01	
 7.6961e+01	
 7.7158e+01	
 7.7127e+01	
 7.7126e+01	
 7.7218e+01	
 7.7344e+01	
 7.7126e+01	
 7.7250e+01	
 7.7090e+01	
 7.7393e+01	
 7.7322e+01	
 7.7207e+01	
 7.7193e+01	
 7.7284e+01	
 7.6996e+01	
 7.6951e+01	
 7.7226e+01	
 7.7189e+01	
 7.7013e+01	
 7.7259e+01	
 7.7172e+01	
 7.7153e+01	
 7.7230e+01	
 7.7178e+01	
 7.7383e+01	
 7.7319e+01	
 7.7140e+01	
 7.7258e+01	
 7.7229e+01	
 7.7219e+01	
 7.7129e+01	
 7.7119e+01	
 7.7220e+01	
 7.7178e+01	
 7.7315e+01	
 7.7328e+01	
 7.7201e+01	
 7.7267e+01	
 7.7336e+01	
 7.7134e+01	
 7.7311e+01	
 7.7191e+01	
 7.7147e+01	
 7.7069e+01	
 7.7053e+01	
 7.7150e+01	
 7.7128e+01	
 7.7150e+01	
 7.7082e+01	
 7.7290e+01	
 7.7304e+01	
 7.7226e+01	
 7.7223e+01	
 7.7032e+01	
 7.7182e+01	
 7.7250e+01	
 7.7134e+01	
 7.7161e+01	
 7.7270e+01	
 7.7273e+01	
 7.7259e+01	
 7.7223e+01	
 7.7410e+01	
 7.7369e+01	
 7.7199e+01	
 7.7159e+01	
 7.7248e+01	
 7.7155e+01	
 7.7083e+01	
 7.7182e+01	
 7.7214e+01	
 7.7231e+01	
 7.7278e+01	
 7.7252e+01	
 7.7138e+01	
 7.7214e+01	
 7.7244e+01	
 7.7129e+01	
 7.7222e+01	
 7.7027e+01	
 7.7127e+01	
 7.7468e+01	
 7.7189e+01	
 7.7160e+01	
 7.7167e+01	
 7.7132e+01	
 7.7290e+01	
 7.7224e+01	
 7.7145e+01	
 7.7160e+01	
 7.7051e+01	
 7.7208e+01	
 7.7353e+01	
 7.7161e+01	
 7.7326e+01	
 7.7281e+01	
 7.7152e+01	
 7.7188e+01	
 7.7344e+01	
 7.7106e+01	
 7.7160e+01	
 7.7224e+01	
 7.7271e+01	
 7.7088e+01	
 7.7145e+01	
 7.7434e+01	
 7.7216e+01	
 7.7417e+01	
 7.7152e+01	
 7.7228e+01	
 7.7315e+01	
 7.7143e+01	
 7.7218e+01	
 7.7145e+01	
 7.7138e+01	
 7.7337e+01	
 7.7236e+01	
 7.7142e+01	
 7.7130e+01	
 7.7128e+01	
 7.7298e+01	
 7.7216e+01	
 7.7108e+01	
 7.7342e+01	
 7.7244e+01	
 7.7220e+01	
 7.7107e+01	
 7.7478e+01	
 7.7395e+01	
 7.7096e+01	
 7.7250e+01	
 7.7240e+01	
 7.7288e+01	
 7.7363e+01	
 7.7131e+01	
 7.7174e+01	
 7.7239e+01	
 7.7302e+01	
 7.7115e+01	
 7.7036e+01	
 7.7403e+01	
 7.7441e+01	
 7.7151e+01	
 7.7250e+01	
 7.7271e+01	
 7.7110e+01	
 7.7389e+01	
 7.7208e+01	
 7.7228e+01	
 7.7246e+01	
 7.7225e+01	
 7.7212e+01	
 7.7099e+01	
 7.7101e+01	
 7.7222e+01	
 7.7133e+01	
 7.7165e+01	
 7.7279e+01	
 7.7110e+01	
 7.7181e+01	
 7.7250e+01	
 7.7226e+01	
 7.7207e+01	
 7.7200e+01	
 7.7184e+01	
 7.7299e+01	
 7.7040e+01	
 7.7407e+01	
 7.7500e+01	
 7.7294e+01	
 7.7235e+01	
 7.7010e+01	
 7.7310e+01	
 7.7259e+01	
 7.7136e+01	
 7.7364e+01	
 7.7320e+01	
 7.7135e+01	
 7.7229e+01	
 7.7353e+01	
 7.7462e+01	
 7.7224e+01	
 7.7359e+01	
 7.7161e+01	
 7.7288e+01	
 7.7173e+01	
 7.7166e+01	
 7.7103e+01	
 7.7242e+01	
 7.7159e+01	
 7.7117e+01	
 7.7107e+01	
 7.6921e+01	
 7.7330e+01	
 7.7036e+01	
 7.7298e+01	
 7.7296e+01	
 7.7381e+01	
 7.7222e+01	
 7.7159e+01	
 7.7270e+01	
 7.7196e+01	
 7.7287e+01	
 7.7297e+01	
 7.7061e+01	
 7.7190e+01	
 7.7037e+01	
 7.7331e+01	
 7.7416e+01	
 7.7364e+01	
 7.7249e+01	
 7.7167e+01	
 7.7311e+01	
 7.7234e+01	
 7.7241e+01	
 7.7224e+01	
 7.7301e+01	
 7.7238e+01	
 7.7194e+01	
 7.7267e+01	
 7.7185e+01	
 7.7281e+01	
 7.7458e+01	
 7.7080e+01	
 7.7234e+01	
 7.7343e+01	
 7.7176e+01	
 7.7277e+01	
 7.7082e+01	
 7.7078e+01	
 7.7410e+01	
 7.7281e+01	
 7.7244e+01	
 7.7420e+01	
 7.7351e+01	
 7.7310e+01	
 7.7194e+01	
 7.7243e+01	
 7.7259e+01	
 7.7266e+01	
 7.7214e+01	
 7.7328e+01	
 7.7189e+01	
 7.7135e+01	
 7.7235e+01	
 7.7141e+01	
 7.7270e+01	
 7.7169e+01	
 7.7310e+01	
 7.7182e+01	
 7.7318e+01	
 7.7320e+01	
 7.7155e+01	
 7.7141e+01	
 7.7302e+01	
 7.7017e+01	
 7.7129e+01	
 7.7244e+01	
 7.7422e+01	
 7.7186e+01	
 7.7103e+01	
 7.7288e+01	
 7.7070e+01	
 7.7314e+01	
 7.7272e+01	
 7.7361e+01	
 7.7307e+01	
 7.7163e+01	
 7.7168e+01	
 7.7347e+01	
 7.7827e+01	
 7.7294e+01	
 7.7289e+01	
 7.7333e+01	
 7.7293e+01	
 7.7327e+01	
 7.7105e+01	
 7.7220e+01	
 7.7065e+01	
 7.7156e+01	
 7.7290e+01	
 7.7291e+01	
 7.7198e+01	
 7.6823e+01	
 7.7240e+01	
 7.7288e+01	
 7.7471e+01	
 7.7251e+01	
 7.7298e+01	
 7.7126e+01	
 7.7320e+01	
 7.7243e+01	
 7.7164e+01	
 7.7337e+01	
 7.7168e+01	
 7.7410e+01	
 7.7441e+01	
 7.7218e+01	
 7.7089e+01	
 7.7076e+01	
 7.7361e+01	
 7.7195e+01	
 7.7271e+01	
 7.7270e+01	
 7.7242e+01	
 7.7340e+01	
 7.7269e+01	
 7.7246e+01	
 7.7327e+01	
 7.7371e+01	
 7.7241e+01	
 7.7305e+01	
 7.7283e+01	
 7.7564e+01	
 7.7238e+01	
 7.7274e+01	
 7.7244e+01	
 7.7157e+01	
 7.7335e+01	
 7.7214e+01	
 7.7283e+01	
 7.7410e+01	
 7.7069e+01	
 7.7276e+01	
 7.7189e+01	
 7.7306e+01	
 7.7245e+01	
 7.7317e+01	
 7.7242e+01	
 7.7434e+01	
 7.7204e+01	
 7.7116e+01	
 7.7168e+01	
 7.7498e+01	
 7.7308e+01	
 7.6302e+01	
 7.7463e+01	
 7.7186e+01	
 7.7135e+01	
 7.7283e+01	
 7.7261e+01	
 7.7137e+01	
 7.7280e+01	
 7.7343e+01	
 7.7210e+01	
 7.7284e+01	
 7.7218e+01	
 7.7268e+01	
 7.8255e+01	
 7.7228e+01	
 7.7324e+01	
 7.7261e+01	
 7.7262e+01	
 7.7202e+01	
 7.7190e+01	
 7.7143e+01	
 7.7123e+01	
 7.7073e+01	
 7.7200e+01	
 7.7137e+01	
 7.7134e+01	
 7.7240e+01	
 7.7271e+01	
 7.7270e+01	
 7.7184e+01	
 7.7270e+01	
 7.7185e+01	
 7.7121e+01	
 7.7240e+01	
 7.7151e+01	
 7.7398e+01	
 7.7261e+01	
 7.7129e+01	
 7.7213e+01	
 7.7224e+01	
 7.7182e+01	
 7.7116e+01	
 7.7282e+01	
 7.7241e+01	
 7.7237e+01	
 7.7470e+01	
 7.7409e+01	
 7.7129e+01	
 7.7218e+01	
 7.7322e+01	
 7.7310e+01	
 7.7078e+01	
 7.7506e+01	
 7.7300e+01	
 7.7057e+01	
 7.7215e+01	
 7.7311e+01	
 7.7379e+01	
 7.7326e+01	
 7.7282e+01	
 7.7316e+01	
 7.7392e+01	
 7.7271e+01	
 7.7220e+01	
 7.7256e+01	
 7.7186e+01	
 7.7099e+01	
 7.7340e+01	
 7.7186e+01	
 7.7165e+01	
 7.7299e+01	
 7.7347e+01	
 7.7226e+01	
 7.7323e+01	
 7.7319e+01	
 7.7057e+01	
 7.7135e+01	
 7.7173e+01	
 7.7587e+01	
 7.7295e+01	
 7.7295e+01	
 7.7226e+01	
 7.7225e+01	
 7.7311e+01	
 7.7344e+01	
 7.7273e+01	
 7.7318e+01	
 7.7347e+01	
 7.7131e+01	
 7.7287e+01	
 7.7170e+01	
 7.7254e+01	
 7.7299e+01	
 7.7235e+01	
 7.7231e+01	
 7.7388e+01	
 7.7129e+01	
 7.7184e+01	
 7.7327e+01	
 7.7252e+01	
 7.7180e+01	
 7.7405e+01	
 7.7282e+01	
 7.7231e+01	
 7.7331e+01	
 7.7322e+01	
 7.7330e+01	
 7.7332e+01	
 7.7184e+01	
 7.7316e+01	
 7.7243e+01	
 7.7168e+01	
 7.7058e+01	
 7.7375e+01	
 7.7236e+01	
 7.7311e+01	
 7.7232e+01	
 7.7502e+01	
 7.7116e+01	
 7.7209e+01	
 7.7329e+01	
 7.7255e+01	
 7.7238e+01	
 7.7340e+01	
 7.7168e+01	
 7.7213e+01	
 7.7315e+01	
 7.7418e+01	
 7.7552e+01	
 7.7231e+01	
 7.7222e+01	
 7.7387e+01	
 7.7519e+01	
 7.7298e+01	
 7.7314e+01	
 7.7171e+01	
 7.7368e+01	
 7.7295e+01	
 7.7325e+01	
 7.7326e+01	
 7.7296e+01	
 7.7228e+01	
 7.7140e+01	
 7.6898e+01	
 7.7148e+01	
 7.7258e+01	
 7.7392e+01	
 7.7179e+01	
 7.7180e+01	
 7.7212e+01	
 7.7182e+01	
 7.7319e+01	
 7.7381e+01	
 7.7376e+01	
 7.7232e+01	
 7.7340e+01	
 7.7400e+01	
 7.7369e+01	
 7.7271e+01	
 7.7192e+01	
 7.7237e+01	
 7.7308e+01	
 7.7014e+01	
 7.7319e+01	
 7.7257e+01	
 7.7129e+01	
 7.7247e+01	
 7.7210e+01	
 7.7392e+01	
 7.7623e+01	
 7.7471e+01	
 7.7319e+01	
 7.7197e+01	
 7.7125e+01	
 7.7238e+01	
 7.7157e+01	
 7.7202e+01	
 7.7153e+01	
 7.7186e+01	
 7.7169e+01	
 7.7481e+01	
 7.7324e+01	
 7.7652e+01	
 7.7284e+01	
 7.7286e+01	
 7.7209e+01	
 7.7238e+01	
 7.7323e+01	
 7.7243e+01	
 7.7269e+01	
 7.7143e+01	
 7.7274e+01	
 7.7203e+01	
 7.7371e+01	
 7.7284e+01	
 7.7265e+01	
 7.7292e+01	
 7.7217e+01	
 7.7292e+01	
 7.7137e+01	
 7.7254e+01	
 7.7370e+01	
 7.7086e+01	
 7.7234e+01	
 7.7249e+01	
 7.7292e+01	
 7.7331e+01	
 7.7077e+01	
 7.7259e+01	
 7.7295e+01	
 7.7334e+01	
 7.7120e+01	
 7.7319e+01	
 7.7173e+01	
 7.7094e+01	
 7.7322e+01	
 7.7367e+01	
 7.7413e+01	
 7.7326e+01	
 7.7202e+01	
 7.7165e+01	
 7.7351e+01	
 7.7346e+01	
 7.7266e+01	
 7.7272e+01	
 7.7360e+01	
 7.7485e+01	
 7.7289e+01	
 7.7288e+01	
 7.7164e+01	
 7.7328e+01	
 7.7093e+01	
 7.7138e+01	
 7.7344e+01	
 7.7289e+01	
 7.7411e+01	
 7.7116e+01	
 7.7189e+01	
 7.7364e+01	
 7.7214e+01	
 7.7111e+01	
 7.7482e+01	
 7.7388e+01	
 7.7298e+01	
 7.7108e+01	
 7.7345e+01	
 7.7331e+01	
 7.7462e+01	
 7.7299e+01	
 7.7212e+01	
 7.7119e+01	
 7.7309e+01	
 7.7252e+01	
 7.7379e+01	
 7.7425e+01	
 7.7345e+01	
 7.7143e+01	
 7.7273e+01	
 7.7225e+01	
 7.7232e+01	
 7.7317e+01	
 7.7143e+01	
 7.7348e+01	
 7.7359e+01	
 7.7184e+01	
 7.7176e+01	
 7.7270e+01	
 7.7269e+01	
 7.7311e+01	
 7.7243e+01	
 7.7239e+01	
 7.7292e+01	
 7.7357e+01	
 7.7410e+01	
 7.7107e+01	
 7.7110e+01	
 7.7159e+01	
 7.7091e+01	
 7.7341e+01	
 7.7159e+01	
 7.7461e+01	
 7.7298e+01	
 7.7197e+01	
 7.7090e+01	
 7.7118e+01	
 7.7110e+01	
 7.7406e+01	
 7.7280e+01	
 7.7230e+01	
 7.7161e+01	
 7.7245e+01	
 7.7317e+01	
 7.7341e+01	
 7.7389e+01	
 7.7149e+01	
 7.7314e+01	
 7.7141e+01	
 7.7230e+01	
 7.7343e+01	
 7.7288e+01	
 7.7212e+01	
 7.7127e+01	
 7.7274e+01	
 7.7367e+01	
 7.7410e+01	
 7.7323e+01	
 7.7110e+01	
 7.7269e+01	
 7.7219e+01	
 7.7174e+01	
 7.7337e+01	
 7.7310e+01	
 7.7557e+01	
 7.7314e+01	
 7.7163e+01	
 7.7256e+01	
 7.7372e+01	
 7.7161e+01	
 7.7341e+01	
 7.7275e+01	
 7.7243e+01	
 7.7215e+01	
 7.7336e+01	
 7.7303e+01	
 7.7213e+01	
 7.7269e+01	
 7.7332e+01	
 7.7095e+01	
 7.7302e+01	
 7.7235e+01	
 7.7323e+01	
 7.7288e+01	
 7.7136e+01	
 7.7368e+01	
 7.7320e+01	
 7.7018e+01	
 7.7309e+01	
 7.7274e+01	
 7.7361e+01	
 7.7279e+01	
 7.7285e+01	
 7.7194e+01	
 7.7178e+01	
 7.7169e+01	
 7.7324e+01	
 7.7271e+01	
 7.7226e+01	
 7.7175e+01	
 7.7214e+01	
 7.7380e+01	
 7.7261e+01	
 7.7283e+01	
 7.7131e+01	
 7.7175e+01	
 7.7275e+01	
 7.7164e+01	
 7.7193e+01	
 7.7130e+01	
 7.7222e+01	
 7.7349e+01	
 7.7294e+01	
 7.7381e+01	
 7.7278e+01	
 7.7294e+01	
 7.7249e+01	
 7.7335e+01	
 7.7245e+01	
 7.7393e+01	
 7.7313e+01	
 7.7255e+01	
 7.7298e+01	
 7.7121e+01	
 7.7216e+01	
 7.7282e+01	
 7.7215e+01	
 7.7439e+01	
 7.6988e+01	
 7.7462e+01	
 7.7408e+01	
 7.7326e+01	
 7.7271e+01	
 7.7359e+01	
 7.7210e+01	
 7.7314e+01	
 7.7084e+01	
 7.7243e+01	
 7.7449e+01	
 7.7260e+01	
 7.7333e+01	
 7.7153e+01	
 7.7199e+01	
 7.7365e+01	
 7.7342e+01	
 7.7255e+01	
 7.7296e+01	
 7.7225e+01	
 7.7198e+01	
 7.7247e+01	
 7.7143e+01	
 7.7337e+01	
 7.7171e+01	
 7.7303e+01	
 7.7083e+01	
 7.7227e+01	
 7.7309e+01	
 7.7392e+01	
 7.7148e+01	
 7.7250e+01	
 7.7215e+01	
 7.7392e+01	
 7.7354e+01	
 7.7322e+01	
 7.7234e+01	
 7.7319e+01	
 7.7277e+01	
 7.7327e+01	
 7.7314e+01	
 7.7341e+01	
 7.7254e+01	
 7.7276e+01	
 7.7319e+01	
 7.7209e+01	
 7.7307e+01	
 7.7336e+01	
 7.7376e+01	
 7.7320e+01	
 7.7255e+01	
 7.7360e+01	
 7.7326e+01	
 7.7331e+01	
 7.7226e+01	
 7.7324e+01	
 7.7218e+01	
 7.7392e+01	
 7.7330e+01	
 7.7163e+01	
 7.7214e+01	
 7.7206e+01	
 7.7200e+01	
 7.7280e+01	
 7.7128e+01	
 7.7627e+01	
 7.7221e+01	
 7.7213e+01	
 7.7401e+01	
 7.7274e+01	
 7.7318e+01	
 7.7063e+01	
 7.7349e+01	
 7.7352e+01	
 7.7439e+01	
 7.7492e+01	
 7.7059e+01	
 7.7240e+01	
 7.7077e+01	
 7.7230e+01	
 7.7247e+01	
 7.7225e+01	
 7.7275e+01	
 7.7155e+01	
 7.7287e+01	
 7.7310e+01	
 7.7259e+01	
 7.7066e+01	
 7.7307e+01	
 7.7215e+01	
 7.7280e+01	
 7.7313e+01	
 7.7237e+01	
 7.7428e+01	
 7.7481e+01	
 7.7373e+01	
 7.7173e+01	
 7.7234e+01	
 7.7201e+01	
 7.7341e+01	
 7.7261e+01	
 7.7138e+01	
 7.7217e+01	
 7.7303e+01	
 7.7467e+01	
 7.7247e+01	
 7.7390e+01	
 7.7306e+01	
 7.7249e+01	
 7.7402e+01	
 7.7214e+01	
 7.7257e+01	
 7.7246e+01	
 7.7319e+01	
 7.7207e+01	
 7.7251e+01	
 7.7190e+01	
 7.6381e+01	
 7.7379e+01	
 7.7132e+01	
 7.7219e+01	
 7.7374e+01	
 7.7324e+01	
 7.7318e+01	
 7.7279e+01	
 7.7139e+01	
 7.7122e+01	
 7.7474e+01	
 7.7123e+01	
 7.7104e+01	
 7.7493e+01	
 7.7243e+01	
 7.7284e+01	
 7.7237e+01	
 7.7367e+01	
 7.7193e+01	
 7.7269e+01	
 7.7178e+01	
 7.7223e+01	
 7.7339e+01	
 7.7448e+01	
 7.7220e+01	
 7.7483e+01	
 7.7615e+01	
 7.7364e+01	
 7.7279e+01	
 7.7295e+01	
 7.7118e+01	
 7.7302e+01	
 7.7258e+01	
 7.7194e+01	
 7.7206e+01	
 7.7303e+01	
 7.7348e+01	
 7.7261e+01	
 7.7340e+01	
 7.6663e+01	
 7.7357e+01	
 7.7394e+01	
 7.7448e+01	
 7.7218e+01	
 7.7375e+01	
 7.7265e+01	
 7.7265e+01	
 7.7191e+01	
 7.7254e+01	
 7.7371e+01	
 7.7167e+01	
 7.7408e+01	
 7.5911e+01	
 7.7133e+01	
 7.7408e+01	
 7.7302e+01	
 7.7367e+01	
 7.7310e+01	
 7.7322e+01	
 7.7382e+01	
 7.7359e+01	
 7.7320e+01	
 7.7326e+01	
 7.7257e+01	
 7.7322e+01	
 7.8212e+01	
 7.7296e+01	
 7.7215e+01	
 7.7259e+01	
 7.7457e+01	
 7.7252e+01	
 7.7257e+01	
 7.7318e+01	
 7.7274e+01	
 7.7435e+01	
 7.7306e+01	
 7.7265e+01	
 7.7076e+01	
 7.6641e+01	
 7.7312e+01	
 7.7365e+01	
 7.7218e+01	
 7.7265e+01	
 7.7116e+01	
 7.7371e+01	
 7.7306e+01	
 7.7251e+01	
 7.7239e+01	
 7.7250e+01	
 7.7335e+01	
 7.7182e+01	
 7.7596e+01	
 7.7213e+01	
 7.7279e+01	
 7.6983e+01	
 7.7252e+01	
 7.7487e+01	
 7.7140e+01	
 7.7221e+01	
 7.7181e+01	
 7.7323e+01	
 7.7330e+01	
 7.7130e+01	
 7.7204e+01	
 7.6928e+01	
 7.7341e+01	
 7.7280e+01	
 7.7328e+01	
 7.7355e+01	
 7.7329e+01	
 7.7295e+01	
 7.7180e+01	
 7.7248e+01	
 7.7231e+01	
 7.7345e+01	
 7.7363e+01	
 7.7345e+01	
 7.7707e+01	
 7.7212e+01	
 7.7302e+01	
 7.7324e+01	
 7.7394e+01	
 7.7195e+01	
 7.7371e+01	
 7.7129e+01	
 7.7317e+01	
 7.7144e+01	
 7.7432e+01	
 7.7326e+01	
 7.7142e+01	
 7.7189e+01	
 7.7311e+01	
 7.7412e+01	
 7.7346e+01	
 7.7152e+01	
 7.7161e+01	
 7.7165e+01	
 7.7169e+01	
 7.7209e+01	
 7.7360e+01	
 7.7174e+01	
 7.7255e+01	
 7.7190e+01	
 7.7479e+01	
 7.7271e+01	
 7.7347e+01	
 7.7339e+01	
 7.7159e+01	
 7.7238e+01	
 7.7265e+01	
 7.7230e+01	
 7.7367e+01	
 7.7198e+01	
 7.7141e+01	
 7.7192e+01	
 7.7166e+01	
 7.7565e+01	
 7.7371e+01	
 7.7222e+01	
 7.7346e+01	
 7.7272e+01	
 7.7293e+01	
 7.7234e+01	
 7.7316e+01	
 7.7323e+01	
 7.7270e+01	
 7.7458e+01	
 7.7250e+01	
 7.7467e+01	
 7.7497e+01	
 7.7382e+01	
 7.7290e+01	
 7.7439e+01	
 7.7292e+01	
 7.7230e+01	
 7.7365e+01	
 7.7274e+01	
 7.7297e+01	
 7.7198e+01	
 7.7329e+01	
 7.7262e+01	
 7.7281e+01	
 7.7522e+01	
 7.7309e+01	
 7.7170e+01	
 7.7211e+01	
 7.7454e+01	
 7.7322e+01	
 7.7175e+01	
 7.7361e+01	
 7.7315e+01	
 7.7181e+01	
 7.7184e+01	
 7.7364e+01	
 7.7422e+01	
 7.7698e+01	
 7.7188e+01	
 7.7361e+01	
 7.7157e+01	
 7.7230e+01	
 7.7448e+01	
 7.7399e+01	
 7.7397e+01	
 7.7512e+01	
 7.7286e+01	
 7.7182e+01	
 7.7290e+01	
 7.7388e+01	
 7.7087e+01	
 7.7267e+01	
 7.7178e+01	
 7.7459e+01	
 7.7296e+01	
 7.7333e+01	
 7.7286e+01	
 7.7126e+01	
 7.7352e+01	
 7.7290e+01	
 7.7181e+01	
 7.7095e+01	
 7.7245e+01	
 7.7407e+01	
 7.7298e+01	
 7.7324e+01	
 7.7252e+01	
 7.7296e+01	
 7.7330e+01	
 7.7321e+01	
 7.7222e+01	
 7.7206e+01	
 7.7195e+01	
 7.7380e+01	
 7.7253e+01	
 7.7246e+01	
 7.7364e+01	
 7.7347e+01	
 7.7349e+01	
 7.7277e+01	
 7.7328e+01	
 7.7283e+01	
 7.7240e+01	
 7.7250e+01	
 7.7181e+01	
 7.7104e+01	
 7.7377e+01	
 7.7404e+01	
 7.6973e+01	
 7.7238e+01	
 7.7484e+01	
 7.7333e+01	
 7.7287e+01	
 7.7242e+01	
 7.7340e+01	
 7.7479e+01	
 7.7279e+01	
 7.7311e+01	
 7.7182e+01	
 7.7279e+01	
 7.7316e+01	
 7.7273e+01	
 7.7450e+01	
 7.7300e+01	
 7.7376e+01	
 7.7326e+01	
 7.7380e+01	
 7.7277e+01	
 7.7251e+01	
 7.7163e+01	
 7.7420e+01	
 7.7235e+01	
 7.7145e+01	
 7.7221e+01	
 7.7377e+01	
 7.7286e+01	
 7.7290e+01	
 7.7380e+01	
 7.7245e+01	
 7.7203e+01	
 7.7190e+01	
 7.7388e+01	
 7.7196e+01	
 7.7267e+01	
 7.7302e+01	
 7.7238e+01	
 7.7482e+01	
 7.7250e+01	
 7.7179e+01	
 7.7483e+01	
 7.7233e+01	
 7.7319e+01	
 7.7328e+01	
 7.7274e+01	
 7.7267e+01	
 7.7176e+01	
 7.7318e+01	
 7.7216e+01	
 7.7320e+01	
 7.7379e+01	
 7.7397e+01	
 7.7559e+01	
 7.7351e+01	
 7.7413e+01	
 7.7271e+01	
 7.7341e+01	
 7.7310e+01	
 7.7481e+01	
 7.7280e+01	
 7.7209e+01	
 7.7223e+01	
 7.7349e+01	
 7.7388e+01	
 7.7097e+01	
 7.7452e+01	
 7.7294e+01	
 7.7174e+01	
 7.7243e+01	
 7.7425e+01	
 7.7243e+01	
 7.7207e+01	
 7.7383e+01	
 7.7176e+01	
 7.7264e+01	
 7.7330e+01	
 7.7295e+01	
 7.7372e+01	
 7.7515e+01	
 7.7183e+01	
 7.7283e+01	
 7.7204e+01	
 7.7235e+01	
 7.7229e+01	
 7.7368e+01	
 7.7241e+01	
 7.7297e+01	
 7.7329e+01	
 7.7049e+01	
 7.7189e+01	
 7.7295e+01	
 7.7425e+01	
 7.7366e+01	
 7.7226e+01	
 7.7368e+01	
 7.7261e+01	
 7.7408e+01	
 7.7246e+01	
 7.7274e+01	
 7.7394e+01	
 7.7234e+01	
 7.7228e+01	
 7.7189e+01	
 7.7193e+01	
 7.7389e+01	
 7.7548e+01	
 7.7336e+01	
 7.7414e+01	
 7.7267e+01	
 7.7194e+01	
 7.7293e+01	
 7.7206e+01	
 7.7302e+01	
 7.7221e+01	
 7.7262e+01	
 7.7235e+01	
 7.7322e+01	
 7.7302e+01	
 7.7344e+01	
 7.7357e+01	
 7.7274e+01	
 7.7327e+01	
 7.7325e+01	
 7.7319e+01	
 7.7114e+01	
 7.7222e+01	
 7.7218e+01	
 7.7303e+01	
 7.7100e+01	
 7.7369e+01	
 7.7427e+01	
 7.7164e+01	
 7.7163e+01	
 7.7326e+01	
 7.7412e+01	
 7.7544e+01	
 7.7277e+01	
 7.7259e+01	
 7.7278e+01	
 7.7366e+01	
 7.7473e+01	
 7.7259e+01	
 7.7348e+01	
 7.7358e+01	
 7.7182e+01	
 7.7255e+01	
 7.7285e+01	
 7.7274e+01	
 7.7392e+01	
 7.7333e+01	
 7.7242e+01	
 7.7482e+01	
 7.7386e+01	
 7.7355e+01	
 7.7333e+01	
 7.7220e+01	
 7.7422e+01	
 7.7277e+01	
 7.7333e+01	
 7.7293e+01	
 7.7430e+01	
 7.7405e+01	
 7.7447e+01	
 7.7167e+01	
 7.7434e+01	
 7.7268e+01	
 7.7188e+01	
 7.7402e+01	
 7.7018e+01	
 7.7329e+01	
 7.7331e+01	
 7.7274e+01	
 7.7156e+01	
 7.7357e+01	
 7.7189e+01	
 7.7438e+01	
 7.7327e+01	
 7.7401e+01	
 7.7342e+01	
 7.7246e+01	
 7.7258e+01	
 7.7535e+01	
 7.7182e+01	
 7.7185e+01	
 7.7228e+01	
 7.7265e+01	
 7.7509e+01	
 7.7436e+01	
 7.7186e+01	
 7.7195e+01	
 7.7349e+01	
 7.7201e+01	
 7.7197e+01	
 7.7275e+01	
 7.7778e+01	
 7.7278e+01	
 7.7148e+01	
 7.7311e+01	
 7.7323e+01	
 7.7217e+01	
 7.7439e+01	
 7.7190e+01	
 7.7269e+01	
 7.7504e+01	
 7.7182e+01	
 7.7159e+01	
 7.7398e+01	
 7.7315e+01	
 7.7333e+01	
 7.7372e+01	
 7.7398e+01	
 7.7203e+01	
 7.7232e+01	
 7.7253e+01	
 7.7157e+01	
 7.7400e+01	
 7.7334e+01	
 7.7261e+01	
 7.7209e+01	
 7.7361e+01	
 7.7251e+01	
 7.7232e+01	
 7.7223e+01	
 7.7296e+01	
 7.7349e+01	
 7.7361e+01	
 7.7245e+01	
 7.7205e+01	
 7.7300e+01	
 7.7355e+01	
 7.7303e+01	
 7.7132e+01	
 7.7442e+01	
 7.7748e+01	
 7.7291e+01	
 7.7247e+01	
 7.7171e+01	
 7.7284e+01	
 7.7420e+01	
 7.7531e+01	
 7.7483e+01	
 7.7188e+01	
 7.7422e+01	
 7.7308e+01	
 7.7285e+01	
 7.7261e+01	
 7.7331e+01	
 7.7461e+01	
 7.7488e+01	
 7.7249e+01	
 7.7274e+01	
 7.7320e+01	
 7.7279e+01	
 7.7172e+01	
 7.7472e+01	
 7.7322e+01	
 7.7305e+01	
 7.7309e+01	
 7.7259e+01	
 7.7252e+01	
 7.7263e+01	
 7.7361e+01	
 7.7197e+01	
 7.7360e+01	
 7.7274e+01	
 7.7243e+01	
 7.7155e+01	
 7.7495e+01	
 7.7422e+01	
 7.7282e+01	
 7.7360e+01	
 7.7249e+01	
 7.7621e+01	
 7.7400e+01	
 7.7218e+01	
 7.7482e+01	
 7.7323e+01	
 7.7220e+01	
 7.7219e+01	
 7.7467e+01	
 7.7351e+01	
 7.7299e+01	
 7.7205e+01	
 7.7303e+01	
 7.7488e+01	
 7.6788e+01	
 7.7313e+01	
 7.7303e+01	
 7.7266e+01	
 7.7234e+01	
 7.7393e+01	
 7.7381e+01	
 7.7200e+01	
 7.7214e+01	
 7.7356e+01	
 7.7330e+01	
 7.7268e+01	
 7.7055e+01	
 7.7541e+01	
 7.7304e+01	
 7.7265e+01	
 7.7284e+01	
 7.7391e+01	
 7.7442e+01	
 7.7255e+01	
 7.7354e+01	
 7.7328e+01	
 7.7445e+01	
 7.7218e+01	
 7.7310e+01	
 7.7439e+01	
 7.7040e+01	
 7.7297e+01	
 7.7319e+01	
 7.7381e+01	
 7.7226e+01	
 7.7443e+01	
 7.7270e+01	
 7.7073e+01	
 7.7319e+01	
 7.7314e+01	
 7.7368e+01	
 7.7283e+01	
 7.7327e+01	
 7.7810e+01	
 7.7410e+01	
 7.7231e+01	
 7.7204e+01	
 7.7368e+01	
 7.7313e+01	
 7.7295e+01	
 7.7323e+01	
 7.7284e+01	
 7.7296e+01	
 7.7152e+01	
 7.7322e+01	
 7.7406e+01	
 7.6725e+01	
 7.7415e+01	
 7.7190e+01	
 7.7221e+01	
 7.7324e+01	
 7.7278e+01	
 7.7244e+01	
 7.7408e+01	
 7.7098e+01	
 7.7286e+01	
 7.7244e+01	
 7.7426e+01	
 7.7497e+01	
 7.6389e+01	
 7.7392e+01	
 7.7386e+01	
 7.7364e+01	
 7.7384e+01	
 7.7393e+01	
 7.7057e+01	
 7.7328e+01	
 7.7362e+01	
 7.7355e+01	
 7.7353e+01	
 7.7286e+01	
 7.7286e+01	
 7.7381e+01	
 7.7338e+01	
 7.7389e+01	
 7.7353e+01	
 7.7428e+01	
 7.7260e+01	
 7.7255e+01	
 7.7047e+01	
 7.7527e+01	
 7.7363e+01	
 7.7274e+01	
 7.7400e+01	
 7.7360e+01	
 7.6823e+01	
 7.7396e+01	
 7.7320e+01	
 7.7402e+01	
 7.7253e+01	
 7.7254e+01	
 7.7277e+01	
 7.7276e+01	
 7.7366e+01	
 7.7347e+01	
 7.7273e+01	
 7.7230e+01	
 7.7117e+01	
 7.6613e+01	
 7.7473e+01	
 7.7312e+01	
 7.7323e+01	
 7.7364e+01	
 7.7295e+01	
 7.7091e+01	
 7.7178e+01	
 7.7179e+01	
 7.7420e+01	
 7.7135e+01	
 7.7454e+01	
 7.7215e+01	
 7.7150e+01	
 7.7470e+01	
 7.7382e+01	
 7.7371e+01	
 7.7283e+01	
 7.7167e+01	
 7.7433e+01	
 7.7271e+01	
 7.7385e+01	
 7.7410e+01	
 7.7161e+01	
 7.7228e+01	
 7.7265e+01	
 7.7272e+01	
 7.7301e+01	
 7.7175e+01	
 7.7181e+01	
 7.7233e+01	
 7.7340e+01	
 7.7297e+01	
 7.7151e+01	
 7.7298e+01	
 7.7303e+01	
 7.7377e+01	
 7.7393e+01	
 7.7189e+01	
 7.7476e+01	
 7.7076e+01	
 7.7265e+01	
 7.7345e+01	
 7.7273e+01	
 7.7265e+01	
 7.7343e+01	
 7.7328e+01	
 7.7412e+01	
 7.7143e+01	
 7.7190e+01	
 7.7343e+01	
 7.7277e+01	
 7.8105e+01	
 7.7282e+01	
 7.7435e+01	
 7.7100e+01	
 7.7192e+01	
 7.7288e+01	
 7.7237e+01	
 7.7310e+01	
 7.7335e+01	
 7.7270e+01	
 7.7378e+01	
 7.7221e+01	
 7.7159e+01	
 7.6877e+01	
 7.7223e+01	
 7.7306e+01	
 7.7179e+01	
 7.7475e+01	
 7.7491e+01	
 7.7381e+01	
 7.7188e+01	
 7.7277e+01	
 7.7286e+01	
 7.7290e+01	
 7.7136e+01	
 7.7490e+01	
 7.7438e+01	
 7.7043e+01	
 7.7476e+01	
 7.7250e+01	
 7.7343e+01	
 7.7419e+01	
 7.7289e+01	
 7.7238e+01	
 7.7319e+01	
 7.7322e+01	
 7.7248e+01	
 7.7208e+01	
 7.7249e+01	
 7.7192e+01	
 7.7364e+01	
 7.7584e+01	
 7.7234e+01	
 7.7408e+01	
 7.7192e+01	
 7.7235e+01	
 7.7361e+01	
 7.7354e+01	
 7.7203e+01	
 7.7337e+01	
 7.7131e+01	
 7.7137e+01	
 7.7329e+01	
 7.7436e+01	
 7.7511e+01	
 7.7407e+01	
 7.7209e+01	
 7.7290e+01	
 7.7186e+01	
 7.7137e+01	
 7.7318e+01	
 7.7462e+01	
 7.7119e+01	
 7.7148e+01	
 7.7180e+01	
 7.7463e+01	
 7.7097e+01	
 7.7336e+01	
 7.7294e+01	
 7.7339e+01	
 7.7274e+01	
 7.7339e+01	
 7.7197e+01	
 7.7475e+01	
 7.7324e+01	
 7.7193e+01	
 7.7258e+01	
 7.7334e+01	
 7.7217e+01	
 7.7462e+01	
 7.7319e+01	
 7.7302e+01	
 7.7263e+01	
 7.7291e+01	
 7.7322e+01	
 7.7363e+01	
 7.7327e+01	
 7.7234e+01	
 7.7364e+01	
 7.7422e+01	
 7.7341e+01	
 7.7231e+01	
 7.7359e+01	
 7.7238e+01	
 7.7378e+01	
 7.7126e+01	
 7.7412e+01	
 7.7341e+01	
 7.7168e+01	
 7.7454e+01	
 7.7302e+01	
 7.7364e+01	
 7.7263e+01	
 7.7295e+01	
 7.7339e+01	
 7.7437e+01	
 7.7345e+01	
 7.7283e+01	
 7.7348e+01	
 7.7554e+01	
 7.7217e+01	
 7.7269e+01	
 7.7327e+01	
 7.7250e+01	
 7.7430e+01	
 7.7200e+01	
 7.7021e+01	
 7.7303e+01	
 7.7440e+01	
 7.7286e+01	
 7.7499e+01	
 7.7255e+01	
 7.7277e+01	
 7.7375e+01	
 7.7350e+01	
 7.7416e+01	
 7.7241e+01	
 7.7224e+01	
 7.7396e+01	
 7.7209e+01	
 7.7322e+01	
 7.7305e+01	
 7.7348e+01	
 7.7339e+01	
 7.7184e+01	
 7.7318e+01	
 7.7389e+01	
 7.7236e+01	
 7.7247e+01	
 7.7103e+01	
 7.7279e+01	
 7.7310e+01	
 7.7239e+01	
 7.7535e+01	
 7.7302e+01	
 7.7231e+01	
 7.7139e+01	
 7.7318e+01	
 7.7248e+01	
 7.7057e+01	
 7.7390e+01	
 7.7243e+01	
 7.7445e+01	
 7.7249e+01	
 7.7186e+01	
 7.7612e+01	
 7.7535e+01	
 7.7225e+01	
 7.7308e+01	
 7.7504e+01	
 7.7274e+01	
 7.7332e+01	
 7.7349e+01	
 7.7449e+01	
 7.7289e+01	
 7.7315e+01	
 7.7233e+01	
 7.7327e+01	
 7.7491e+01	
 7.7209e+01	
 7.7208e+01	
 7.7428e+01	
 7.7360e+01	
 7.7405e+01	
 7.7442e+01	
 7.7420e+01	
 7.7364e+01	
 7.7324e+01	
 7.7409e+01	
 7.7446e+01	
 7.7335e+01	
 7.7089e+01	
 7.7241e+01	
 7.7527e+01	
 7.7267e+01	
 7.7263e+01	
 7.7456e+01	
 7.7471e+01	
 7.7255e+01	
 7.7091e+01	
 7.7221e+01	
 7.7355e+01	
 7.7265e+01	
 7.7392e+01	
 7.7158e+01	
 7.7428e+01	
 7.7430e+01	
 7.7239e+01	
 7.7300e+01	
 7.7257e+01	
 7.7349e+01	
 7.7251e+01	
 7.7255e+01	
 7.7262e+01	
 7.7349e+01	
 7.7265e+01	
 7.7358e+01	
 7.7192e+01	
 7.7361e+01	
 7.7328e+01	
 7.7259e+01	
 7.7295e+01	
 7.7106e+01	
 7.7293e+01	
 7.7328e+01	
 7.7340e+01	
 7.7369e+01	
 7.7312e+01	
 7.7275e+01	
 7.7405e+01	
 7.7581e+01	
 7.7312e+01	
 7.7365e+01	
 7.7237e+01	
 7.7331e+01	
 7.7418e+01	
 7.7285e+01	
 7.7429e+01	
 7.7355e+01	
 7.7313e+01	
 7.7291e+01	
 7.7161e+01	
 7.7372e+01	
 7.7179e+01	
 7.7222e+01	
 7.7524e+01	
 7.7287e+01	
 7.7274e+01	
 7.7306e+01	
 7.7225e+01	
 7.7438e+01	
 7.7270e+01	
 7.7300e+01	
 7.7392e+01	
 7.7304e+01	
 7.7435e+01	
 7.7314e+01	
 7.7451e+01	
 7.7225e+01	
 7.7398e+01	
 7.7160e+01	
 7.7325e+01	
 7.7291e+01	
 7.7261e+01	
 7.7379e+01	
 7.7406e+01	
 7.7320e+01	
 7.7390e+01	
 7.7390e+01	
 7.7671e+01	
 7.7226e+01	
 7.7412e+01	
 7.7290e+01	
 7.7292e+01	
 7.7155e+01	
 7.7370e+01	
 7.7243e+01	
 7.7348e+01	
 7.7289e+01	
 7.7192e+01	
 7.7405e+01	
 7.7447e+01	
 7.6807e+01	
 7.7376e+01	
 7.7099e+01	
 7.7375e+01	
 7.7238e+01	
 7.7235e+01	
 7.7369e+01	
 7.7330e+01	
 7.7335e+01	
 7.7292e+01	
 7.7351e+01	
 7.7102e+01	
 7.7368e+01	
 7.7577e+01	
 7.7288e+01	
 7.7359e+01	
 7.7449e+01	
 7.7430e+01	
 7.7421e+01	
 7.7412e+01	
 7.7291e+01	
 7.7234e+01	
 7.7295e+01	
 7.7307e+01	
 7.7308e+01	
 7.7329e+01	
 7.7474e+01	
 7.7449e+01	
 7.7221e+01	
 7.7291e+01	
 7.7303e+01	
 7.7177e+01	
 7.7244e+01	
 7.7431e+01	
 7.7323e+01	
 7.7393e+01	
 7.7406e+01	
 7.7185e+01	
 7.7224e+01	
 7.7189e+01	
 7.7543e+01	
 7.7299e+01	
 7.7349e+01	
 7.7577e+01	
 7.7174e+01	
 7.7300e+01	
 7.7165e+01	
 7.7387e+01	
 7.7181e+01	
 7.7251e+01	
 7.7289e+01	
 7.7378e+01	
 7.7522e+01	
 7.7468e+01	
 7.7445e+01	
 7.7209e+01	
 7.7363e+01	
 7.7197e+01	
 7.7402e+01	
 7.7274e+01	
 7.7360e+01	
 7.7228e+01	
 7.7051e+01	
 7.7358e+01	
 7.7375e+01	
 7.7604e+01	
 7.7325e+01	
 7.7280e+01	
 7.7384e+01	
 7.7414e+01	
 7.7436e+01	
 7.7339e+01	
 7.7094e+01	
 7.7318e+01	
 7.7364e+01	
 7.7340e+01	
 7.7124e+01	
 7.7263e+01	
 7.7178e+01	
 7.7270e+01	
 7.7394e+01	
 7.7272e+01	
 7.7196e+01	
 7.7457e+01	
 7.7315e+01	
 7.7263e+01	
 7.7316e+01	
 7.7363e+01	
 7.7239e+01	
 7.7217e+01	
 7.7229e+01	
 7.7212e+01	
 7.7312e+01	
 7.7303e+01	
 7.7362e+01	
 7.7110e+01	
 7.7500e+01	
 7.7297e+01	
 7.7254e+01	
 7.7418e+01	
 7.7325e+01	
 7.7266e+01	
 7.7331e+01	
 7.7189e+01	
 7.7434e+01	
 7.7437e+01	
 7.7389e+01	
 7.7292e+01	
 7.7337e+01	
 7.7369e+01	
 7.7455e+01	
 7.7368e+01	
 7.7451e+01	
 7.7559e+01	
 7.7349e+01	
 7.7104e+01	
 7.7372e+01	
 7.7482e+01	
 7.7128e+01	
 7.7341e+01	
 7.7312e+01	
 7.7279e+01	
 7.7351e+01	
 7.7505e+01	
 7.7322e+01	
 7.7042e+01	
 7.7328e+01	
 7.7264e+01	
 7.7190e+01	
 7.7369e+01	
 7.6816e+01	
 7.7200e+01	
 7.7367e+01	
 7.7364e+01	
 7.7347e+01	
 7.7447e+01	
 7.7357e+01	
 7.7153e+01	
 7.7383e+01	
 7.7280e+01	
 7.7216e+01	
 7.7375e+01	
 7.7355e+01	
 7.6896e+01	
 7.7440e+01	
 7.7294e+01	
 7.7383e+01	
 7.7446e+01	
 7.7228e+01	
 7.7257e+01	
 7.7229e+01	
 7.7420e+01	
 7.7416e+01	
 7.7269e+01	
 7.7393e+01	
 7.7352e+01	
 7.7028e+01	
 7.7498e+01	
 7.7235e+01	
 7.7299e+01	
 7.7340e+01	
 7.7310e+01	
 7.7451e+01	
 7.7208e+01	
 7.7319e+01	
 7.7450e+01	
 7.7141e+01	
 7.7148e+01	
 7.7472e+01	
 7.8906e+01	
 7.7312e+01	
 7.7194e+01	
 7.7482e+01	
 7.7221e+01	
 7.7265e+01	
 7.7162e+01	
 7.7278e+01	
 7.7238e+01	
 7.7285e+01	
 7.7367e+01	
 7.7445e+01	
 7.7240e+01	
 7.7344e+01	
 7.7251e+01	
 7.7291e+01	
 7.7500e+01	
 7.7492e+01	
 7.7013e+01	
 7.7186e+01	
 7.7304e+01	
 7.7377e+01	
 7.7246e+01	
 7.7355e+01	
 7.7364e+01	
 7.7363e+01	
 7.7440e+01	
 7.7225e+01	
 7.7138e+01	
 7.7192e+01	
 7.7148e+01	
 7.7418e+01	
 7.7307e+01	
 7.7178e+01	
 7.7437e+01	
 7.7157e+01	
 7.7263e+01	
 7.7189e+01	
 7.7176e+01	
 7.7387e+01	
 7.7235e+01	
 7.7400e+01	
 7.7205e+01	
 7.7278e+01	
 7.7215e+01	
 7.7369e+01	
 7.7219e+01	
 7.7250e+01	
 7.7342e+01	
 7.7284e+01	
 7.7220e+01	
 7.7462e+01	
 7.7420e+01	
 7.7379e+01	
 7.7201e+01	
 7.7316e+01	
 7.7369e+01	
 7.7209e+01	
 7.7286e+01	
 7.7288e+01	
 7.7308e+01	
 7.7451e+01	
 7.7319e+01	
 7.7141e+01	
 7.7289e+01	
 7.7609e+01	
 7.7323e+01	
 7.7524e+01	
 7.7349e+01	
 7.7284e+01	
 7.7394e+01	
 7.7327e+01	
 7.7325e+01	
 7.7140e+01	
 7.7347e+01	
 7.7360e+01	
 7.7163e+01	
 7.7118e+01	
 7.7575e+01	
 7.7093e+01	
 7.7430e+01	
 7.7303e+01	
 7.7335e+01	
 7.7374e+01	
 7.7310e+01	
 7.7287e+01	
 7.7229e+01	
 7.7205e+01	
 7.7447e+01	
 7.7375e+01	
 7.7473e+01	
 7.7801e+01	
 7.7309e+01	
 7.7223e+01	
 7.7331e+01	
 7.7215e+01	
 7.7279e+01	
 7.7407e+01	
 7.7343e+01	
 7.7279e+01	
 7.7388e+01	
 7.7161e+01	
 7.7262e+01	
 7.7323e+01	
 7.7252e+01	
 7.7214e+01	
 7.7499e+01	
 7.7320e+01	
 7.7330e+01	
 7.7306e+01	
 7.7198e+01	
 7.7451e+01	
 7.7339e+01	
 7.7265e+01	
 7.7231e+01	
 7.7307e+01	
 7.7288e+01	
 7.7108e+01	
 7.7251e+01	
 7.7416e+01	
 7.7368e+01	
 7.7292e+01	
 7.7069e+01	
 7.7236e+01	
 7.7323e+01	
 7.7348e+01	
 7.7335e+01	
 7.7342e+01	
 7.7254e+01	
 7.7244e+01	
 7.7120e+01	
 7.7345e+01	
 7.7483e+01	
 7.7314e+01	
 7.7255e+01	
 7.7158e+01	
 7.7482e+01	
 7.7465e+01	
 7.7288e+01	
 7.7261e+01	
 7.7290e+01	
 7.7352e+01	
 7.7232e+01	
 7.7670e+01	
 7.7357e+01	
 7.7373e+01	
 7.7381e+01	
 7.7286e+01	
 7.7288e+01	
 7.7476e+01	
 7.7165e+01	
 7.7361e+01	
 7.7292e+01	
 7.7374e+01	
 7.7336e+01	
 7.7268e+01	
 7.7546e+01	
 7.7265e+01	
 7.7104e+01	
 7.7447e+01	
 7.7386e+01	
 7.7355e+01	
 7.7385e+01	
 7.7116e+01	
 7.7121e+01	
 7.7321e+01	
 7.7323e+01	
 7.7220e+01	
 7.7457e+01	
 7.7539e+01	
 7.7374e+01	
 7.7196e+01	
 7.7416e+01	
 7.7253e+01	
 7.7294e+01	
 7.7295e+01	
 7.7239e+01	
 7.7337e+01	
 7.7389e+01	
 7.7253e+01	
 7.7398e+01	
 7.7214e+01	
 7.7292e+01	
 7.7161e+01	
 7.7284e+01	
 7.7411e+01	
 7.7318e+01	
 7.7266e+01	
 7.7339e+01	
 7.7323e+01	
 7.7345e+01	
 7.7238e+01	
 7.7335e+01	
 7.7343e+01	
 7.7495e+01	
 7.7255e+01	
 7.7255e+01	
 7.7259e+01	
 7.7372e+01	
 7.7381e+01	
 7.7290e+01	
 7.7231e+01	
 7.7323e+01	
 7.7346e+01	
 7.7302e+01	
 7.7057e+01	
 7.7353e+01	
 7.7422e+01	
 7.7497e+01	
 7.7142e+01	
 7.7448e+01	
 7.7396e+01	
 7.7442e+01	
 7.7315e+01	
 7.7362e+01	
 7.7343e+01	
 7.7303e+01	
 7.7196e+01	
 7.7308e+01	
 7.7266e+01	
 7.7258e+01	
 7.7340e+01	
 7.7313e+01	
 7.7369e+01	
 7.7363e+01	
 7.7230e+01	
 7.7328e+01	
 7.7319e+01	
 7.7265e+01	
 7.7389e+01	
 7.7242e+01	
 7.7181e+01	
 7.7467e+01	
 7.7389e+01	
 7.7543e+01	
 7.7327e+01	
 7.7287e+01	
 7.7414e+01	
 7.7286e+01	
 7.7327e+01	
 7.7304e+01	
 7.7478e+01	
 7.7388e+01	
 7.7406e+01	
 7.7230e+01	
 7.7387e+01	
 7.7291e+01	
 7.7446e+01	
 7.7290e+01	
 7.7248e+01	
 7.7444e+01	
 7.7367e+01	
 7.7358e+01	
 7.7400e+01	
 7.7282e+01	
 7.7313e+01	
 7.7235e+01	
 7.7311e+01	
 7.7354e+01	
 7.7126e+01	
 7.7335e+01	
 7.7483e+01	
 7.7210e+01	
